#
# There is insufficient memory for the Java Runtime Environment to continue.
# Native memory allocation (mmap) failed to map 47185920 bytes for committing reserved memory.
# Possible reasons:
#   The system is out of physical RAM or swap space
#   In 32 bit mode, the process size limit was hit
# Possible solutions:
#   Reduce memory load on the system
#   Increase physical memory or swap space
#   Check if swap backing store is full
#   Use 64 bit Java on a 64 bit OS
#   Decrease Java heap size (-Xmx/-Xms)
#   Decrease number of Java threads
#   Decrease Java thread stack sizes (-Xss)
#   Set larger code cache with -XX:ReservedCodeCacheSize=
# This output file may be truncated or incomplete.
#
#  Out of Memory Error (os_linux.cpp:2640), pid=9047, tid=0x00007ff61c51c700
#
# JRE version: Java(TM) SE Runtime Environment (8.0_144-b01) (build 1.8.0_144-b01)
# Java VM: Java HotSpot(TM) 64-Bit Server VM (25.144-b01 mixed mode linux-amd64 compressed oops)
# Failed to write core dump. Core dumps have been disabled. To enable core dumping, try "ulimit -c unlimited" before starting Java again
#

---------------  T H R E A D  ---------------

Current thread (0x00007ff62c073800):  VMThread [stack: 0x00007ff61c41c000,0x00007ff61c51d000] [id=9051]

Stack: [0x00007ff61c41c000,0x00007ff61c51d000],  sp=0x00007ff61c51b0a0,  free space=1020k
Native frames: (J=compiled Java code, j=interpreted, Vv=VM code, C=native code)
V  [libjvm.so+0xacb18a]  VMError::report_and_die()+0x2ba
V  [libjvm.so+0x4ff4db]  report_vm_out_of_memory(char const*, int, unsigned long, VMErrorType, char const*)+0x8b
V  [libjvm.so+0x927d23]  os::Linux::commit_memory_impl(char*, unsigned long, bool)+0x103
V  [libjvm.so+0x928279]  os::pd_commit_memory(char*, unsigned long, unsigned long, bool)+0x29
V  [libjvm.so+0x92249a]  os::commit_memory(char*, unsigned long, unsigned long, bool)+0x2a
V  [libjvm.so+0x996ff3]  PSVirtualSpace::expand_by(unsigned long)+0x53
V  [libjvm.so+0x9983f8]  PSYoungGen::resize_generation(unsigned long, unsigned long)+0xf8
V  [libjvm.so+0x997552]  PSYoungGen::resize(unsigned long, unsigned long)+0x22
V  [libjvm.so+0x99482b]  PSScavenge::invoke_no_policy()+0xf3b
V  [libjvm.so+0x994fb1]  PSScavenge::invoke()+0x41
V  [libjvm.so+0x94bce0]  ParallelScavengeHeap::failed_mem_allocate(unsigned long)+0x70
V  [libjvm.so+0xaccba7]  VM_ParallelGCFailedAllocation::doit()+0x97
V  [libjvm.so+0xad4685]  VM_Operation::evaluate()+0x55
V  [libjvm.so+0xad2a5a]  VMThread::evaluate_operation(VM_Operation*)+0xba
V  [libjvm.so+0xad2dde]  VMThread::loop()+0x1ce
V  [libjvm.so+0xad3250]  VMThread::run()+0x70
V  [libjvm.so+0x92a338]  java_start(Thread*)+0x108

VM_Operation (0x00007ff6350f1170): ParallelGCFailedAllocation, mode: safepoint, requested by thread 0x00007ff62c00a000


---------------  P R O C E S S  ---------------

Java Threads: ( => current thread )
  0x00007ff62c0d4800 JavaThread "Service Thread" daemon [_thread_blocked, id=9057, stack(0x00007ff60fb26000,0x00007ff60fc27000)]
  0x00007ff62c0b8000 JavaThread "C1 CompilerThread1" daemon [_thread_blocked, id=9056, stack(0x00007ff60fc27000,0x00007ff60fd28000)]
  0x00007ff62c0b5000 JavaThread "C2 CompilerThread0" daemon [_thread_blocked, id=9055, stack(0x00007ff61c018000,0x00007ff61c119000)]
  0x00007ff62c0b3800 JavaThread "Signal Dispatcher" daemon [_thread_blocked, id=9054, stack(0x00007ff61c119000,0x00007ff61c21a000)]
  0x00007ff62c080000 JavaThread "Finalizer" daemon [_thread_blocked, id=9053, stack(0x00007ff61c21a000,0x00007ff61c31b000)]
  0x00007ff62c07b800 JavaThread "Reference Handler" daemon [_thread_blocked, id=9052, stack(0x00007ff61c31b000,0x00007ff61c41c000)]
  0x00007ff62c00a000 JavaThread "main" [_thread_blocked, id=9048, stack(0x00007ff634ff4000,0x00007ff6350f5000)]

Other Threads:
=>0x00007ff62c073800 VMThread [stack: 0x00007ff61c41c000,0x00007ff61c51d000] [id=9051]
  0x00007ff62c0d8000 WatcherThread [stack: 0x00007ff60fa25000,0x00007ff60fb26000] [id=9058]

VM state:at safepoint (normal execution)

VM Mutex/Monitor currently owned by a thread:  ([mutex/lock_event])
[0x00007ff62c006370] Threads_lock - owner thread: 0x00007ff62c073800
[0x00007ff62c006870] Heap_lock - owner thread: 0x00007ff62c00a000

Heap:
 PSYoungGen      total 93184K, used 8992K [0x00000000f5b00000, 0x00000000fbf80000, 0x0000000100000000)
  eden space 83968K, 0% used [0x00000000f5b00000,0x00000000f5b00000,0x00000000fad00000)
  from space 9216K, 97% used [0x00000000fad00000,0x00000000fb5c82d8,0x00000000fb600000)
  to   space 8704K, 0% used [0x00000000fb600000,0x00000000fb600000,0x00000000fbe80000)
 ParOldGen       total 30720K, used 15822K [0x00000000e1000000, 0x00000000e2e00000, 0x00000000f5b00000)
  object space 30720K, 51% used [0x00000000e1000000,0x00000000e1f738e8,0x00000000e2e00000)
 Metaspace       used 22723K, capacity 23118K, committed 23296K, reserved 1069056K
  class space    used 2664K, capacity 2773K, committed 2816K, reserved 1048576K

Card table byte_map: [0x00007ff631c93000,0x00007ff631d8c000] byte_map_base: 0x00007ff63158b000

Marking Bits: (ParMarkBitMap*) 0x00007ff6344bcdc0
 Begin Bits: [0x00007ff630b11000, 0x00007ff6312d1000)
 End Bits:   [0x00007ff6312d1000, 0x00007ff631a91000)

Polling page: 0x00007ff63510f000

CodeCache: size=245760Kb used=11347Kb max_used=12000Kb free=234412Kb
 bounds [0x00007ff61d000000, 0x00007ff61dbd0000, 0x00007ff62c000000]
 total_blobs=4322 nmethods=3945 adapters=289
 compilation: enabled

Compilation events (10 events):
Event: 7.503 Thread 0x00007ff62c0b8000 nmethod 4135 0x00007ff61d1334d0 code [0x00007ff61d133660, 0x00007ff61d133948]
Event: 7.504 Thread 0x00007ff62c0b8000 4136       3       com.sun.tools.javac.code.Attribute$Compound::getElemPair (48 bytes)
Event: 7.504 Thread 0x00007ff62c0b8000 nmethod 4136 0x00007ff61d338a10 code [0x00007ff61d338be0, 0x00007ff61d339458]
Event: 7.506 Thread 0x00007ff62c0b8000 4137       3       com.sun.tools.javac.code.Symtab::enterClass (19 bytes)
Event: 24.306 Thread 0x00007ff62c0b8000 nmethod 4137 0x00007ff61d187e50 code [0x00007ff61d188040, 0x00007ff61d1888b8]
Event: 24.381 Thread 0x00007ff62c0b8000 4139       3       com.sun.tools.javac.util.Context::put (67 bytes)
Event: 24.440 Thread 0x00007ff62c0b8000 nmethod 4139 0x00007ff61d2ee9d0 code [0x00007ff61d2eebc0, 0x00007ff61d2ef418]
Event: 24.440 Thread 0x00007ff62c0b8000 4140       3       java.io.File::equals (30 bytes)
Event: 24.470 Thread 0x00007ff62c0b8000 nmethod 4140 0x00007ff61d29c550 code [0x00007ff61d29c700, 0x00007ff61d29ccc8]
Event: 24.470 Thread 0x00007ff62c0b8000 4141       3       com.sun.tools.javac.tree.JCTree$Visitor::visitImport (6 bytes)

GC Heap History (10 events):
Event: 4.020 GC heap after
Heap after GC invocations=9 (full 0):
 PSYoungGen      total 37888K, used 5096K [0x00000000f5b00000, 0x00000000f9a80000, 0x0000000100000000)
  eden space 32768K, 0% used [0x00000000f5b00000,0x00000000f5b00000,0x00000000f7b00000)
  from space 5120K, 99% used [0x00000000f7b00000,0x00000000f7ffa140,0x00000000f8000000)
  to   space 6144K, 0% used [0x00000000f9480000,0x00000000f9480000,0x00000000f9a80000)
 ParOldGen       total 22016K, used 8646K [0x00000000e1000000, 0x00000000e2580000, 0x00000000f5b00000)
  object space 22016K, 39% used [0x00000000e1000000,0x00000000e1871868,0x00000000e2580000)
 Metaspace       used 15879K, capacity 16216K, committed 16384K, reserved 1062912K
  class space    used 1922K, capacity 2016K, committed 2048K, reserved 1048576K
}
Event: 4.456 GC heap before
{Heap before GC invocations=10 (full 0):
 PSYoungGen      total 37888K, used 37864K [0x00000000f5b00000, 0x00000000f9a80000, 0x0000000100000000)
  eden space 32768K, 100% used [0x00000000f5b00000,0x00000000f7b00000,0x00000000f7b00000)
  from space 5120K, 99% used [0x00000000f7b00000,0x00000000f7ffa140,0x00000000f8000000)
  to   space 6144K, 0% used [0x00000000f9480000,0x00000000f9480000,0x00000000f9a80000)
 ParOldGen       total 22016K, used 8646K [0x00000000e1000000, 0x00000000e2580000, 0x00000000f5b00000)
  object space 22016K, 39% used [0x00000000e1000000,0x00000000e1871868,0x00000000e2580000)
 Metaspace       used 17479K, capacity 17834K, committed 18176K, reserved 1064960K
  class space    used 2096K, capacity 2193K, committed 2304K, reserved 1048576K
Event: 4.474 GC heap after
Heap after GC invocations=10 (full 0):
 PSYoungGen      total 58880K, used 3795K [0x00000000f5b00000, 0x00000000f9a80000, 0x0000000100000000)
  eden space 52736K, 0% used [0x00000000f5b00000,0x00000000f5b00000,0x00000000f8e80000)
  from space 6144K, 61% used [0x00000000f9480000,0x00000000f9834d18,0x00000000f9a80000)
  to   space 6144K, 0% used [0x00000000f8e80000,0x00000000f8e80000,0x00000000f9480000)
 ParOldGen       total 22016K, used 11372K [0x00000000e1000000, 0x00000000e2580000, 0x00000000f5b00000)
  object space 22016K, 51% used [0x00000000e1000000,0x00000000e1b1b0b8,0x00000000e2580000)
 Metaspace       used 17479K, capacity 17834K, committed 18176K, reserved 1064960K
  class space    used 2096K, capacity 2193K, committed 2304K, reserved 1048576K
}
Event: 4.915 GC heap before
{Heap before GC invocations=11 (full 0):
 PSYoungGen      total 58880K, used 56531K [0x00000000f5b00000, 0x00000000f9a80000, 0x0000000100000000)
  eden space 52736K, 100% used [0x00000000f5b00000,0x00000000f8e80000,0x00000000f8e80000)
  from space 6144K, 61% used [0x00000000f9480000,0x00000000f9834d18,0x00000000f9a80000)
  to   space 6144K, 0% used [0x00000000f8e80000,0x00000000f8e80000,0x00000000f9480000)
 ParOldGen       total 22016K, used 11372K [0x00000000e1000000, 0x00000000e2580000, 0x00000000f5b00000)
  object space 22016K, 51% used [0x00000000e1000000,0x00000000e1b1b0b8,0x00000000e2580000)
 Metaspace       used 20654K, capacity 21066K, committed 21296K, reserved 1069056K
  class space    used 2499K, capacity 2609K, committed 2688K, reserved 1048576K
Event: 4.945 GC heap after
Heap after GC invocations=11 (full 0):
 PSYoungGen      total 58880K, used 6118K [0x00000000f5b00000, 0x00000000fbe80000, 0x0000000100000000)
  eden space 52736K, 0% used [0x00000000f5b00000,0x00000000f5b00000,0x00000000f8e80000)
  from space 6144K, 99% used [0x00000000f8e80000,0x00000000f9479828,0x00000000f9480000)
  to   space 8704K, 0% used [0x00000000fb600000,0x00000000fb600000,0x00000000fbe80000)
 ParOldGen       total 22016K, used 16640K [0x00000000e1000000, 0x00000000e2580000, 0x00000000f5b00000)
  object space 22016K, 75% used [0x00000000e1000000,0x00000000e2040070,0x00000000e2580000)
 Metaspace       used 20654K, capacity 21066K, committed 21296K, reserved 1069056K
  class space    used 2499K, capacity 2609K, committed 2688K, reserved 1048576K
}
Event: 4.972 GC heap before
{Heap before GC invocations=12 (full 0):
 PSYoungGen      total 58880K, used 9306K [0x00000000f5b00000, 0x00000000fbe80000, 0x0000000100000000)
  eden space 52736K, 6% used [0x00000000f5b00000,0x00000000f5e1d1a0,0x00000000f8e80000)
  from space 6144K, 99% used [0x00000000f8e80000,0x00000000f9479828,0x00000000f9480000)
  to   space 8704K, 0% used [0x00000000fb600000,0x00000000fb600000,0x00000000fbe80000)
 ParOldGen       total 22016K, used 16640K [0x00000000e1000000, 0x00000000e2580000, 0x00000000f5b00000)
  object space 22016K, 75% used [0x00000000e1000000,0x00000000e2040070,0x00000000e2580000)
 Metaspace       used 20721K, capacity 21066K, committed 21296K, reserved 1069056K
  class space    used 2505K, capacity 2609K, committed 2688K, reserved 1048576K
Event: 4.998 GC heap after
Heap after GC invocations=12 (full 0):
 PSYoungGen      total 92672K, used 288K [0x00000000f5b00000, 0x00000000fbf80000, 0x0000000100000000)
  eden space 83968K, 0% used [0x00000000f5b00000,0x00000000f5b00000,0x00000000fad00000)
  from space 8704K, 3% used [0x00000000fb600000,0x00000000fb648000,0x00000000fbe80000)
  to   space 9216K, 0% used [0x00000000fad00000,0x00000000fad00000,0x00000000fb600000)
 ParOldGen       total 23040K, used 22732K [0x00000000e1000000, 0x00000000e2680000, 0x00000000f5b00000)
  object space 23040K, 98% used [0x00000000e1000000,0x00000000e2633298,0x00000000e2680000)
 Metaspace       used 20721K, capacity 21066K, committed 21296K, reserved 1069056K
  class space    used 2505K, capacity 2609K, committed 2688K, reserved 1048576K
}
Event: 4.999 GC heap before
{Heap before GC invocations=13 (full 1):
 PSYoungGen      total 92672K, used 288K [0x00000000f5b00000, 0x00000000fbf80000, 0x0000000100000000)
  eden space 83968K, 0% used [0x00000000f5b00000,0x00000000f5b00000,0x00000000fad00000)
  from space 8704K, 3% used [0x00000000fb600000,0x00000000fb648000,0x00000000fbe80000)
  to   space 9216K, 0% used [0x00000000fad00000,0x00000000fad00000,0x00000000fb600000)
 ParOldGen       total 23040K, used 22732K [0x00000000e1000000, 0x00000000e2680000, 0x00000000f5b00000)
  object space 23040K, 98% used [0x00000000e1000000,0x00000000e2633298,0x00000000e2680000)
 Metaspace       used 20721K, capacity 21066K, committed 21296K, reserved 1069056K
  class space    used 2505K, capacity 2609K, committed 2688K, reserved 1048576K
Event: 5.084 GC heap after
Heap after GC invocations=13 (full 1):
 PSYoungGen      total 92672K, used 0K [0x00000000f5b00000, 0x00000000fbf80000, 0x0000000100000000)
  eden space 83968K, 0% used [0x00000000f5b00000,0x00000000f5b00000,0x00000000fad00000)
  from space 8704K, 0% used [0x00000000fb600000,0x00000000fb600000,0x00000000fbe80000)
  to   space 9216K, 0% used [0x00000000fad00000,0x00000000fad00000,0x00000000fb600000)
 ParOldGen       total 30720K, used 15814K [0x00000000e1000000, 0x00000000e2e00000, 0x00000000f5b00000)
  object space 30720K, 51% used [0x00000000e1000000,0x00000000e1f718e8,0x00000000e2e00000)
 Metaspace       used 20721K, capacity 21066K, committed 21296K, reserved 1069056K
  class space    used 2505K, capacity 2609K, committed 2688K, reserved 1048576K
}
Event: 24.510 GC heap before
{Heap before GC invocations=14 (full 1):
 PSYoungGen      total 92672K, used 83968K [0x00000000f5b00000, 0x00000000fbf80000, 0x0000000100000000)
  eden space 83968K, 100% used [0x00000000f5b00000,0x00000000fad00000,0x00000000fad00000)
  from space 8704K, 0% used [0x00000000fb600000,0x00000000fb600000,0x00000000fbe80000)
  to   space 9216K, 0% used [0x00000000fad00000,0x00000000fad00000,0x00000000fb600000)
 ParOldGen       total 30720K, used 15814K [0x00000000e1000000, 0x00000000e2e00000, 0x00000000f5b00000)
  object space 30720K, 51% used [0x00000000e1000000,0x00000000e1f718e8,0x00000000e2e00000)
 Metaspace       used 22723K, capacity 23118K, committed 23296K, reserved 1069056K
  class space    used 2664K, capacity 2773K, committed 2816K, reserved 1048576K

Deoptimization events (10 events):
Event: 5.224 Thread 0x00007ff62c00a000 Uncommon trap: reason=bimorphic action=maybe_recompile pc=0x00007ff61d475710 method=java.lang.ClassLoader.loadClass(Ljava/lang/String;Z)Ljava/lang/Class; @ 38
Event: 5.229 Thread 0x00007ff62c00a000 Uncommon trap: reason=unstable_if action=reinterpret pc=0x00007ff61d230e48 method=sun.misc.URLClassPath$JarLoader.getResource(Ljava/lang/String;Z)Lsun/misc/Resource; @ 62
Event: 5.401 Thread 0x00007ff62c00a000 Uncommon trap: reason=bimorphic action=maybe_recompile pc=0x00007ff61d806bd4 method=java.util.HashMap.putVal(ILjava/lang/Object;Ljava/lang/Object;ZZ)Ljava/lang/Object; @ 253
Event: 5.405 Thread 0x00007ff62c00a000 Uncommon trap: reason=bimorphic action=maybe_recompile pc=0x00007ff61d806bd4 method=java.util.HashMap.putVal(ILjava/lang/Object;Ljava/lang/Object;ZZ)Ljava/lang/Object; @ 253
Event: 5.412 Thread 0x00007ff62c00a000 Uncommon trap: reason=bimorphic action=maybe_recompile pc=0x00007ff61d806bd4 method=java.util.HashMap.putVal(ILjava/lang/Object;Ljava/lang/Object;ZZ)Ljava/lang/Object; @ 253
Event: 5.472 Thread 0x00007ff62c00a000 Uncommon trap: reason=bimorphic action=maybe_recompile pc=0x00007ff61d806bd4 method=java.util.HashMap.putVal(ILjava/lang/Object;Ljava/lang/Object;ZZ)Ljava/lang/Object; @ 253
Event: 5.779 Thread 0x00007ff62c00a000 Uncommon trap: reason=bimorphic action=maybe_recompile pc=0x00007ff61d7e27fc method=java.util.concurrent.ConcurrentHashMap.get(Ljava/lang/Object;)Ljava/lang/Object; @ 149
Event: 5.779 Thread 0x00007ff62c00a000 Uncommon trap: reason=bimorphic action=maybe_recompile pc=0x00007ff61d7e27fc method=java.util.concurrent.ConcurrentHashMap.get(Ljava/lang/Object;)Ljava/lang/Object; @ 149
Event: 5.779 Thread 0x00007ff62c00a000 Uncommon trap: reason=bimorphic action=maybe_recompile pc=0x00007ff61d7e27fc method=java.util.concurrent.ConcurrentHashMap.get(Ljava/lang/Object;)Ljava/lang/Object; @ 149
Event: 5.779 Thread 0x00007ff62c00a000 Uncommon trap: reason=bimorphic action=maybe_recompile pc=0x00007ff61d7e27fc method=java.util.concurrent.ConcurrentHashMap.get(Ljava/lang/Object;)Ljava/lang/Object; @ 149

Internal exceptions (10 events):
Event: 5.231 Thread 0x00007ff62c00a000 Exception <a 'java/security/PrivilegedActionException'> (0x00000000f64b1d88) thrown at [/HUDSON3/workspace/8-2-build-linux-amd64/jdk8u144/9417/hotspot/src/share/vm/prims/jvm.cpp, line 1390]
Event: 5.231 Thread 0x00007ff62c00a000 Exception <a 'java/security/PrivilegedActionException'> (0x00000000f64b2f80) thrown at [/HUDSON3/workspace/8-2-build-linux-amd64/jdk8u144/9417/hotspot/src/share/vm/prims/jvm.cpp, line 1390]
Event: 5.231 Thread 0x00007ff62c00a000 Exception <a 'java/security/PrivilegedActionException'> (0x00000000f64b3378) thrown at [/HUDSON3/workspace/8-2-build-linux-amd64/jdk8u144/9417/hotspot/src/share/vm/prims/jvm.cpp, line 1390]
Event: 5.910 Thread 0x00007ff62c00a000 Exception <a 'java/io/FileNotFoundException'> (0x00000000fa05c6f0) thrown at [/HUDSON3/workspace/8-2-build-linux-amd64/jdk8u144/9417/hotspot/src/share/vm/prims/jni.cpp, line 709]
Event: 5.910 Thread 0x00007ff62c00a000 Exception <a 'java/io/FileNotFoundException'> (0x00000000fa05db10) thrown at [/HUDSON3/workspace/8-2-build-linux-amd64/jdk8u144/9417/hotspot/src/share/vm/prims/jni.cpp, line 709]
Event: 5.911 Thread 0x00007ff62c00a000 Exception <a 'java/io/FileNotFoundException'> (0x00000000fa0aa4a8) thrown at [/HUDSON3/workspace/8-2-build-linux-amd64/jdk8u144/9417/hotspot/src/share/vm/prims/jni.cpp, line 709]
Event: 6.098 Thread 0x00007ff62c00a000 Exception <a 'java/security/PrivilegedActionException'> (0x00000000fa750fa0) thrown at [/HUDSON3/workspace/8-2-build-linux-amd64/jdk8u144/9417/hotspot/src/share/vm/prims/jvm.cpp, line 1390]
Event: 6.155 Thread 0x00007ff62c00a000 Exception <a 'java/security/PrivilegedActionException'> (0x00000000fa751398) thrown at [/HUDSON3/workspace/8-2-build-linux-amd64/jdk8u144/9417/hotspot/src/share/vm/prims/jvm.cpp, line 1390]
Event: 6.265 Thread 0x00007ff62c00a000 Exception <a 'java/security/PrivilegedActionException'> (0x00000000fa752590) thrown at [/HUDSON3/workspace/8-2-build-linux-amd64/jdk8u144/9417/hotspot/src/share/vm/prims/jvm.cpp, line 1390]
Event: 6.378 Thread 0x00007ff62c00a000 Exception <a 'java/security/PrivilegedActionException'> (0x00000000fa752988) thrown at [/HUDSON3/workspace/8-2-build-linux-amd64/jdk8u144/9417/hotspot/src/share/vm/prims/jvm.cpp, line 1390]

Events (10 events):
Event: 7.396 Thread 0x00007ff62c00a000 DEOPT PACKING pc=0x00007ff61d90d47e sp=0x00007ff6350f06d0
Event: 7.397 Thread 0x00007ff62c00a000 DEOPT UNPACKING pc=0x00007ff61d047633 sp=0x00007ff6350f0400 mode 0
Event: 7.403 Thread 0x00007ff62c0b8000 flushing nmethod 0x00007ff61d3b06d0
Event: 7.403 Thread 0x00007ff62c0b8000 flushing nmethod 0x00007ff61d3c3090
Event: 7.403 Thread 0x00007ff62c0b8000 flushing nmethod 0x00007ff61d3cff50
Event: 7.403 Thread 0x00007ff62c0b8000 flushing nmethod 0x00007ff61d3da590
Event: 7.403 Thread 0x00007ff62c0b8000 flushing nmethod 0x00007ff61d409bd0
Event: 7.403 Thread 0x00007ff62c0b8000 flushing nmethod 0x00007ff61d41ce90
Event: 7.404 Thread 0x00007ff62c0b8000 flushing nmethod 0x00007ff61d4efd50
Event: 24.503 Executing VM operation: ParallelGCFailedAllocation


Dynamic libraries:
00400000-00401000 r-xp 00000000 08:01 147997                             /usr/lib/jvm/java-8-oracle/bin/java
00600000-00601000 rw-p 00000000 08:01 147997                             /usr/lib/jvm/java-8-oracle/bin/java
01f37000-01f58000 rw-p 00000000 00:00 0                                  [heap]
e1000000-e2e00000 rw-p 00000000 00:00 0 
e2e00000-f5b00000 ---p 00000000 00:00 0 
f5b00000-fbf80000 rw-p 00000000 00:00 0 
fec80000-100000000 ---p 00000000 00:00 0 
100000000-1002c0000 rw-p 00000000 00:00 0 
1002c0000-140000000 ---p 00000000 00:00 0 
7ff5ec000000-7ff5ec021000 rw-p 00000000 00:00 0 
7ff5ec021000-7ff5f0000000 ---p 00000000 00:00 0 
7ff5f35f4000-7ff5f37f4000 rw-p 00000000 00:00 0 
7ff5f39db000-7ff5f39e5000 r--s 0005c000 08:01 1185541                    /home/student/.m2/repository/jstl/jstl/1.2/jstl-1.2.jar
7ff5f39e5000-7ff5f39ef000 r--s 000e8000 08:01 1185068                    /home/student/.m2/repository/mysql/mysql-connector-java/5.1.39/mysql-connector-java-5.1.39.jar
7ff5f39ef000-7ff5f3bef000 rw-p 00000000 00:00 0 
7ff5f3bef000-7ff5f3def000 rw-p 00000000 00:00 0 
7ff5f3def000-7ff5f3e00000 r-xp 00000000 08:01 148058                     /usr/lib/jvm/java-8-oracle/jre/lib/amd64/libnio.so
7ff5f3e00000-7ff5f3fff000 ---p 00011000 08:01 148058                     /usr/lib/jvm/java-8-oracle/jre/lib/amd64/libnio.so
7ff5f3fff000-7ff5f4000000 rw-p 00010000 08:01 148058                     /usr/lib/jvm/java-8-oracle/jre/lib/amd64/libnio.so
7ff5f4000000-7ff5f4021000 rw-p 00000000 00:00 0 
7ff5f4021000-7ff5f8000000 ---p 00000000 00:00 0 
7ff5f8000000-7ff5f901b000 rw-p 00000000 00:00 0 
7ff5f901b000-7ff5fc000000 ---p 00000000 00:00 0 
7ff5fc000000-7ff5fc021000 rw-p 00000000 00:00 0 
7ff5fc021000-7ff600000000 ---p 00000000 00:00 0 
7ff600000000-7ff60135e000 rw-p 00000000 00:00 0 
7ff60135e000-7ff604000000 ---p 00000000 00:00 0 
7ff604000000-7ff604021000 rw-p 00000000 00:00 0 
7ff604021000-7ff608000000 ---p 00000000 00:00 0 
7ff608000000-7ff608021000 rw-p 00000000 00:00 0 
7ff608021000-7ff60c000000 ---p 00000000 00:00 0 
7ff60c006000-7ff60c009000 r--s 00011000 08:01 1185992                    /home/student/.m2/repository/org/junit/platform/junit-platform-commons/1.3.1/junit-platform-commons-1.3.1.jar
7ff60c009000-7ff60c019000 r--s 00085000 08:01 1185517                    /home/student/.m2/repository/com/mchange/mchange-commons-java/0.2.11/mchange-commons-java-0.2.11.jar
7ff60c019000-7ff60c020000 r--s 00073000 08:01 1185539                    /home/student/.m2/repository/com/mchange/c3p0/0.9.5.2/c3p0-0.9.5.2.jar
7ff60c020000-7ff60c021000 r--s 00002000 08:01 1185538                    /home/student/.m2/repository/org/hibernate/hibernate-c3p0/5.2.12.Final/hibernate-c3p0-5.2.12.Final.jar
7ff60c021000-7ff60c024000 r--s 00010000 08:01 1185533                    /home/student/.m2/repository/org/hibernate/common/hibernate-commons-annotations/5.0.1.Final/hibernate-commons-annotations-5.0.1.Final.jar
7ff60c024000-7ff60c029000 r--s 00048000 08:01 1185234                    /home/student/.m2/repository/dom4j/dom4j/1.6.1/dom4j-1.6.1.jar
7ff60c029000-7ff60c02b000 r--s 0000e000 08:01 1185531                    /home/student/.m2/repository/com/fasterxml/classmate/1.3.0/classmate-1.3.0.jar
7ff60c02b000-7ff60c02e000 r--s 0002b000 08:01 1185520                    /home/student/.m2/repository/org/jboss/jandex/2.0.3.Final/jandex-2.0.3.Final.jar
7ff60c02e000-7ff60c02f000 r--s 00006000 08:01 1185516                    /home/student/.m2/repository/org/jboss/spec/javax/transaction/jboss-transaction-api_1.2_spec/1.0.1.Final/jboss-transaction-api_1.2_spec-1.0.1.Final.jar
7ff60c02f000-7ff60c034000 r--s 00068000 08:01 1185248                    /home/student/.m2/repository/antlr/antlr/2.7.7/antlr-2.7.7.jar
7ff60c034000-7ff60c03e000 r--s 000ae000 08:01 1185508                    /home/student/.m2/repository/org/javassist/javassist/3.20.0-GA/javassist-3.20.0-GA.jar
7ff60c03e000-7ff60c043000 r--s 00017000 08:01 1185519                    /home/student/.m2/repository/org/hibernate/javax/persistence/hibernate-jpa-2.1-api/1.0.0.Final/hibernate-jpa-2.1-api-1.0.0.Final.jar
7ff60c043000-7ff60c045000 r--s 0000f000 08:01 1185524                    /home/student/.m2/repository/org/jboss/logging/jboss-logging/3.3.0.Final/jboss-logging-3.3.0.Final.jar
7ff60c045000-7ff60c0c2000 r--s 005e3000 08:01 1185521                    /home/student/.m2/repository/org/hibernate/hibernate-core/5.2.12.Final/hibernate-core-5.2.12.Final.jar
7ff60c0c2000-7ff60c0e3000 r--s 00166000 08:01 1185106                    /home/student/.m2/repository/org/apache/logging/log4j/log4j-core/2.10.0/log4j-core-2.10.0.jar
7ff60c0e3000-7ff60c0e9000 r--s 00039000 08:01 1185108                    /home/student/.m2/repository/org/apache/logging/log4j/log4j-api/2.10.0/log4j-api-2.10.0.jar
7ff60c0e9000-7ff60c10b000 r--s 00120000 08:01 1180519                    /home/student/.m2/repository/javax/javaee-web-api/7.0/javaee-web-api-7.0.jar
7ff60c10b000-7ff60c10d000 r--s 0000c000 08:01 1185501                    /home/student/.m2/repository/org/junit/vintage/junit-vintage-engine/4.12.0/junit-vintage-engine-4.12.0.jar
7ff60c10d000-7ff60c10f000 r--s 00002000 08:01 1185514                    /home/student/.m2/repository/org/junit/platform/junit-platform-suite-api/1.0.0/junit-platform-suite-api-1.0.0.jar
7ff60c10f000-7ff60c111000 r--s 0000c000 08:01 1185506                    /home/student/.m2/repository/org/junit/platform/junit-platform-launcher/1.0.0/junit-platform-launcher-1.0.0.jar
7ff60c111000-7ff60c112000 r--s 00004000 08:01 1185505                    /home/student/.m2/repository/org/junit/platform/junit-platform-runner/1.0.0/junit-platform-runner-1.0.0.jar
7ff60c112000-7ff60c114000 r--s 00009000 08:01 1180518                    /home/student/.m2/repository/org/hamcrest/hamcrest-core/1.3/hamcrest-core-1.3.jar
7ff60c114000-7ff60c11c000 r--s 00045000 08:01 1180517                    /home/student/.m2/repository/junit/junit/4.12/junit-4.12.jar
7ff60c11c000-7ff60c11f000 r--s 00010000 08:01 1185509                    /home/student/.m2/repository/org/junit/jupiter/junit-jupiter-api/5.0.0/junit-jupiter-api-5.0.0.jar
7ff60c11f000-7ff60c120000 r--s 00001000 08:01 1185513                    /home/student/.m2/repository/org/opentest4j/opentest4j/1.0.0/opentest4j-1.0.0.jar
7ff60c120000-7ff60c123000 r--s 00013000 08:01 1185504                    /home/student/.m2/repository/org/junit/platform/junit-platform-engine/1.0.0/junit-platform-engine-1.0.0.jar
7ff60c123000-7ff60c124000 r--s 00000000 08:01 1185526                    /home/student/.m2/repository/org/apiguardian/apiguardian-api/1.0.0/apiguardian-api-1.0.0.jar
7ff60c124000-7ff60c127000 r--s 0001a000 08:01 1185499                    /home/student/.m2/repository/org/junit/jupiter/junit-jupiter-engine/5.0.0/junit-jupiter-engine-5.0.0.jar
7ff60c127000-7ff60c1a1000 r--s 010f7000 08:01 147219                     /usr/lib/jvm/java-8-oracle/lib/tools.jar
7ff60c1a1000-7ff60c1a2000 r--s 00004000 08:01 694167                     /home/student/.m2/repository/org/codehaus/plexus/plexus-compiler-javac/2.8.2/plexus-compiler-javac-2.8.2.jar
7ff60c1a2000-7ff60c1a4000 r--s 00000000 08:01 694164                     /home/student/.m2/repository/org/codehaus/plexus/plexus-compiler-manager/2.8.2/plexus-compiler-manager-2.8.2.jar
7ff60c1a4000-7ff60c1a6000 r--s 00005000 08:01 924957                     /home/student/.m2/repository/org/codehaus/plexus/plexus-compiler-api/2.8.2/plexus-compiler-api-2.8.2.jar
7ff60c1a6000-7ff60c1ac000 r--s 00047000 08:01 531667                     /home/student/.m2/repository/com/thoughtworks/qdox/qdox/2.0-M7/qdox-2.0-M7.jar
7ff60c1ac000-7ff60c1ad000 r--s 0000d000 08:01 1185371                    /home/student/.m2/repository/org/ow2/asm/asm/6.0_BETA/asm-6.0_BETA.jar
7ff60c1ad000-7ff60c1af000 r--s 00006000 08:01 924955                     /home/student/.m2/repository/org/codehaus/plexus/plexus-java/0.9.2/plexus-java-0.9.2.jar
7ff60c1af000-7ff60c1b1000 r--s 00002000 08:01 544132                     /home/student/.m2/repository/org/apache/maven/shared/maven-shared-incremental/1.1/maven-shared-incremental-1.1.jar
7ff60c1b1000-7ff60c1b5000 r--s 0002f000 08:01 1185332                    /home/student/.m2/repository/commons-io/commons-io/2.5/commons-io-2.5.jar
7ff60c1b5000-7ff60c1b8000 r--s 00025000 08:01 531665                     /home/student/.m2/repository/org/apache/maven/shared/maven-shared-utils/3.1.0/maven-shared-utils-3.1.0.jar
7ff60c1b8000-7ff60c1ba000 r--s 00002000 08:01 1180979                    /home/student/.m2/repository/org/sonatype/plexus/plexus-cipher/1.4/plexus-cipher-1.4.jar
7ff60c1ba000-7ff60c1bb000 r--s 00006000 08:01 1180978                    /home/student/.m2/repository/org/sonatype/plexus/plexus-sec-dispatcher/1.3/plexus-sec-dispatcher-1.3.jar
7ff60c1bb000-7ff60c1bd000 r--s 00000000 08:01 924915                     /home/student/.m2/repository/org/codehaus/plexus/plexus-component-annotations/1.6/plexus-component-annotations-1.6.jar
7ff60c1bd000-7ff60c1bf000 r--s 0000d000 08:01 838760                     /home/student/.m2/repository/org/codehaus/plexus/plexus-interpolation/1.14/plexus-interpolation-1.14.jar
7ff60c1bf000-7ff60c1c3000 r--s 00017000 08:01 1180972                    /home/student/.m2/repository/org/sonatype/aether/aether-util/1.7/aether-util-1.7.jar
7ff60c1c3000-7ff60c1c7000 r--s 00033000 08:01 1059058                    /home/student/.m2/repository/org/codehaus/plexus/plexus-utils/2.0.4/plexus-utils-2.0.4.jar
7ff60c1c7000-7ff60c1d2000 r--s 00069000 08:01 1180976                    /home/student/.m2/repository/org/sonatype/sisu/sisu-guice/2.1.7/sisu-guice-2.1.7-noaop.jar
7ff60c1d2000-7ff60c1d7000 r--s 00021000 08:01 1180973                    /home/student/.m2/repository/org/sonatype/sisu/sisu-inject-bean/1.4.2/sisu-inject-bean-1.4.2.jar
7ff60c1d7000-7ff60c1d9000 r--s 0000d000 08:01 531657                     /home/student/.m2/repository/org/apache/maven/plugins/maven-compiler-plugin/3.7.0/maven-compiler-plugin-3.7.0.jar
7ff60c1d9000-7ff60c1db000 r--s 0000d000 08:01 835748                     /home/student/.m2/repository/org/codehaus/plexus/plexus-interpolation/1.13/plexus-interpolation-1.13.jar
7ff60c1db000-7ff60c1dc000 r--s 00001000 08:01 1180592                    /home/student/.m2/repository/org/sonatype/plexus/plexus-build-api/0.0.4/plexus-build-api-0.0.4.jar
7ff60c1dc000-7ff60c1de000 r--s 00009000 08:01 544110                     /home/student/.m2/repository/org/apache/maven/shared/maven-filtering/1.1/maven-filtering-1.1.jar
7ff60c1de000-7ff60c1e2000 r--s 00033000 08:01 1063997                    /home/student/.m2/repository/org/codehaus/plexus/plexus-utils/2.0.5/plexus-utils-2.0.5.jar
7ff60c1e2000-7ff60c1e5000 r--s 0001b000 08:01 1180590                    /home/student/.m2/repository/junit/junit/3.8.1/junit-3.8.1.jar
7ff60c1e5000-7ff60c1e7000 r--s 00002000 08:01 940193                     /home/student/.m2/repository/org/codehaus/plexus/plexus-interactivity-api/1.0-alpha-4/plexus-interactivity-api-1.0-alpha-4.jar
7ff60c1e7000-7ff60c1e9000 r--s 00006000 08:01 1180589                    /home/student/.m2/repository/commons-cli/commons-cli/1.0/commons-cli-1.0.jar
7ff60c1e9000-7ff60c1ea000 r--s 00001000 08:01 1063995                    /home/student/.m2/repository/org/apache/maven/doxia/doxia-sink-api/1.0-alpha-7/doxia-sink-api-1.0-alpha-7.jar
7ff60c1ea000-7ff60c1eb000 r--s 00002000 08:01 835746                     /home/student/.m2/repository/org/apache/maven/reporting/maven-reporting-api/2.0.6/maven-reporting-api-2.0.6.jar
7ff60c1eb000-7ff60c1ed000 r--s 00006000 08:01 1184707                    /home/student/.m2/repository/org/apache/maven/plugins/maven-resources-plugin/2.6/maven-resources-plugin-2.6.jar
7ff60c1ed000-7ff60f1ee000 rw-p 00000000 00:00 0 
7ff60f1ee000-7ff60f204000 r-xp 00000000 08:01 148032                     /usr/lib/jvm/java-8-oracle/jre/lib/amd64/libnet.so
7ff60f204000-7ff60f404000 ---p 00016000 08:01 148032                     /usr/lib/jvm/java-8-oracle/jre/lib/amd64/libnet.so
7ff60f404000-7ff60f405000 rw-p 00016000 08:01 148032                     /usr/lib/jvm/java-8-oracle/jre/lib/amd64/libnet.so
7ff60f405000-7ff60f605000 rw-p 00000000 00:00 0 
7ff60f605000-7ff60f60a000 r--s 0009a000 08:01 148019                     /usr/lib/jvm/java-8-oracle/jre/lib/jsse.jar
7ff60f60a000-7ff60f80a000 rw-p 00000000 00:00 0 
7ff60f80a000-7ff60fa0a000 rw-p 00000000 00:00 0 
7ff60fa0a000-7ff60fa0e000 r--s 00027000 08:01 32794                      /home/student/intellij/plugins/maven/lib/maven3/lib/commons-io-2.2.jar
7ff60fa0e000-7ff60fa11000 r--s 0000b000 08:01 32852                      /home/student/intellij/plugins/maven/lib/maven3/lib/wagon-provider-api-2.10.jar
7ff60fa11000-7ff60fa16000 r--s 00041000 08:01 32795                      /home/student/intellij/plugins/maven/lib/maven3/lib/commons-lang-2.6.jar
7ff60fa16000-7ff60fa1e000 r--s 00055000 08:01 32831                      /home/student/intellij/plugins/maven/lib/maven3/lib/org.eclipse.sisu.inject-0.3.2.jar
7ff60fa1e000-7ff60fa25000 r--s 00064000 08:01 32796                      /home/student/intellij/plugins/maven/lib/maven3/lib/commons-lang3-3.4.jar
7ff60fa25000-7ff60fa26000 ---p 00000000 00:00 0 
7ff60fa26000-7ff60fb26000 rw-p 00000000 00:00 0 
7ff60fb26000-7ff60fb29000 ---p 00000000 00:00 0 
7ff60fb29000-7ff60fc27000 rw-p 00000000 00:00 0 
7ff60fc27000-7ff60fc2a000 ---p 00000000 00:00 0 
7ff60fc2a000-7ff60fd28000 rw-p 00000000 00:00 0 
7ff60fd28000-7ff610000000 r--p 00000000 08:01 3330                       /usr/lib/locale/locale-archive
7ff610000000-7ff610021000 rw-p 00000000 00:00 0 
7ff610021000-7ff614000000 ---p 00000000 00:00 0 
7ff614000000-7ff6142c0000 rw-p 00000000 00:00 0 
7ff6142c0000-7ff618000000 ---p 00000000 00:00 0 
7ff618000000-7ff618023000 rw-p 00000000 00:00 0 
7ff618023000-7ff61c000000 ---p 00000000 00:00 0 
7ff61c000000-7ff61c001000 r--s 00003000 08:01 32811                      /home/student/intellij/plugins/maven/lib/maven3/lib/maven-builder-support-3.3.9.jar
7ff61c001000-7ff61c003000 r--s 00006000 08:01 32784                      /home/student/intellij/plugins/maven/lib/maven3/lib/aether-spi-1.0.2.v20150114.jar
7ff61c003000-7ff61c009000 r--s 00041000 08:01 32813                      /home/student/intellij/plugins/maven/lib/maven3/lib/maven-compat-3.3.9.jar
7ff61c009000-7ff61c00b000 r--s 0000a000 08:01 32823                      /home/student/intellij/plugins/maven/lib/maven3/lib/maven-plugin-api-3.3.9.jar
7ff61c00b000-7ff61c00e000 r--s 0000d000 08:01 32838                      /home/student/intellij/plugins/maven/lib/maven3/lib/plexus-interpolation-1.21.jar
7ff61c00e000-7ff61c00f000 r--s 00001000 08:01 32805                      /home/student/intellij/plugins/maven/lib/maven3/lib/jsr250-api-1.0.jar
7ff61c00f000-7ff61c018000 r--s 0005f000 08:01 32801                      /home/student/intellij/plugins/maven/lib/maven3/lib/guice-4.0-no_aop.jar
7ff61c018000-7ff61c01b000 ---p 00000000 00:00 0 
7ff61c01b000-7ff61c119000 rw-p 00000000 00:00 0 
7ff61c119000-7ff61c11c000 ---p 00000000 00:00 0 
7ff61c11c000-7ff61c21a000 rw-p 00000000 00:00 0 
7ff61c21a000-7ff61c21d000 ---p 00000000 00:00 0 
7ff61c21d000-7ff61c31b000 rw-p 00000000 00:00 0 
7ff61c31b000-7ff61c31e000 ---p 00000000 00:00 0 
7ff61c31e000-7ff61c41c000 rw-p 00000000 00:00 0 
7ff61c41c000-7ff61c41d000 ---p 00000000 00:00 0 
7ff61c41d000-7ff61ce26000 rw-p 00000000 00:00 0 
7ff61ce26000-7ff61d000000 r--s 03d4d000 08:01 148024                     /usr/lib/jvm/java-8-oracle/jre/lib/rt.jar
7ff61d000000-7ff61dbd0000 rwxp 00000000 00:00 0 
7ff61dbd0000-7ff62c000000 ---p 00000000 00:00 0 
7ff62c000000-7ff62cded000 rw-p 00000000 00:00 0 
7ff62cded000-7ff630000000 ---p 00000000 00:00 0 
7ff630000000-7ff630006000 r--s 00042000 08:01 32803                      /home/student/intellij/plugins/maven/lib/maven3/lib/jsoup-1.7.2.jar
7ff630006000-7ff630007000 r--s 00002000 08:01 32846                      /home/student/intellij/plugins/maven/lib/maven3/lib/wagon-file-2.10.jar
7ff630007000-7ff630008000 r--s 0000a000 08:01 32827                      /home/student/intellij/plugins/maven/lib/maven3/lib/maven-settings-3.3.9.jar
7ff630008000-7ff63000c000 r--s 00038000 08:01 32841                      /home/student/intellij/plugins/maven/lib/maven3/lib/plexus-utils-3.0.22.jar
7ff63000c000-7ff630010000 r--s 00027000 08:01 32782                      /home/student/intellij/plugins/maven/lib/maven3/lib/aether-impl-1.0.2.v20150114.jar
7ff630010000-7ff630011000 r--s 00000000 08:01 32802                      /home/student/intellij/plugins/maven/lib/maven3/lib/javax.inject-1.jar
7ff630011000-7ff630013000 r--s 00009000 08:01 32793                      /home/student/intellij/plugins/maven/lib/maven3/lib/commons-cli-1.2.jar
7ff630013000-7ff630041000 r--s 001fa000 08:01 32848                      /home/student/intellij/plugins/maven/lib/maven3/lib/wagon-http-2.10-shaded.jar
7ff630041000-7ff630046000 r--s 00027000 08:01 32820                      /home/student/intellij/plugins/maven/lib/maven3/lib/maven-model-builder-3.3.9.jar
7ff630046000-7ff63004b000 r--s 0001d000 08:01 32778                      /home/student/intellij/plugins/maven/lib/maven3/lib/aether-api-1.0.2.v20150114.jar
7ff63004b000-7ff63004c000 r--s 00008000 08:01 32780                      /home/student/intellij/plugins/maven/lib/maven3/lib/aether-connector-basic-1.0.2.v20150114.jar
7ff63004c000-7ff63004d000 r--s 00006000 08:01 32839                      /home/student/intellij/plugins/maven/lib/maven3/lib/plexus-sec-dispatcher-1.3.jar
7ff63004d000-7ff63004e000 r--s 00002000 08:01 32849                      /home/student/intellij/plugins/maven/lib/maven3/lib/wagon-http-shared-2.10.jar
7ff63004e000-7ff630050000 r--s 0000c000 08:01 32809                      /home/student/intellij/plugins/maven/lib/maven3/lib/maven-artifact-3.3.9.jar
7ff630050000-7ff630052000 r--s 00000000 08:01 32790                      /home/student/intellij/plugins/maven/lib/maven3/lib/aopalliance-1.0.jar
7ff630052000-7ff630054000 r--s 0000f000 08:01 32807                      /home/student/intellij/plugins/maven/lib/maven3/lib/maven-aether-provider-3.3.9.jar
7ff630054000-7ff630056000 r--s 00009000 08:01 32828                      /home/student/intellij/plugins/maven/lib/maven3/lib/maven-settings-builder-3.3.9.jar
7ff630056000-7ff630057000 r--s 00002000 08:01 32844                      /home/student/intellij/plugins/maven/lib/maven3/lib/slf4j-simple-1.7.5.jar
7ff630057000-7ff63005a000 r--s 00008000 08:01 32791                      /home/student/intellij/plugins/maven/lib/maven3/lib/cdi-api-1.0.jar
7ff63005a000-7ff630085000 r--s 001fc000 08:01 32800                      /home/student/intellij/plugins/maven/lib/maven3/lib/guava-18.0.jar
7ff630085000-7ff630089000 r--s 00020000 08:01 32788                      /home/student/intellij/plugins/maven/lib/maven3/lib/aether-util-1.0.2.v20150114.jar
7ff630089000-7ff630096000 r--s 0008f000 08:01 32815                      /home/student/intellij/plugins/maven/lib/maven3/lib/maven-core-3.3.9.jar
7ff630096000-7ff631a91000 rw-p 00000000 00:00 0 
7ff631a91000-7ff631a92000 ---p 00000000 00:00 0 
7ff631a92000-7ff631b92000 rw-p 00000000 00:00 0 
7ff631b92000-7ff631b93000 ---p 00000000 00:00 0 
7ff631b93000-7ff631ca2000 rw-p 00000000 00:00 0 
7ff631ca2000-7ff631d38000 ---p 00000000 00:00 0 
7ff631d38000-7ff631d6b000 rw-p 00000000 00:00 0 
7ff631d6b000-7ff631d8b000 ---p 00000000 00:00 0 
7ff631d8b000-7ff631dbc000 rw-p 00000000 00:00 0 
7ff631dbc000-7ff63214c000 ---p 00000000 00:00 0 
7ff63214c000-7ff632166000 r-xp 00000000 08:01 148056                     /usr/lib/jvm/java-8-oracle/jre/lib/amd64/libzip.so
7ff632166000-7ff632366000 ---p 0001a000 08:01 148056                     /usr/lib/jvm/java-8-oracle/jre/lib/amd64/libzip.so
7ff632366000-7ff632367000 rw-p 0001a000 08:01 148056                     /usr/lib/jvm/java-8-oracle/jre/lib/amd64/libzip.so
7ff632367000-7ff632372000 r-xp 00000000 08:01 923211                     /lib/x86_64-linux-gnu/libnss_files-2.23.so
7ff632372000-7ff632571000 ---p 0000b000 08:01 923211                     /lib/x86_64-linux-gnu/libnss_files-2.23.so
7ff632571000-7ff632572000 r--p 0000a000 08:01 923211                     /lib/x86_64-linux-gnu/libnss_files-2.23.so
7ff632572000-7ff632573000 rw-p 0000b000 08:01 923211                     /lib/x86_64-linux-gnu/libnss_files-2.23.so
7ff632573000-7ff632579000 rw-p 00000000 00:00 0 
7ff632579000-7ff632584000 r-xp 00000000 08:01 923215                     /lib/x86_64-linux-gnu/libnss_nis-2.23.so
7ff632584000-7ff632783000 ---p 0000b000 08:01 923215                     /lib/x86_64-linux-gnu/libnss_nis-2.23.so
7ff632783000-7ff632784000 r--p 0000a000 08:01 923215                     /lib/x86_64-linux-gnu/libnss_nis-2.23.so
7ff632784000-7ff632785000 rw-p 0000b000 08:01 923215                     /lib/x86_64-linux-gnu/libnss_nis-2.23.so
7ff632785000-7ff63279b000 r-xp 00000000 08:01 923195                     /lib/x86_64-linux-gnu/libnsl-2.23.so
7ff63279b000-7ff63299a000 ---p 00016000 08:01 923195                     /lib/x86_64-linux-gnu/libnsl-2.23.so
7ff63299a000-7ff63299b000 r--p 00015000 08:01 923195                     /lib/x86_64-linux-gnu/libnsl-2.23.so
7ff63299b000-7ff63299c000 rw-p 00016000 08:01 923195                     /lib/x86_64-linux-gnu/libnsl-2.23.so
7ff63299c000-7ff63299e000 rw-p 00000000 00:00 0 
7ff63299e000-7ff6329a6000 r-xp 00000000 08:01 923206                     /lib/x86_64-linux-gnu/libnss_compat-2.23.so
7ff6329a6000-7ff632ba5000 ---p 00008000 08:01 923206                     /lib/x86_64-linux-gnu/libnss_compat-2.23.so
7ff632ba5000-7ff632ba6000 r--p 00007000 08:01 923206                     /lib/x86_64-linux-gnu/libnss_compat-2.23.so
7ff632ba6000-7ff632ba7000 rw-p 00008000 08:01 923206                     /lib/x86_64-linux-gnu/libnss_compat-2.23.so
7ff632ba7000-7ff632bd2000 r-xp 00000000 08:01 148083                     /usr/lib/jvm/java-8-oracle/jre/lib/amd64/libjava.so
7ff632bd2000-7ff632dd1000 ---p 0002b000 08:01 148083                     /usr/lib/jvm/java-8-oracle/jre/lib/amd64/libjava.so
7ff632dd1000-7ff632dd3000 rw-p 0002a000 08:01 148083                     /usr/lib/jvm/java-8-oracle/jre/lib/amd64/libjava.so
7ff632dd3000-7ff632de0000 r-xp 00000000 08:01 148033                     /usr/lib/jvm/java-8-oracle/jre/lib/amd64/libverify.so
7ff632de0000-7ff632fe0000 ---p 0000d000 08:01 148033                     /usr/lib/jvm/java-8-oracle/jre/lib/amd64/libverify.so
7ff632fe0000-7ff632fe2000 rw-p 0000d000 08:01 148033                     /usr/lib/jvm/java-8-oracle/jre/lib/amd64/libverify.so
7ff632fe2000-7ff632fe9000 r-xp 00000000 08:01 923216                     /lib/x86_64-linux-gnu/librt-2.23.so
7ff632fe9000-7ff6331e8000 ---p 00007000 08:01 923216                     /lib/x86_64-linux-gnu/librt-2.23.so
7ff6331e8000-7ff6331e9000 r--p 00006000 08:01 923216                     /lib/x86_64-linux-gnu/librt-2.23.so
7ff6331e9000-7ff6331ea000 rw-p 00007000 08:01 923216                     /lib/x86_64-linux-gnu/librt-2.23.so
7ff6331ea000-7ff6332f2000 r-xp 00000000 08:01 923194                     /lib/x86_64-linux-gnu/libm-2.23.so
7ff6332f2000-7ff6334f1000 ---p 00108000 08:01 923194                     /lib/x86_64-linux-gnu/libm-2.23.so
7ff6334f1000-7ff6334f2000 r--p 00107000 08:01 923194                     /lib/x86_64-linux-gnu/libm-2.23.so
7ff6334f2000-7ff6334f3000 rw-p 00108000 08:01 923194                     /lib/x86_64-linux-gnu/libm-2.23.so
7ff6334f3000-7ff6341c6000 r-xp 00000000 08:01 148087                     /usr/lib/jvm/java-8-oracle/jre/lib/amd64/server/libjvm.so
7ff6341c6000-7ff6343c5000 ---p 00cd3000 08:01 148087                     /usr/lib/jvm/java-8-oracle/jre/lib/amd64/server/libjvm.so
7ff6343c5000-7ff63449f000 rw-p 00cd2000 08:01 148087                     /usr/lib/jvm/java-8-oracle/jre/lib/amd64/server/libjvm.so
7ff63449f000-7ff6344ea000 rw-p 00000000 00:00 0 
7ff6344ea000-7ff6346aa000 r-xp 00000000 08:01 923198                     /lib/x86_64-linux-gnu/libc-2.23.so
7ff6346aa000-7ff6348aa000 ---p 001c0000 08:01 923198                     /lib/x86_64-linux-gnu/libc-2.23.so
7ff6348aa000-7ff6348ae000 r--p 001c0000 08:01 923198                     /lib/x86_64-linux-gnu/libc-2.23.so
7ff6348ae000-7ff6348b0000 rw-p 001c4000 08:01 923198                     /lib/x86_64-linux-gnu/libc-2.23.so
7ff6348b0000-7ff6348b4000 rw-p 00000000 00:00 0 
7ff6348b4000-7ff6348b7000 r-xp 00000000 08:01 923200                     /lib/x86_64-linux-gnu/libdl-2.23.so
7ff6348b7000-7ff634ab6000 ---p 00003000 08:01 923200                     /lib/x86_64-linux-gnu/libdl-2.23.so
7ff634ab6000-7ff634ab7000 r--p 00002000 08:01 923200                     /lib/x86_64-linux-gnu/libdl-2.23.so
7ff634ab7000-7ff634ab8000 rw-p 00003000 08:01 923200                     /lib/x86_64-linux-gnu/libdl-2.23.so
7ff634ab8000-7ff634acd000 r-xp 00000000 08:01 147216                     /usr/lib/jvm/java-8-oracle/lib/amd64/jli/libjli.so
7ff634acd000-7ff634ccd000 ---p 00015000 08:01 147216                     /usr/lib/jvm/java-8-oracle/lib/amd64/jli/libjli.so
7ff634ccd000-7ff634cce000 rw-p 00015000 08:01 147216                     /usr/lib/jvm/java-8-oracle/lib/amd64/jli/libjli.so
7ff634cce000-7ff634ce6000 r-xp 00000000 08:01 923197                     /lib/x86_64-linux-gnu/libpthread-2.23.so
7ff634ce6000-7ff634ee5000 ---p 00018000 08:01 923197                     /lib/x86_64-linux-gnu/libpthread-2.23.so
7ff634ee5000-7ff634ee6000 r--p 00017000 08:01 923197                     /lib/x86_64-linux-gnu/libpthread-2.23.so
7ff634ee6000-7ff634ee7000 rw-p 00018000 08:01 923197                     /lib/x86_64-linux-gnu/libpthread-2.23.so
7ff634ee7000-7ff634eeb000 rw-p 00000000 00:00 0 
7ff634eeb000-7ff634f11000 r-xp 00000000 08:01 923196                     /lib/x86_64-linux-gnu/ld-2.23.so
7ff634f11000-7ff634f14000 r--s 00026000 08:01 32819                      /home/student/intellij/plugins/maven/lib/maven3/lib/maven-model-3.3.9.jar
7ff634f14000-7ff634f16000 r--s 00005000 08:01 32786                      /home/student/intellij/plugins/maven/lib/maven3/lib/aether-transport-wagon-1.0.2.v20150114.jar
7ff634f16000-7ff634f18000 r--s 00000000 08:01 32837                      /home/student/intellij/plugins/maven/lib/maven3/lib/plexus-component-annotations-1.6.jar
7ff634f18000-7ff634f19000 r--s 00006000 08:01 32825                      /home/student/intellij/plugins/maven/lib/maven3/lib/maven-repository-metadata-3.3.9.jar
7ff634f19000-7ff634f1b000 r--s 00005000 08:01 32842                      /home/student/intellij/plugins/maven/lib/maven3/lib/slf4j-api-1.7.5.jar
7ff634f1b000-7ff634f1d000 r--s 00002000 08:01 32835                      /home/student/intellij/plugins/maven/lib/maven3/lib/plexus-cipher-1.7.jar
7ff634f1d000-7ff634f23000 r--s 0002d000 08:01 32833                      /home/student/intellij/plugins/maven/lib/maven3/lib/org.eclipse.sisu.plexus-0.3.2.jar
7ff634f23000-7ff634f26000 r--s 00013000 08:01 32817                      /home/student/intellij/plugins/maven/lib/maven3/lib/maven-embedder-3.3.9.jar
7ff634f26000-7ff634f5d000 rw-p 00000000 00:00 0 
7ff634f5d000-7ff634ff4000 ---p 00000000 00:00 0 
7ff634ff4000-7ff634ff7000 ---p 00000000 00:00 0 
7ff634ff7000-7ff6350fa000 rw-p 00000000 00:00 0 
7ff6350fa000-7ff6350fc000 r--s 0000b000 08:01 32771                      /home/student/intellij/plugins/maven/lib/maven3/boot/plexus-classworlds-2.5.2.jar
7ff6350fc000-7ff635106000 rw-p 00000000 00:00 0 
7ff635106000-7ff63510e000 rw-s 00000000 08:01 1050750                    /tmp/hsperfdata_student/9047
7ff63510e000-7ff63510f000 rw-p 00000000 00:00 0 
7ff63510f000-7ff635110000 ---p 00000000 00:00 0 
7ff635110000-7ff635111000 r--p 00025000 08:01 923196                     /lib/x86_64-linux-gnu/ld-2.23.so
7ff635111000-7ff635112000 rw-p 00026000 08:01 923196                     /lib/x86_64-linux-gnu/ld-2.23.so
7ff635112000-7ff635113000 rw-p 00000000 00:00 0 
7ffd0330c000-7ffd0332d000 rw-p 00000000 00:00 0                          [stack]
7ffd033dc000-7ffd033de000 r--p 00000000 00:00 0                          [vvar]
7ffd033de000-7ffd033e0000 r-xp 00000000 00:00 0                          [vdso]
ffffffffff600000-ffffffffff601000 r-xp 00000000 00:00 0                  [vsyscall]

VM Arguments:
jvm_args: -Dmaven.multiModuleProjectDirectory=/home/student/IdeaProjects/HikerWebsiteIndieProject -Dmaven.home=/home/student/intellij/plugins/maven/lib/maven3 -Dclassworlds.conf=/home/student/intellij/plugins/maven/lib/maven3/bin/m2.conf -Dfile.encoding=UTF-8 
java_command: org.codehaus.classworlds.Launcher -Didea.version=2018.2.3 install
java_class_path (initial): /home/student/intellij/plugins/maven/lib/maven3/boot/plexus-classworlds-2.5.2.jar
Launcher Type: SUN_STANDARD

Environment Variables:
JAVA_HOME=/usr/lib/jvm/java-8-oracle
PATH=/home/student/bin:/home/student/.local/bin:/usr/local/sbin:/usr/local/bin:/usr/sbin:/usr/bin:/sbin:/bin:/usr/games:/usr/local/games:/snap/bin:/usr/lib/jvm/java-8-oracle/bin:/usr/lib/jvm/java-8-oracle/db/bin:/usr/lib/jvm/java-8-oracle/jre/bin
SHELL=/bin/bash
DISPLAY=:0

Signal Handlers:
SIGSEGV: [libjvm.so+0xacba10], sa_mask[0]=11111111011111111101111111111110, sa_flags=SA_RESTART|SA_SIGINFO
SIGBUS: [libjvm.so+0xacba10], sa_mask[0]=11111111011111111101111111111110, sa_flags=SA_RESTART|SA_SIGINFO
SIGFPE: [libjvm.so+0x924ba0], sa_mask[0]=11111111011111111101111111111110, sa_flags=SA_RESTART|SA_SIGINFO
SIGPIPE: [libjvm.so+0x924ba0], sa_mask[0]=11111111011111111101111111111110, sa_flags=SA_RESTART|SA_SIGINFO
SIGXFSZ: [libjvm.so+0x924ba0], sa_mask[0]=11111111011111111101111111111110, sa_flags=SA_RESTART|SA_SIGINFO
SIGILL: [libjvm.so+0x924ba0], sa_mask[0]=11111111011111111101111111111110, sa_flags=SA_RESTART|SA_SIGINFO
SIGUSR1: SIG_DFL, sa_mask[0]=00000000000000000000000000000000, sa_flags=none
SIGUSR2: [libjvm.so+0x9263e0], sa_mask[0]=00100000000000000000000000000000, sa_flags=SA_RESTART|SA_SIGINFO
SIGHUP: [libjvm.so+0x9277e0], sa_mask[0]=11111111011111111101111111111110, sa_flags=SA_RESTART|SA_SIGINFO
SIGINT: [libjvm.so+0x9277e0], sa_mask[0]=11111111011111111101111111111110, sa_flags=SA_RESTART|SA_SIGINFO
SIGTERM: [libjvm.so+0x9277e0], sa_mask[0]=11111111011111111101111111111110, sa_flags=SA_RESTART|SA_SIGINFO
SIGQUIT: [libjvm.so+0x9277e0], sa_mask[0]=11111111011111111101111111111110, sa_flags=SA_RESTART|SA_SIGINFO


---------------  S Y S T E M  ---------------

OS:DISTRIB_ID=Ubuntu
DISTRIB_RELEASE=16.04
DISTRIB_CODENAME=xenial
DISTRIB_DESCRIPTION="Ubuntu 16.04.1 LTS"

uname:Linux 4.4.0-57-generic #78-Ubuntu SMP Fri Dec 9 23:50:32 UTC 2016 x86_64
libc:glibc 2.23 NPTL 2.23 
rlimit: STACK 8192k, CORE 0k, NPROC 7773, NOFILE 1048576, AS infinity
load average:17.63 4.25 1.59

/proc/meminfo:
MemTotal:        2030536 kB
MemFree:           67428 kB
MemAvailable:      15764 kB
Buffers:            1328 kB
Cached:            24560 kB
SwapCached:         3792 kB
Active:          1149056 kB
Inactive:         380264 kB
Active(anon):    1143540 kB
Inactive(anon):   368256 kB
Active(file):       5516 kB
Inactive(file):    12008 kB
Unevictable:          48 kB
Mlocked:              48 kB
SwapTotal:       1046524 kB
SwapFree:              0 kB
Dirty:               124 kB
Writeback:             0 kB
AnonPages:       1500032 kB
Mapped:            12004 kB
Shmem:              8264 kB
Slab:              81196 kB
SReclaimable:      29712 kB
SUnreclaim:        51484 kB
KernelStack:       14336 kB
PageTables:        43988 kB
NFS_Unstable:          0 kB
Bounce:                0 kB
WritebackTmp:          0 kB
CommitLimit:     2061792 kB
Committed_AS:    6567428 kB
VmallocTotal:   34359738367 kB
VmallocUsed:           0 kB
VmallocChunk:          0 kB
HardwareCorrupted:     0 kB
AnonHugePages:    395264 kB
CmaTotal:              0 kB
CmaFree:               0 kB
HugePages_Total:       0
HugePages_Free:        0
HugePages_Rsvd:        0
HugePages_Surp:        0
Hugepagesize:       2048 kB
DirectMap4k:      110464 kB
DirectMap2M:     1986560 kB
DirectMap1G:           0 kB


CPU:total 2 (initial active 2) (1 cores per cpu, 1 threads per core) family 6 model 79 stepping 1, cmov, cx8, fxsr, mmx, sse, sse2, sse3, ssse3, sse4.1, sse4.2, popcnt, avx, avx2, aes, clmul, erms, rtm, 3dnowpref, lzcnt, tsc, tscinvbit, bmi1, bmi2, adx

/proc/cpuinfo:
processor	: 0
vendor_id	: GenuineIntel
cpu family	: 6
model		: 79
model name	: Intel(R) Xeon(R) CPU E5-1620 v4 @ 3.50GHz
stepping	: 1
microcode	: 0xb000021
cpu MHz		: 3501.000
cache size	: 10240 KB
physical id	: 0
siblings	: 1
core id		: 0
cpu cores	: 1
apicid		: 0
initial apicid	: 0
fpu		: yes
fpu_exception	: yes
cpuid level	: 20
wp		: yes
flags		: fpu vme de pse tsc msr pae mce cx8 apic sep mtrr pge mca cmov pat pse36 clflush mmx fxsr sse sse2 ss syscall nx pdpe1gb rdtscp lm constant_tsc arch_perfmon nopl xtopology tsc_reliable nonstop_tsc eagerfpu pni pclmulqdq ssse3 fma cx16 pcid sse4_1 sse4_2 x2apic movbe popcnt tsc_deadline_timer aes xsave avx f16c rdrand hypervisor lahf_lm abm 3dnowprefetch fsgsbase tsc_adjust bmi1 hle avx2 smep bmi2 invpcid rtm rdseed adx smap xsaveopt arat
bugs		:
bogomips	: 7002.00
clflush size	: 64
cache_alignment	: 64
address sizes	: 42 bits physical, 48 bits virtual
power management:

processor	: 1
vendor_id	: GenuineIntel
cpu family	: 6
model		: 79
model name	: Intel(R) Xeon(R) CPU E5-1620 v4 @ 3.50GHz
stepping	: 1
microcode	: 0xb000021
cpu MHz		: 3501.000
cache size	: 10240 KB
physical id	: 2
siblings	: 1
core id		: 0
cpu cores	: 1
apicid		: 2
initial apicid	: 2
fpu		: yes
fpu_exception	: yes
cpuid level	: 20
wp		: yes
flags		: fpu vme de pse tsc msr pae mce cx8 apic sep mtrr pge mca cmov pat pse36 clflush mmx fxsr sse sse2 ss syscall nx pdpe1gb rdtscp lm constant_tsc arch_perfmon nopl xtopology tsc_reliable nonstop_tsc eagerfpu pni pclmulqdq ssse3 fma cx16 pcid sse4_1 sse4_2 x2apic movbe popcnt tsc_deadline_timer aes xsave avx f16c rdrand hypervisor lahf_lm abm 3dnowprefetch fsgsbase tsc_adjust bmi1 hle avx2 smep bmi2 invpcid rtm rdseed adx smap xsaveopt arat
bugs		:
bogomips	: 7002.00
clflush size	: 64
cache_alignment	: 64
address sizes	: 42 bits physical, 48 bits virtual
power management:



Memory: 4k page, physical 2030536k(67304k free), swap 1046524k(0k free)

vm_info: Java HotSpot(TM) 64-Bit Server VM (25.144-b01) for linux-amd64 JRE (1.8.0_144-b01), built on Jul 21 2017 21:57:33 by "java_re" with gcc 4.3.0 20080428 (Red Hat 4.3.0-8)

time: Wed Nov  7 19:48:32 2018
elapsed time: 24 seconds (0d 0h 0m 24s)

