#
# There is insufficient memory for the Java Runtime Environment to continue.
# Native memory allocation (mmap) failed to map 44040192 bytes for committing reserved memory.
# Possible reasons:
#   The system is out of physical RAM or swap space
#   In 32 bit mode, the process size limit was hit
# Possible solutions:
#   Reduce memory load on the system
#   Increase physical memory or swap space
#   Check if swap backing store is full
#   Use 64 bit Java on a 64 bit OS
#   Decrease Java heap size (-Xmx/-Xms)
#   Decrease number of Java threads
#   Decrease Java thread stack sizes (-Xss)
#   Set larger code cache with -XX:ReservedCodeCacheSize=
# This output file may be truncated or incomplete.
#
#  Out of Memory Error (os_linux.cpp:2640), pid=7638, tid=0x00007f54fc61d700
#
# JRE version: Java(TM) SE Runtime Environment (8.0_144-b01) (build 1.8.0_144-b01)
# Java VM: Java HotSpot(TM) 64-Bit Server VM (25.144-b01 mixed mode linux-amd64 compressed oops)
# Failed to write core dump. Core dumps have been disabled. To enable core dumping, try "ulimit -c unlimited" before starting Java again
#

---------------  T H R E A D  ---------------

Current thread (0x00007f550c0fa800):  VMThread [stack: 0x00007f54fc51d000,0x00007f54fc61e000] [id=7646]

Stack: [0x00007f54fc51d000,0x00007f54fc61e000],  sp=0x00007f54fc61c120,  free space=1020k
Native frames: (J=compiled Java code, j=interpreted, Vv=VM code, C=native code)
V  [libjvm.so+0xacb18a]  VMError::report_and_die()+0x2ba
V  [libjvm.so+0x4ff4db]  report_vm_out_of_memory(char const*, int, unsigned long, VMErrorType, char const*)+0x8b
V  [libjvm.so+0x927d23]  os::Linux::commit_memory_impl(char*, unsigned long, bool)+0x103
V  [libjvm.so+0x928279]  os::pd_commit_memory(char*, unsigned long, unsigned long, bool)+0x29
V  [libjvm.so+0x92249a]  os::commit_memory(char*, unsigned long, unsigned long, bool)+0x2a
V  [libjvm.so+0x996ff3]  PSVirtualSpace::expand_by(unsigned long)+0x53
V  [libjvm.so+0x9983f8]  PSYoungGen::resize_generation(unsigned long, unsigned long)+0xf8
V  [libjvm.so+0x997552]  PSYoungGen::resize(unsigned long, unsigned long)+0x22
V  [libjvm.so+0x99482b]  PSScavenge::invoke_no_policy()+0xf3b
V  [libjvm.so+0x994fb1]  PSScavenge::invoke()+0x41
V  [libjvm.so+0x94bce0]  ParallelScavengeHeap::failed_mem_allocate(unsigned long)+0x70
V  [libjvm.so+0xaccba7]  VM_ParallelGCFailedAllocation::doit()+0x97
V  [libjvm.so+0xad4685]  VM_Operation::evaluate()+0x55
V  [libjvm.so+0xad2a5a]  VMThread::evaluate_operation(VM_Operation*)+0xba
V  [libjvm.so+0xad2dde]  VMThread::loop()+0x1ce
V  [libjvm.so+0xad3250]  VMThread::run()+0x70
V  [libjvm.so+0x92a338]  java_start(Thread*)+0x108

VM_Operation (0x00007f55141bb2f0): ParallelGCFailedAllocation, mode: safepoint, requested by thread 0x00007f550c009800


---------------  P R O C E S S  ---------------

Java Threads: ( => current thread )
  0x00007f550c604800 JavaThread "Abandoned connection cleanup thread" daemon [_thread_blocked, id=7657, stack(0x00007f54f6d2f000,0x00007f54f6e30000)]
  0x00007f550c1b5800 JavaThread "last-ditch-daemon-shutdown-thread-30sec" daemon [_thread_blocked, id=7655, stack(0x00007f54f78f9000,0x00007f54f79fa000)]
  0x00007f550c1a4800 JavaThread "surefire-forkedjvm-command-thread" daemon [_thread_in_native, id=7654, stack(0x00007f54f79fa000,0x00007f54f7afb000)]
  0x00007f550c15b800 JavaThread "Service Thread" daemon [_thread_blocked, id=7652, stack(0x00007f54f7bfc000,0x00007f54f7cfd000)]
  0x00007f550c13e800 JavaThread "C1 CompilerThread1" daemon [_thread_blocked, id=7651, stack(0x00007f54f7cfd000,0x00007f54f7dfe000)]
  0x00007f550c13b800 JavaThread "C2 CompilerThread0" daemon [_thread_blocked, id=7650, stack(0x00007f54f7dfe000,0x00007f54f7eff000)]
  0x00007f550c13a800 JavaThread "Signal Dispatcher" daemon [_thread_blocked, id=7649, stack(0x00007f54f7eff000,0x00007f54f8000000)]
  0x00007f550c107000 JavaThread "Finalizer" daemon [_thread_blocked, id=7648, stack(0x00007f54fc31b000,0x00007f54fc41c000)]
  0x00007f550c102800 JavaThread "Reference Handler" daemon [_thread_blocked, id=7647, stack(0x00007f54fc41c000,0x00007f54fc51d000)]
  0x00007f550c009800 JavaThread "main" [_thread_blocked, id=7643, stack(0x00007f55140c0000,0x00007f55141c1000)]

Other Threads:
=>0x00007f550c0fa800 VMThread [stack: 0x00007f54fc51d000,0x00007f54fc61e000] [id=7646]
  0x00007f550c166800 WatcherThread [stack: 0x00007f54f7afb000,0x00007f54f7bfc000] [id=7653]

VM state:at safepoint (normal execution)

VM Mutex/Monitor currently owned by a thread:  ([mutex/lock_event])
[0x00007f550c006070] Threads_lock - owner thread: 0x00007f550c0fa800
[0x00007f550c006570] Heap_lock - owner thread: 0x00007f550c009800

Heap:
 PSYoungGen      total 35840K, used 992K [0x00000000f5b00000, 0x00000000f7f00000, 0x0000000100000000)
  eden space 34816K, 0% used [0x00000000f5b00000,0x00000000f5b00000,0x00000000f7d00000)
  from space 1024K, 96% used [0x00000000f7d00000,0x00000000f7df8050,0x00000000f7e00000)
  to   space 1024K, 0% used [0x00000000f7e00000,0x00000000f7e00000,0x00000000f7f00000)
 ParOldGen       total 22016K, used 9561K [0x00000000e1000000, 0x00000000e2580000, 0x00000000f5b00000)
  object space 22016K, 43% used [0x00000000e1000000,0x00000000e19564a8,0x00000000e2580000)
 Metaspace       used 16466K, capacity 17154K, committed 17408K, reserved 1064960K
  class space    used 2074K, capacity 2224K, committed 2304K, reserved 1048576K

Card table byte_map: [0x00007f5510d5f000,0x00007f5510e58000] byte_map_base: 0x00007f5510657000

Marking Bits: (ParMarkBitMap*) 0x00007f5513588dc0
 Begin Bits: [0x00007f54f4080000, 0x00007f54f4840000)
 End Bits:   [0x00007f54f4840000, 0x00007f54f5000000)

Polling page: 0x00007f55141db000

CodeCache: size=245760Kb used=4410Kb max_used=4416Kb free=241349Kb
 bounds [0x00007f54fd000000, 0x00007f54fd460000, 0x00007f550c000000]
 total_blobs=1776 nmethods=1327 adapters=362
 compilation: enabled

Compilation events (10 events):
Event: 3.594 Thread 0x00007f550c13e800 nmethod 1323 0x00007f54fd446f10 code [0x00007f54fd447060, 0x00007f54fd447170]
Event: 3.838 Thread 0x00007f550c13e800 1324       3       java.util.regex.Matcher::start (22 bytes)
Event: 3.842 Thread 0x00007f550c13e800 nmethod 1324 0x00007f54fd44a590 code [0x00007f54fd44a700, 0x00007f54fd44a968]
Event: 3.842 Thread 0x00007f550c13b800 1325       4       sun.net.www.ParseUtil::encodePath (336 bytes)
Event: 3.844 Thread 0x00007f550c13e800 1326       3       java.util.regex.Matcher::find (35 bytes)
Event: 3.845 Thread 0x00007f550c13e800 nmethod 1326 0x00007f54fd451f10 code [0x00007f54fd4520c0, 0x00007f54fd452658]
Event: 3.854 Thread 0x00007f550c13e800 1327       3       java.lang.StringBuilder::append (6 bytes)
Event: 3.855 Thread 0x00007f550c13e800 nmethod 1327 0x00007f54fd451a50 code [0x00007f54fd451bc0, 0x00007f54fd451e28]
Event: 3.857 Thread 0x00007f550c13e800 1328       3       java.util.regex.ASCII::isType (15 bytes)
Event: 3.857 Thread 0x00007f550c13e800 nmethod 1328 0x00007f54fd451550 code [0x00007f54fd4516c0, 0x00007f54fd451930]

GC Heap History (9 events):
Event: 0.543 GC heap before
{Heap before GC invocations=1 (full 0):
 PSYoungGen      total 9728K, used 8704K [0x00000000f5b00000, 0x00000000f6580000, 0x0000000100000000)
  eden space 8704K, 100% used [0x00000000f5b00000,0x00000000f6380000,0x00000000f6380000)
  from space 1024K, 0% used [0x00000000f6480000,0x00000000f6480000,0x00000000f6580000)
  to   space 1024K, 0% used [0x00000000f6380000,0x00000000f6380000,0x00000000f6480000)
 ParOldGen       total 22016K, used 0K [0x00000000e1000000, 0x00000000e2580000, 0x00000000f5b00000)
  object space 22016K, 0% used [0x00000000e1000000,0x00000000e1000000,0x00000000e2580000)
 Metaspace       used 5820K, capacity 6116K, committed 6272K, reserved 1056768K
  class space    used 717K, capacity 822K, committed 896K, reserved 1048576K
Event: 0.550 GC heap after
Heap after GC invocations=1 (full 0):
 PSYoungGen      total 9728K, used 1024K [0x00000000f5b00000, 0x00000000f6e00000, 0x0000000100000000)
  eden space 8704K, 0% used [0x00000000f5b00000,0x00000000f5b00000,0x00000000f6380000)
  from space 1024K, 100% used [0x00000000f6380000,0x00000000f6480000,0x00000000f6480000)
  to   space 1024K, 0% used [0x00000000f6d00000,0x00000000f6d00000,0x00000000f6e00000)
 ParOldGen       total 22016K, used 752K [0x00000000e1000000, 0x00000000e2580000, 0x00000000f5b00000)
  object space 22016K, 3% used [0x00000000e1000000,0x00000000e10bc050,0x00000000e2580000)
 Metaspace       used 5820K, capacity 6116K, committed 6272K, reserved 1056768K
  class space    used 717K, capacity 822K, committed 896K, reserved 1048576K
}
Event: 0.821 GC heap before
{Heap before GC invocations=2 (full 0):
 PSYoungGen      total 9728K, used 9728K [0x00000000f5b00000, 0x00000000f6e00000, 0x0000000100000000)
  eden space 8704K, 100% used [0x00000000f5b00000,0x00000000f6380000,0x00000000f6380000)
  from space 1024K, 100% used [0x00000000f6380000,0x00000000f6480000,0x00000000f6480000)
  to   space 1024K, 0% used [0x00000000f6d00000,0x00000000f6d00000,0x00000000f6e00000)
 ParOldGen       total 22016K, used 752K [0x00000000e1000000, 0x00000000e2580000, 0x00000000f5b00000)
  object space 22016K, 3% used [0x00000000e1000000,0x00000000e10bc050,0x00000000e2580000)
 Metaspace       used 7681K, capacity 8296K, committed 8576K, reserved 1056768K
  class space    used 987K, capacity 1120K, committed 1152K, reserved 1048576K
Event: 0.828 GC heap after
Heap after GC invocations=2 (full 0):
 PSYoungGen      total 18432K, used 992K [0x00000000f5b00000, 0x00000000f6e00000, 0x0000000100000000)
  eden space 17408K, 0% used [0x00000000f5b00000,0x00000000f5b00000,0x00000000f6c00000)
  from space 1024K, 96% used [0x00000000f6d00000,0x00000000f6df8020,0x00000000f6e00000)
  to   space 1024K, 0% used [0x00000000f6c00000,0x00000000f6c00000,0x00000000f6d00000)
 ParOldGen       total 22016K, used 1744K [0x00000000e1000000, 0x00000000e2580000, 0x00000000f5b00000)
  object space 22016K, 7% used [0x00000000e1000000,0x00000000e11b4210,0x00000000e2580000)
 Metaspace       used 7681K, capacity 8296K, committed 8576K, reserved 1056768K
  class space    used 987K, capacity 1120K, committed 1152K, reserved 1048576K
}
Event: 1.055 GC heap before
{Heap before GC invocations=3 (full 0):
 PSYoungGen      total 18432K, used 18400K [0x00000000f5b00000, 0x00000000f6e00000, 0x0000000100000000)
  eden space 17408K, 100% used [0x00000000f5b00000,0x00000000f6c00000,0x00000000f6c00000)
  from space 1024K, 96% used [0x00000000f6d00000,0x00000000f6df8020,0x00000000f6e00000)
  to   space 1024K, 0% used [0x00000000f6c00000,0x00000000f6c00000,0x00000000f6d00000)
 ParOldGen       total 22016K, used 1744K [0x00000000e1000000, 0x00000000e2580000, 0x00000000f5b00000)
  object space 22016K, 7% used [0x00000000e1000000,0x00000000e11b4210,0x00000000e2580000)
 Metaspace       used 10254K, capacity 10900K, committed 11264K, reserved 1058816K
  class space    used 1334K, capacity 1474K, committed 1536K, reserved 1048576K
Event: 1.069 GC heap after
Heap after GC invocations=3 (full 0):
 PSYoungGen      total 18432K, used 992K [0x00000000f5b00000, 0x00000000f7f00000, 0x0000000100000000)
  eden space 17408K, 0% used [0x00000000f5b00000,0x00000000f5b00000,0x00000000f6c00000)
  from space 1024K, 96% used [0x00000000f6c00000,0x00000000f6cf8020,0x00000000f6d00000)
  to   space 1024K, 0% used [0x00000000f7e00000,0x00000000f7e00000,0x00000000f7f00000)
 ParOldGen       total 22016K, used 4356K [0x00000000e1000000, 0x00000000e2580000, 0x00000000f5b00000)
  object space 22016K, 19% used [0x00000000e1000000,0x00000000e14412a0,0x00000000e2580000)
 Metaspace       used 10254K, capacity 10900K, committed 11264K, reserved 1058816K
  class space    used 1334K, capacity 1474K, committed 1536K, reserved 1048576K
}
Event: 1.590 GC heap before
{Heap before GC invocations=4 (full 0):
 PSYoungGen      total 18432K, used 18400K [0x00000000f5b00000, 0x00000000f7f00000, 0x0000000100000000)
  eden space 17408K, 100% used [0x00000000f5b00000,0x00000000f6c00000,0x00000000f6c00000)
  from space 1024K, 96% used [0x00000000f6c00000,0x00000000f6cf8020,0x00000000f6d00000)
  to   space 1024K, 0% used [0x00000000f7e00000,0x00000000f7e00000,0x00000000f7f00000)
 ParOldGen       total 22016K, used 4356K [0x00000000e1000000, 0x00000000e2580000, 0x00000000f5b00000)
  object space 22016K, 19% used [0x00000000e1000000,0x00000000e14412a0,0x00000000e2580000)
 Metaspace       used 15018K, capacity 15666K, committed 15872K, reserved 1062912K
  class space    used 1880K, capacity 2028K, committed 2048K, reserved 1048576K
Event: 1.605 GC heap after
Heap after GC invocations=4 (full 0):
 PSYoungGen      total 35840K, used 1008K [0x00000000f5b00000, 0x00000000f7f00000, 0x0000000100000000)
  eden space 34816K, 0% used [0x00000000f5b00000,0x00000000f5b00000,0x00000000f7d00000)
  from space 1024K, 98% used [0x00000000f7e00000,0x00000000f7efc010,0x00000000f7f00000)
  to   space 1024K, 0% used [0x00000000f7d00000,0x00000000f7d00000,0x00000000f7e00000)
 ParOldGen       total 22016K, used 8077K [0x00000000e1000000, 0x00000000e2580000, 0x00000000f5b00000)
  object space 22016K, 36% used [0x00000000e1000000,0x00000000e17e3478,0x00000000e2580000)
 Metaspace       used 15018K, capacity 15666K, committed 15872K, reserved 1062912K
  class space    used 1880K, capacity 2028K, committed 2048K, reserved 1048576K
}
Event: 3.862 GC heap before
{Heap before GC invocations=5 (full 0):
 PSYoungGen      total 35840K, used 35824K [0x00000000f5b00000, 0x00000000f7f00000, 0x0000000100000000)
  eden space 34816K, 100% used [0x00000000f5b00000,0x00000000f7d00000,0x00000000f7d00000)
  from space 1024K, 98% used [0x00000000f7e00000,0x00000000f7efc010,0x00000000f7f00000)
  to   space 1024K, 0% used [0x00000000f7d00000,0x00000000f7d00000,0x00000000f7e00000)
 ParOldGen       total 22016K, used 8077K [0x00000000e1000000, 0x00000000e2580000, 0x00000000f5b00000)
  object space 22016K, 36% used [0x00000000e1000000,0x00000000e17e3478,0x00000000e2580000)
 Metaspace       used 16466K, capacity 17154K, committed 17408K, reserved 1064960K
  class space    used 2074K, capacity 2224K, committed 2304K, reserved 1048576K

Deoptimization events (9 events):
Event: 0.740 Thread 0x00007f550c009800 Uncommon trap: reason=unstable_if action=reinterpret pc=0x00007f54fd2668c0 method=jdk.internal.org.objectweb.asm.Type.getArgumentsAndReturnSizes(Ljava/lang/String;)I @ 88
Event: 1.004 Thread 0x00007f550c009800 Uncommon trap: reason=unstable_if action=reinterpret pc=0x00007f54fd1ad120 method=java.lang.String.replace(CC)Ljava/lang/String; @ 26
Event: 1.106 Thread 0x00007f550c009800 Uncommon trap: reason=unstable_if action=reinterpret pc=0x00007f54fd3169b4 method=sun.misc.MetaIndex.mayContain(Ljava/lang/String;)Z @ 38
Event: 1.129 Thread 0x00007f550c009800 Uncommon trap: reason=range_check action=make_not_entrant pc=0x00007f54fd263640 method=sun.reflect.generics.parser.SignatureParser.current()C @ 34
Event: 1.341 Thread 0x00007f550c009800 Uncommon trap: reason=class_check action=maybe_recompile pc=0x00007f54fd3a1808 method=java.util.HashMap.putVal(ILjava/lang/Object;Ljava/lang/Object;ZZ)Ljava/lang/Object; @ 203
Event: 1.346 Thread 0x00007f550c009800 Uncommon trap: reason=class_check action=maybe_recompile pc=0x00007f54fd3a1808 method=java.util.HashMap.putVal(ILjava/lang/Object;Ljava/lang/Object;ZZ)Ljava/lang/Object; @ 203
Event: 1.373 Thread 0x00007f550c009800 Uncommon trap: reason=unstable_if action=reinterpret pc=0x00007f54fd222650 method=java.lang.AbstractStringBuilder.append(Ljava/lang/String;)Ljava/lang/AbstractStringBuilder; @ 1
Event: 1.377 Thread 0x00007f550c009800 Uncommon trap: reason=unstable_if action=reinterpret pc=0x00007f54fd3453e0 method=sun.nio.cs.UTF_8$Decoder.decode([BII[C)I @ 30
Event: 1.385 Thread 0x00007f550c009800 Uncommon trap: reason=unstable_if action=reinterpret pc=0x00007f54fd331f8c method=sun.net.www.ParseUtil.encodePath(Ljava/lang/String;Z)Ljava/lang/String; @ 109

Internal exceptions (10 events):
Event: 0.631 Thread 0x00007f550c009800 Exception <a 'java/lang/NoSuchMethodError': java.lang.Object.lambda$and$0(Ljava/util/function/Predicate;Ljava/lang/Object;)Z> (0x00000000f5d9f2d0) thrown at [/HUDSON3/workspace/8-2-build-linux-amd64/jdk8u144/9417/hotspot/src/share/vm/interpreter/linkResol
Event: 1.129 Thread 0x00007f550c009800 Exception <a 'java/lang/ArrayIndexOutOfBoundsException': 18> (0x00000000f5e6ceb8) thrown at [/HUDSON3/workspace/8-2-build-linux-amd64/jdk8u144/9417/hotspot/src/share/vm/interpreter/interpreterRuntime.cpp, line 366]
Event: 1.130 Thread 0x00007f550c009800 Exception <a 'java/lang/ArrayIndexOutOfBoundsException': 110> (0x00000000f5e6e5f8) thrown at [/HUDSON3/workspace/8-2-build-linux-amd64/jdk8u144/9417/hotspot/src/share/vm/interpreter/interpreterRuntime.cpp, line 366]
Event: 1.131 Thread 0x00007f550c009800 Exception <a 'java/lang/ArrayIndexOutOfBoundsException': 40> (0x00000000f5e6fa80) thrown at [/HUDSON3/workspace/8-2-build-linux-amd64/jdk8u144/9417/hotspot/src/share/vm/interpreter/interpreterRuntime.cpp, line 366]
Event: 1.132 Thread 0x00007f550c009800 Exception <a 'java/lang/ArrayIndexOutOfBoundsException': 110> (0x00000000f5e718c8) thrown at [/HUDSON3/workspace/8-2-build-linux-amd64/jdk8u144/9417/hotspot/src/share/vm/interpreter/interpreterRuntime.cpp, line 366]
Event: 1.133 Thread 0x00007f550c009800 Exception <a 'java/lang/ArrayIndexOutOfBoundsException': 107> (0x00000000f5e735e0) thrown at [/HUDSON3/workspace/8-2-build-linux-amd64/jdk8u144/9417/hotspot/src/share/vm/interpreter/interpreterRuntime.cpp, line 366]
Event: 1.133 Thread 0x00007f550c009800 Exception <a 'java/lang/ArrayIndexOutOfBoundsException': 90> (0x00000000f5e74e78) thrown at [/HUDSON3/workspace/8-2-build-linux-amd64/jdk8u144/9417/hotspot/src/share/vm/interpreter/interpreterRuntime.cpp, line 366]
Event: 1.134 Thread 0x00007f550c009800 Exception <a 'java/lang/ArrayIndexOutOfBoundsException': 104> (0x00000000f5e767e8) thrown at [/HUDSON3/workspace/8-2-build-linux-amd64/jdk8u144/9417/hotspot/src/share/vm/interpreter/interpreterRuntime.cpp, line 366]
Event: 1.134 Thread 0x00007f550c009800 Exception <a 'java/lang/ArrayIndexOutOfBoundsException': 109> (0x00000000f5e78238) thrown at [/HUDSON3/workspace/8-2-build-linux-amd64/jdk8u144/9417/hotspot/src/share/vm/interpreter/interpreterRuntime.cpp, line 366]
Event: 1.373 Thread 0x00007f550c009800 Implicit null exception at 0x00007f54fd222273 to 0x00007f54fd22263d

Events (10 events):
Event: 3.845 loading class org/hibernate/dialect/H2Dialect done
Event: 3.855 loading class org/hibernate/dialect/HANAColumnStoreDialect
Event: 3.855 loading class org/hibernate/dialect/HANAColumnStoreDialect done
Event: 3.855 loading class org/hibernate/dialect/AbstractHANADialect
Event: 3.855 loading class org/hibernate/dialect/AbstractHANADialect done
Event: 3.857 loading class org/hibernate/dialect/HANARowStoreDialect
Event: 3.857 loading class org/hibernate/dialect/HANARowStoreDialect done
Event: 3.857 loading class org/hibernate/dialect/HSQLDialect
Event: 3.857 loading class org/hibernate/dialect/HSQLDialect done
Event: 3.861 Executing VM operation: ParallelGCFailedAllocation


Dynamic libraries:
00400000-00401000 r-xp 00000000 08:01 267837                             /usr/lib/jvm/java-8-oracle/jre/bin/java
00600000-00601000 rw-p 00000000 08:01 267837                             /usr/lib/jvm/java-8-oracle/jre/bin/java
01767000-01788000 rw-p 00000000 00:00 0                                  [heap]
e1000000-e2580000 rw-p 00000000 00:00 0 
e2580000-f5b00000 ---p 00000000 00:00 0 
f5b00000-f7f00000 rw-p 00000000 00:00 0 
fa900000-100000000 ---p 00000000 00:00 0 
100000000-100240000 rw-p 00000000 00:00 0 
100240000-140000000 ---p 00000000 00:00 0 
7f54c0000000-7f54c0021000 rw-p 00000000 00:00 0 
7f54c0021000-7f54c4000000 ---p 00000000 00:00 0 
7f54c4fff000-7f54c8000000 rw-p 00000000 00:00 0 
7f54c8000000-7f54c8021000 rw-p 00000000 00:00 0 
7f54c8021000-7f54cc000000 ---p 00000000 00:00 0 
7f54cc000000-7f54cc021000 rw-p 00000000 00:00 0 
7f54cc021000-7f54d0000000 ---p 00000000 00:00 0 
7f54d0000000-7f54d0021000 rw-p 00000000 00:00 0 
7f54d0021000-7f54d4000000 ---p 00000000 00:00 0 
7f54d4000000-7f54d4021000 rw-p 00000000 00:00 0 
7f54d4021000-7f54d8000000 ---p 00000000 00:00 0 
7f54d8000000-7f54d81e4000 rw-p 00000000 00:00 0 
7f54d81e4000-7f54dc000000 ---p 00000000 00:00 0 
7f54dc000000-7f54dc458000 rw-p 00000000 00:00 0 
7f54dc458000-7f54e0000000 ---p 00000000 00:00 0 
7f54e0000000-7f54e0021000 rw-p 00000000 00:00 0 
7f54e0021000-7f54e4000000 ---p 00000000 00:00 0 
7f54e4000000-7f54e4021000 rw-p 00000000 00:00 0 
7f54e4021000-7f54e8000000 ---p 00000000 00:00 0 
7f54e8000000-7f54e8290000 rw-p 00000000 00:00 0 
7f54e8290000-7f54ec000000 ---p 00000000 00:00 0 
7f54ec000000-7f54ec021000 rw-p 00000000 00:00 0 
7f54ec021000-7f54f0000000 ---p 00000000 00:00 0 
7f54f0000000-7f54f0024000 rw-p 00000000 00:00 0 
7f54f0024000-7f54f4000000 ---p 00000000 00:00 0 
7f54f4080000-7f54f5000000 rw-p 00000000 00:00 0 
7f54f6925000-7f54f69e5000 rw-p 00000000 00:00 0 
7f54f69e5000-7f54f6b25000 ---p 00000000 00:00 0 
7f54f6b25000-7f54f6b2a000 r--s 0009a000 08:01 148019                     /usr/lib/jvm/java-8-oracle/jre/lib/jsse.jar
7f54f6b2a000-7f54f6b2f000 r--s 002f9000 08:01 148020                     /usr/lib/jvm/java-8-oracle/jre/lib/charsets.jar
7f54f6b2f000-7f54f6d2f000 rw-p 00000000 00:00 0 
7f54f6d2f000-7f54f6d32000 ---p 00000000 00:00 0 
7f54f6d32000-7f54f6e30000 rw-p 00000000 00:00 0 
7f54f6e30000-7f54f6e41000 r-xp 00000000 08:01 148058                     /usr/lib/jvm/java-8-oracle/jre/lib/amd64/libnio.so
7f54f6e41000-7f54f7040000 ---p 00011000 08:01 148058                     /usr/lib/jvm/java-8-oracle/jre/lib/amd64/libnio.so
7f54f7040000-7f54f7041000 rw-p 00010000 08:01 148058                     /usr/lib/jvm/java-8-oracle/jre/lib/amd64/libnio.so
7f54f7041000-7f54f7241000 rw-p 00000000 00:00 0 
7f54f7241000-7f54f725c000 r--s 001d3000 08:01 148201                     /usr/lib/jvm/java-8-oracle/jre/lib/ext/nashorn.jar
7f54f725c000-7f54f7272000 r-xp 00000000 08:01 148032                     /usr/lib/jvm/java-8-oracle/jre/lib/amd64/libnet.so
7f54f7272000-7f54f7472000 ---p 00016000 08:01 148032                     /usr/lib/jvm/java-8-oracle/jre/lib/amd64/libnet.so
7f54f7472000-7f54f7473000 rw-p 00016000 08:01 148032                     /usr/lib/jvm/java-8-oracle/jre/lib/amd64/libnet.so
7f54f7473000-7f54f7673000 rw-p 00000000 00:00 0 
7f54f7673000-7f54f767c000 r-xp 00000000 08:01 148069                     /usr/lib/jvm/java-8-oracle/jre/lib/amd64/libmanagement.so
7f54f767c000-7f54f787b000 ---p 00009000 08:01 148069                     /usr/lib/jvm/java-8-oracle/jre/lib/amd64/libmanagement.so
7f54f787b000-7f54f787c000 rw-p 00008000 08:01 148069                     /usr/lib/jvm/java-8-oracle/jre/lib/amd64/libmanagement.so
7f54f787c000-7f54f78f9000 r--s 005e3000 08:01 1185521                    /home/student/.m2/repository/org/hibernate/hibernate-core/5.2.12.Final/hibernate-core-5.2.12.Final.jar
7f54f78f9000-7f54f78fc000 ---p 00000000 00:00 0 
7f54f78fc000-7f54f79fa000 rw-p 00000000 00:00 0 
7f54f79fa000-7f54f79fd000 ---p 00000000 00:00 0 
7f54f79fd000-7f54f7afb000 rw-p 00000000 00:00 0 
7f54f7afb000-7f54f7afc000 ---p 00000000 00:00 0 
7f54f7afc000-7f54f7bfc000 rw-p 00000000 00:00 0 
7f54f7bfc000-7f54f7bff000 ---p 00000000 00:00 0 
7f54f7bff000-7f54f7cfd000 rw-p 00000000 00:00 0 
7f54f7cfd000-7f54f7d00000 ---p 00000000 00:00 0 
7f54f7d00000-7f54f7dfe000 rw-p 00000000 00:00 0 
7f54f7dfe000-7f54f7e01000 ---p 00000000 00:00 0 
7f54f7e01000-7f54f7eff000 rw-p 00000000 00:00 0 
7f54f7eff000-7f54f7f02000 ---p 00000000 00:00 0 
7f54f7f02000-7f54f8000000 rw-p 00000000 00:00 0 
7f54f8000000-7f54f8021000 rw-p 00000000 00:00 0 
7f54f8021000-7f54fc000000 ---p 00000000 00:00 0 
7f54fc001000-7f54fc002000 r--s 00002000 08:01 838728                     /home/student/.m2/repository/org/apache/maven/reporting/maven-reporting-api/3.0/maven-reporting-api-3.0.jar
7f54fc002000-7f54fc004000 r--s 00009000 08:01 925003                     /home/student/.m2/repository/org/apache/maven/surefire/common-java5/2.19.1/common-java5-2.19.1.jar
7f54fc004000-7f54fc006000 r--s 0000e000 08:01 1185511                    /home/student/.m2/repository/org/junit/platform/junit-platform-commons/1.0.0/junit-platform-commons-1.0.0.jar
7f54fc006000-7f54fc007000 r--s 00003000 08:01 1185549                    /home/student/.m2/repository/org/junit/platform/junit-platform-surefire-provider/1.0.0/junit-platform-surefire-provider-1.0.0.jar
7f54fc007000-7f54fc009000 r--s 00011000 08:01 5792                       /home/student/.m2/repository/org/junit/platform/junit-platform-commons/1.3.2/junit-platform-commons-1.3.2.jar
7f54fc009000-7f54fc013000 r--s 0005c000 08:01 1185541                    /home/student/.m2/repository/jstl/jstl/1.2/jstl-1.2.jar
7f54fc013000-7f54fc01d000 r--s 000e8000 08:01 1185068                    /home/student/.m2/repository/mysql/mysql-connector-java/5.1.39/mysql-connector-java-5.1.39.jar
7f54fc01d000-7f54fc02d000 r--s 00085000 08:01 1185517                    /home/student/.m2/repository/com/mchange/mchange-commons-java/0.2.11/mchange-commons-java-0.2.11.jar
7f54fc02d000-7f54fc034000 r--s 00073000 08:01 1185539                    /home/student/.m2/repository/com/mchange/c3p0/0.9.5.2/c3p0-0.9.5.2.jar
7f54fc034000-7f54fc037000 r--s 00010000 08:01 1185533                    /home/student/.m2/repository/org/hibernate/common/hibernate-commons-annotations/5.0.1.Final/hibernate-commons-annotations-5.0.1.Final.jar
7f54fc037000-7f54fc03c000 r--s 00048000 08:01 1185234                    /home/student/.m2/repository/dom4j/dom4j/1.6.1/dom4j-1.6.1.jar
7f54fc03c000-7f54fc03e000 r--s 0000e000 08:01 1185531                    /home/student/.m2/repository/com/fasterxml/classmate/1.3.0/classmate-1.3.0.jar
7f54fc03e000-7f54fc043000 r--s 00068000 08:01 1185248                    /home/student/.m2/repository/antlr/antlr/2.7.7/antlr-2.7.7.jar
7f54fc043000-7f54fc31b000 r--p 00000000 08:01 3330                       /usr/lib/locale/locale-archive
7f54fc31b000-7f54fc31e000 ---p 00000000 00:00 0 
7f54fc31e000-7f54fc41c000 rw-p 00000000 00:00 0 
7f54fc41c000-7f54fc41f000 ---p 00000000 00:00 0 
7f54fc41f000-7f54fc51d000 rw-p 00000000 00:00 0 
7f54fc51d000-7f54fc51e000 ---p 00000000 00:00 0 
7f54fc51e000-7f54fce26000 rw-p 00000000 00:00 0 
7f54fce26000-7f54fd000000 r--s 03d4d000 08:01 148024                     /usr/lib/jvm/java-8-oracle/jre/lib/rt.jar
7f54fd000000-7f54fd460000 rwxp 00000000 00:00 0 
7f54fd460000-7f550c000000 ---p 00000000 00:00 0 
7f550c000000-7f550c7e6000 rw-p 00000000 00:00 0 
7f550c7e6000-7f5510000000 ---p 00000000 00:00 0 
7f5510000000-7f5510001000 r--s 00002000 08:01 1185538                    /home/student/.m2/repository/org/hibernate/hibernate-c3p0/5.2.12.Final/hibernate-c3p0-5.2.12.Final.jar
7f5510001000-7f5510022000 r--s 00166000 08:01 1185106                    /home/student/.m2/repository/org/apache/logging/log4j/log4j-core/2.10.0/log4j-core-2.10.0.jar
7f5510022000-7f5510044000 r--s 00120000 08:01 1180519                    /home/student/.m2/repository/javax/javaee-web-api/7.0/javaee-web-api-7.0.jar
7f5510044000-7f5510b5d000 rw-p 00000000 00:00 0 
7f5510b5d000-7f5510b5e000 ---p 00000000 00:00 0 
7f5510b5e000-7f5510c5e000 rw-p 00000000 00:00 0 
7f5510c5e000-7f5510c5f000 ---p 00000000 00:00 0 
7f5510c5f000-7f5510d6a000 rw-p 00000000 00:00 0 
7f5510d6a000-7f5510e04000 ---p 00000000 00:00 0 
7f5510e04000-7f5510e17000 rw-p 00000000 00:00 0 
7f5510e17000-7f5510e57000 ---p 00000000 00:00 0 
7f5510e57000-7f5510e6a000 rw-p 00000000 00:00 0 
7f5510e6a000-7f5511218000 ---p 00000000 00:00 0 
7f5511218000-7f5511232000 r-xp 00000000 08:01 148056                     /usr/lib/jvm/java-8-oracle/jre/lib/amd64/libzip.so
7f5511232000-7f5511432000 ---p 0001a000 08:01 148056                     /usr/lib/jvm/java-8-oracle/jre/lib/amd64/libzip.so
7f5511432000-7f5511433000 rw-p 0001a000 08:01 148056                     /usr/lib/jvm/java-8-oracle/jre/lib/amd64/libzip.so
7f5511433000-7f551143e000 r-xp 00000000 08:01 923211                     /lib/x86_64-linux-gnu/libnss_files-2.23.so
7f551143e000-7f551163d000 ---p 0000b000 08:01 923211                     /lib/x86_64-linux-gnu/libnss_files-2.23.so
7f551163d000-7f551163e000 r--p 0000a000 08:01 923211                     /lib/x86_64-linux-gnu/libnss_files-2.23.so
7f551163e000-7f551163f000 rw-p 0000b000 08:01 923211                     /lib/x86_64-linux-gnu/libnss_files-2.23.so
7f551163f000-7f5511645000 rw-p 00000000 00:00 0 
7f5511645000-7f5511650000 r-xp 00000000 08:01 923215                     /lib/x86_64-linux-gnu/libnss_nis-2.23.so
7f5511650000-7f551184f000 ---p 0000b000 08:01 923215                     /lib/x86_64-linux-gnu/libnss_nis-2.23.so
7f551184f000-7f5511850000 r--p 0000a000 08:01 923215                     /lib/x86_64-linux-gnu/libnss_nis-2.23.so
7f5511850000-7f5511851000 rw-p 0000b000 08:01 923215                     /lib/x86_64-linux-gnu/libnss_nis-2.23.so
7f5511851000-7f5511867000 r-xp 00000000 08:01 923195                     /lib/x86_64-linux-gnu/libnsl-2.23.so
7f5511867000-7f5511a66000 ---p 00016000 08:01 923195                     /lib/x86_64-linux-gnu/libnsl-2.23.so
7f5511a66000-7f5511a67000 r--p 00015000 08:01 923195                     /lib/x86_64-linux-gnu/libnsl-2.23.so
7f5511a67000-7f5511a68000 rw-p 00016000 08:01 923195                     /lib/x86_64-linux-gnu/libnsl-2.23.so
7f5511a68000-7f5511a6a000 rw-p 00000000 00:00 0 
7f5511a6a000-7f5511a72000 r-xp 00000000 08:01 923206                     /lib/x86_64-linux-gnu/libnss_compat-2.23.so
7f5511a72000-7f5511c71000 ---p 00008000 08:01 923206                     /lib/x86_64-linux-gnu/libnss_compat-2.23.so
7f5511c71000-7f5511c72000 r--p 00007000 08:01 923206                     /lib/x86_64-linux-gnu/libnss_compat-2.23.so
7f5511c72000-7f5511c73000 rw-p 00008000 08:01 923206                     /lib/x86_64-linux-gnu/libnss_compat-2.23.so
7f5511c73000-7f5511c9e000 r-xp 00000000 08:01 148083                     /usr/lib/jvm/java-8-oracle/jre/lib/amd64/libjava.so
7f5511c9e000-7f5511e9d000 ---p 0002b000 08:01 148083                     /usr/lib/jvm/java-8-oracle/jre/lib/amd64/libjava.so
7f5511e9d000-7f5511e9f000 rw-p 0002a000 08:01 148083                     /usr/lib/jvm/java-8-oracle/jre/lib/amd64/libjava.so
7f5511e9f000-7f5511eac000 r-xp 00000000 08:01 148033                     /usr/lib/jvm/java-8-oracle/jre/lib/amd64/libverify.so
7f5511eac000-7f55120ac000 ---p 0000d000 08:01 148033                     /usr/lib/jvm/java-8-oracle/jre/lib/amd64/libverify.so
7f55120ac000-7f55120ae000 rw-p 0000d000 08:01 148033                     /usr/lib/jvm/java-8-oracle/jre/lib/amd64/libverify.so
7f55120ae000-7f55120b5000 r-xp 00000000 08:01 923216                     /lib/x86_64-linux-gnu/librt-2.23.so
7f55120b5000-7f55122b4000 ---p 00007000 08:01 923216                     /lib/x86_64-linux-gnu/librt-2.23.so
7f55122b4000-7f55122b5000 r--p 00006000 08:01 923216                     /lib/x86_64-linux-gnu/librt-2.23.so
7f55122b5000-7f55122b6000 rw-p 00007000 08:01 923216                     /lib/x86_64-linux-gnu/librt-2.23.so
7f55122b6000-7f55123be000 r-xp 00000000 08:01 923194                     /lib/x86_64-linux-gnu/libm-2.23.so
7f55123be000-7f55125bd000 ---p 00108000 08:01 923194                     /lib/x86_64-linux-gnu/libm-2.23.so
7f55125bd000-7f55125be000 r--p 00107000 08:01 923194                     /lib/x86_64-linux-gnu/libm-2.23.so
7f55125be000-7f55125bf000 rw-p 00108000 08:01 923194                     /lib/x86_64-linux-gnu/libm-2.23.so
7f55125bf000-7f5513292000 r-xp 00000000 08:01 148087                     /usr/lib/jvm/java-8-oracle/jre/lib/amd64/server/libjvm.so
7f5513292000-7f5513491000 ---p 00cd3000 08:01 148087                     /usr/lib/jvm/java-8-oracle/jre/lib/amd64/server/libjvm.so
7f5513491000-7f551356b000 rw-p 00cd2000 08:01 148087                     /usr/lib/jvm/java-8-oracle/jre/lib/amd64/server/libjvm.so
7f551356b000-7f55135b6000 rw-p 00000000 00:00 0 
7f55135b6000-7f5513776000 r-xp 00000000 08:01 923198                     /lib/x86_64-linux-gnu/libc-2.23.so
7f5513776000-7f5513976000 ---p 001c0000 08:01 923198                     /lib/x86_64-linux-gnu/libc-2.23.so
7f5513976000-7f551397a000 r--p 001c0000 08:01 923198                     /lib/x86_64-linux-gnu/libc-2.23.so
7f551397a000-7f551397c000 rw-p 001c4000 08:01 923198                     /lib/x86_64-linux-gnu/libc-2.23.so
7f551397c000-7f5513980000 rw-p 00000000 00:00 0 
7f5513980000-7f5513983000 r-xp 00000000 08:01 923200                     /lib/x86_64-linux-gnu/libdl-2.23.so
7f5513983000-7f5513b82000 ---p 00003000 08:01 923200                     /lib/x86_64-linux-gnu/libdl-2.23.so
7f5513b82000-7f5513b83000 r--p 00002000 08:01 923200                     /lib/x86_64-linux-gnu/libdl-2.23.so
7f5513b83000-7f5513b84000 rw-p 00003000 08:01 923200                     /lib/x86_64-linux-gnu/libdl-2.23.so
7f5513b84000-7f5513b99000 r-xp 00000000 08:01 148072                     /usr/lib/jvm/java-8-oracle/jre/lib/amd64/jli/libjli.so
7f5513b99000-7f5513d99000 ---p 00015000 08:01 148072                     /usr/lib/jvm/java-8-oracle/jre/lib/amd64/jli/libjli.so
7f5513d99000-7f5513d9a000 rw-p 00015000 08:01 148072                     /usr/lib/jvm/java-8-oracle/jre/lib/amd64/jli/libjli.so
7f5513d9a000-7f5513db2000 r-xp 00000000 08:01 923197                     /lib/x86_64-linux-gnu/libpthread-2.23.so
7f5513db2000-7f5513fb1000 ---p 00018000 08:01 923197                     /lib/x86_64-linux-gnu/libpthread-2.23.so
7f5513fb1000-7f5513fb2000 r--p 00017000 08:01 923197                     /lib/x86_64-linux-gnu/libpthread-2.23.so
7f5513fb2000-7f5513fb3000 rw-p 00018000 08:01 923197                     /lib/x86_64-linux-gnu/libpthread-2.23.so
7f5513fb3000-7f5513fb7000 rw-p 00000000 00:00 0 
7f5513fb7000-7f5513fdd000 r-xp 00000000 08:01 923196                     /lib/x86_64-linux-gnu/ld-2.23.so
7f5513fdd000-7f5513fe0000 r--s 0002b000 08:01 1185520                    /home/student/.m2/repository/org/jboss/jandex/2.0.3.Final/jandex-2.0.3.Final.jar
7f5513fe0000-7f5513fe1000 r--s 00006000 08:01 1185516                    /home/student/.m2/repository/org/jboss/spec/javax/transaction/jboss-transaction-api_1.2_spec/1.0.1.Final/jboss-transaction-api_1.2_spec-1.0.1.Final.jar
7f5513fe1000-7f5513feb000 r--s 000ae000 08:01 1185508                    /home/student/.m2/repository/org/javassist/javassist/3.20.0-GA/javassist-3.20.0-GA.jar
7f5513feb000-7f5513ff0000 r--s 00017000 08:01 1185519                    /home/student/.m2/repository/org/hibernate/javax/persistence/hibernate-jpa-2.1-api/1.0.0.Final/hibernate-jpa-2.1-api-1.0.0.Final.jar
7f5513ff0000-7f5513ff2000 r--s 0000f000 08:01 1185524                    /home/student/.m2/repository/org/jboss/logging/jboss-logging/3.3.0.Final/jboss-logging-3.3.0.Final.jar
7f5513ff2000-7f5513ff8000 r--s 00039000 08:01 1185108                    /home/student/.m2/repository/org/apache/logging/log4j/log4j-api/2.10.0/log4j-api-2.10.0.jar
7f5513ff8000-7f5513ffa000 r--s 0000c000 08:01 1185501                    /home/student/.m2/repository/org/junit/vintage/junit-vintage-engine/4.12.0/junit-vintage-engine-4.12.0.jar
7f5513ffa000-7f5513ffc000 r--s 00002000 08:01 1185514                    /home/student/.m2/repository/org/junit/platform/junit-platform-suite-api/1.0.0/junit-platform-suite-api-1.0.0.jar
7f5513ffc000-7f5513ffe000 r--s 0000c000 08:01 1185506                    /home/student/.m2/repository/org/junit/platform/junit-platform-launcher/1.0.0/junit-platform-launcher-1.0.0.jar
7f5513ffe000-7f5513fff000 r--s 00004000 08:01 1185505                    /home/student/.m2/repository/org/junit/platform/junit-platform-runner/1.0.0/junit-platform-runner-1.0.0.jar
7f5513fff000-7f5514001000 r--s 00009000 08:01 1180518                    /home/student/.m2/repository/org/hamcrest/hamcrest-core/1.3/hamcrest-core-1.3.jar
7f5514001000-7f5514009000 r--s 00045000 08:01 1180517                    /home/student/.m2/repository/junit/junit/4.12/junit-4.12.jar
7f5514009000-7f551400c000 r--s 00010000 08:01 1185509                    /home/student/.m2/repository/org/junit/jupiter/junit-jupiter-api/5.0.0/junit-jupiter-api-5.0.0.jar
7f551400c000-7f551400d000 r--s 00001000 08:01 1185513                    /home/student/.m2/repository/org/opentest4j/opentest4j/1.0.0/opentest4j-1.0.0.jar
7f551400d000-7f5514010000 r--s 00013000 08:01 1185504                    /home/student/.m2/repository/org/junit/platform/junit-platform-engine/1.0.0/junit-platform-engine-1.0.0.jar
7f5514010000-7f5514013000 r--s 0001a000 08:01 1185499                    /home/student/.m2/repository/org/junit/jupiter/junit-jupiter-engine/5.0.0/junit-jupiter-engine-5.0.0.jar
7f5514013000-7f5514018000 r--s 0002b000 08:01 925009                     /home/student/.m2/repository/org/apache/maven/surefire/surefire-api/2.19/surefire-api-2.19.jar
7f5514018000-7f551401a000 r--s 00009000 08:01 925007                     /home/student/.m2/repository/org/apache/maven/surefire/surefire-booter/2.19/surefire-booter-2.19.jar
7f551401a000-7f5514025000 rw-p 00000000 00:00 0 
7f5514025000-7f55140c0000 ---p 00000000 00:00 0 
7f55140c0000-7f55140c3000 ---p 00000000 00:00 0 
7f55140c3000-7f55141c6000 rw-p 00000000 00:00 0 
7f55141c6000-7f55141c7000 r--s 00000000 08:01 1185526                    /home/student/.m2/repository/org/apiguardian/apiguardian-api/1.0.0/apiguardian-api-1.0.0.jar
7f55141c7000-7f55141c8000 r--s 00001000 08:01 920575                     /home/student/IdeaProjects/HikerWebsiteIndieProject/target/surefire/surefirebooter5250377062939088220.jar
7f55141c8000-7f55141d2000 rw-p 00000000 00:00 0 
7f55141d2000-7f55141da000 rw-s 00000000 08:01 1048786                    /tmp/hsperfdata_student/7638
7f55141da000-7f55141db000 rw-p 00000000 00:00 0 
7f55141db000-7f55141dc000 ---p 00000000 00:00 0 
7f55141dc000-7f55141dd000 r--p 00025000 08:01 923196                     /lib/x86_64-linux-gnu/ld-2.23.so
7f55141dd000-7f55141de000 rw-p 00026000 08:01 923196                     /lib/x86_64-linux-gnu/ld-2.23.so
7f55141de000-7f55141df000 rw-p 00000000 00:00 0 
7fff748d1000-7fff748f2000 rw-p 00000000 00:00 0                          [stack]
7fff749fa000-7fff749fc000 r--p 00000000 00:00 0                          [vvar]
7fff749fc000-7fff749fe000 r-xp 00000000 00:00 0                          [vdso]
ffffffffff600000-ffffffffff601000 r-xp 00000000 00:00 0                  [vsyscall]

VM Arguments:
java_command: /home/student/IdeaProjects/HikerWebsiteIndieProject/target/surefire/surefirebooter5250377062939088220.jar /home/student/IdeaProjects/HikerWebsiteIndieProject/target/surefire/surefire639206596357407816tmp /home/student/IdeaProjects/HikerWebsiteIndieProject/target/surefire/surefire_08281434603114935736tmp
java_class_path (initial): /home/student/IdeaProjects/HikerWebsiteIndieProject/target/surefire/surefirebooter5250377062939088220.jar
Launcher Type: SUN_STANDARD

Environment Variables:
JAVA_HOME=/usr/lib/jvm/java-8-oracle
PATH=/home/student/bin:/home/student/.local/bin:/usr/local/sbin:/usr/local/bin:/usr/sbin:/usr/bin:/sbin:/bin:/usr/games:/usr/local/games:/snap/bin:/usr/lib/jvm/java-8-oracle/bin:/usr/lib/jvm/java-8-oracle/db/bin:/usr/lib/jvm/java-8-oracle/jre/bin
SHELL=/bin/bash
DISPLAY=:0

Signal Handlers:
SIGSEGV: [libjvm.so+0xacba10], sa_mask[0]=11111111011111111101111111111110, sa_flags=SA_RESTART|SA_SIGINFO
SIGBUS: [libjvm.so+0xacba10], sa_mask[0]=11111111011111111101111111111110, sa_flags=SA_RESTART|SA_SIGINFO
SIGFPE: [libjvm.so+0x924ba0], sa_mask[0]=11111111011111111101111111111110, sa_flags=SA_RESTART|SA_SIGINFO
SIGPIPE: [libjvm.so+0x924ba0], sa_mask[0]=11111111011111111101111111111110, sa_flags=SA_RESTART|SA_SIGINFO
SIGXFSZ: [libjvm.so+0x924ba0], sa_mask[0]=11111111011111111101111111111110, sa_flags=SA_RESTART|SA_SIGINFO
SIGILL: [libjvm.so+0x924ba0], sa_mask[0]=11111111011111111101111111111110, sa_flags=SA_RESTART|SA_SIGINFO
SIGUSR1: SIG_DFL, sa_mask[0]=00000000000000000000000000000000, sa_flags=none
SIGUSR2: [libjvm.so+0x9263e0], sa_mask[0]=00100000000000000000000000000000, sa_flags=SA_RESTART|SA_SIGINFO
SIGHUP: [libjvm.so+0x9277e0], sa_mask[0]=11111111011111111101111111111110, sa_flags=SA_RESTART|SA_SIGINFO
SIGINT: [libjvm.so+0x9277e0], sa_mask[0]=11111111011111111101111111111110, sa_flags=SA_RESTART|SA_SIGINFO
SIGTERM: [libjvm.so+0x9277e0], sa_mask[0]=11111111011111111101111111111110, sa_flags=SA_RESTART|SA_SIGINFO
SIGQUIT: [libjvm.so+0x9277e0], sa_mask[0]=11111111011111111101111111111110, sa_flags=SA_RESTART|SA_SIGINFO


---------------  S Y S T E M  ---------------

OS:DISTRIB_ID=Ubuntu
DISTRIB_RELEASE=16.04
DISTRIB_CODENAME=xenial
DISTRIB_DESCRIPTION="Ubuntu 16.04.1 LTS"

uname:Linux 4.4.0-57-generic #78-Ubuntu SMP Fri Dec 9 23:50:32 UTC 2016 x86_64
libc:glibc 2.23 NPTL 2.23 
rlimit: STACK 8192k, CORE 0k, NPROC 7773, NOFILE 1048576, AS infinity
load average:2.56 5.97 5.80

/proc/meminfo:
MemTotal:        2030536 kB
MemFree:           64748 kB
MemAvailable:       8756 kB
Buffers:             288 kB
Cached:            21400 kB
SwapCached:        17980 kB
Active:          1243736 kB
Inactive:         419552 kB
Active(anon):    1238820 kB
Inactive(anon):   414848 kB
Active(file):       4916 kB
Inactive(file):     4704 kB
Unevictable:          32 kB
Mlocked:              32 kB
SwapTotal:       1046524 kB
SwapFree:              0 kB
Dirty:               140 kB
Writeback:             0 kB
AnonPages:       1624072 kB
Mapped:             7440 kB
Shmem:             11660 kB
Slab:              75620 kB
SReclaimable:      28956 kB
SUnreclaim:        46664 kB
KernelStack:       13680 kB
PageTables:        37780 kB
NFS_Unstable:          0 kB
Bounce:                0 kB
WritebackTmp:          0 kB
CommitLimit:     2061792 kB
Committed_AS:    6120096 kB
VmallocTotal:   34359738367 kB
VmallocUsed:           0 kB
VmallocChunk:          0 kB
HardwareCorrupted:     0 kB
AnonHugePages:    583680 kB
CmaTotal:              0 kB
CmaFree:               0 kB
HugePages_Total:       0
HugePages_Free:        0
HugePages_Rsvd:        0
HugePages_Surp:        0
Hugepagesize:       2048 kB
DirectMap4k:      112512 kB
DirectMap2M:     1984512 kB
DirectMap1G:           0 kB


CPU:total 2 (initial active 2) (1 cores per cpu, 1 threads per core) family 6 model 79 stepping 1, cmov, cx8, fxsr, mmx, sse, sse2, sse3, ssse3, sse4.1, sse4.2, popcnt, avx, avx2, aes, clmul, erms, rtm, 3dnowpref, lzcnt, tsc, tscinvbit, bmi1, bmi2, adx

/proc/cpuinfo:
processor	: 0
vendor_id	: GenuineIntel
cpu family	: 6
model		: 79
model name	: Intel(R) Xeon(R) CPU E5-1620 v4 @ 3.50GHz
stepping	: 1
microcode	: 0xb000021
cpu MHz		: 3501.000
cache size	: 10240 KB
physical id	: 0
siblings	: 1
core id		: 0
cpu cores	: 1
apicid		: 0
initial apicid	: 0
fpu		: yes
fpu_exception	: yes
cpuid level	: 20
wp		: yes
flags		: fpu vme de pse tsc msr pae mce cx8 apic sep mtrr pge mca cmov pat pse36 clflush mmx fxsr sse sse2 ss syscall nx pdpe1gb rdtscp lm constant_tsc arch_perfmon nopl xtopology tsc_reliable nonstop_tsc eagerfpu pni pclmulqdq ssse3 fma cx16 pcid sse4_1 sse4_2 x2apic movbe popcnt tsc_deadline_timer aes xsave avx f16c rdrand hypervisor lahf_lm abm 3dnowprefetch fsgsbase tsc_adjust bmi1 hle avx2 smep bmi2 invpcid rtm rdseed adx smap xsaveopt arat
bugs		:
bogomips	: 7002.00
clflush size	: 64
cache_alignment	: 64
address sizes	: 42 bits physical, 48 bits virtual
power management:

processor	: 1
vendor_id	: GenuineIntel
cpu family	: 6
model		: 79
model name	: Intel(R) Xeon(R) CPU E5-1620 v4 @ 3.50GHz
stepping	: 1
microcode	: 0xb000021
cpu MHz		: 3501.000
cache size	: 10240 KB
physical id	: 2
siblings	: 1
core id		: 0
cpu cores	: 1
apicid		: 2
initial apicid	: 2
fpu		: yes
fpu_exception	: yes
cpuid level	: 20
wp		: yes
flags		: fpu vme de pse tsc msr pae mce cx8 apic sep mtrr pge mca cmov pat pse36 clflush mmx fxsr sse sse2 ss syscall nx pdpe1gb rdtscp lm constant_tsc arch_perfmon nopl xtopology tsc_reliable nonstop_tsc eagerfpu pni pclmulqdq ssse3 fma cx16 pcid sse4_1 sse4_2 x2apic movbe popcnt tsc_deadline_timer aes xsave avx f16c rdrand hypervisor lahf_lm abm 3dnowprefetch fsgsbase tsc_adjust bmi1 hle avx2 smep bmi2 invpcid rtm rdseed adx smap xsaveopt arat
bugs		:
bogomips	: 7002.00
clflush size	: 64
cache_alignment	: 64
address sizes	: 42 bits physical, 48 bits virtual
power management:



Memory: 4k page, physical 2030536k(65000k free), swap 1046524k(0k free)

vm_info: Java HotSpot(TM) 64-Bit Server VM (25.144-b01) for linux-amd64 JRE (1.8.0_144-b01), built on Jul 21 2017 21:57:33 by "java_re" with gcc 4.3.0 20080428 (Red Hat 4.3.0-8)

time: Sun Dec  2 14:55:28 2018
elapsed time: 3 seconds (0d 0h 0m 3s)

