[DEBUG] 2018-10-19 10:41:53.149 [main] IntegratorServiceImpl - Adding Integrator [org.hibernate.cfg.beanvalidation.BeanValidationIntegrator].
[DEBUG] 2018-10-19 10:41:53.155 [main] IntegratorServiceImpl - Adding Integrator [org.hibernate.secure.spi.JaccIntegrator].
[DEBUG] 2018-10-19 10:41:53.159 [main] IntegratorServiceImpl - Adding Integrator [org.hibernate.cache.internal.CollectionCacheInvalidator].
[INFO ] 2018-10-19 10:41:53.269 [main] Version - HHH000412: Hibernate Core {5.2.12.Final}
[INFO ] 2018-10-19 10:41:53.270 [main] Environment - HHH000206: hibernate.properties not found
[DEBUG] 2018-10-19 10:41:53.319 [main] LocalXmlResourceResolver - Interpreting public/system identifier : [-//Hibernate/Hibernate Configuration DTD//EN] - [http://www.hibernate.org/dtd/hibernate-configuration-3.0.dtd]
[DEBUG] 2018-10-19 10:41:53.320 [main] LocalXmlResourceResolver - Recognized hibernate-configuration identifier; attempting to resolve on classpath under org/hibernate/
[DEBUG] 2018-10-19 10:41:53.329 [main] JaxbCfgProcessor - cfg.xml document did not define namespaces; wrapping in custom event reader to introduce namespace information
[DEBUG] 2018-10-19 10:41:53.648 [main] ServiceBinding - Overriding existing service binding [org.hibernate.secure.spi.JaccService]
[DEBUG] 2018-10-19 10:41:53.689 [main] RegionFactoryInitiator - Cache region factory : org.hibernate.cache.internal.NoCachingRegionFactory
[INFO ] 2018-10-19 10:41:53.705 [main] Version - HCANN000001: Hibernate Commons Annotations {5.0.1.Final}
[DEBUG] 2018-10-19 10:41:53.754 [main] BasicTypeRegistry - Adding type registration boolean -> org.hibernate.type.BooleanType@20b2475a
[DEBUG] 2018-10-19 10:41:53.754 [main] BasicTypeRegistry - Adding type registration boolean -> org.hibernate.type.BooleanType@20b2475a
[DEBUG] 2018-10-19 10:41:53.755 [main] BasicTypeRegistry - Adding type registration java.lang.Boolean -> org.hibernate.type.BooleanType@20b2475a
[DEBUG] 2018-10-19 10:41:53.755 [main] BasicTypeRegistry - Adding type registration numeric_boolean -> org.hibernate.type.NumericBooleanType@58e1d9d
[DEBUG] 2018-10-19 10:41:53.756 [main] BasicTypeRegistry - Adding type registration true_false -> org.hibernate.type.TrueFalseType@69504ae9
[DEBUG] 2018-10-19 10:41:53.756 [main] BasicTypeRegistry - Adding type registration yes_no -> org.hibernate.type.YesNoType@1500b2f3
[DEBUG] 2018-10-19 10:41:53.757 [main] BasicTypeRegistry - Adding type registration byte -> org.hibernate.type.ByteType@5276d6ee
[DEBUG] 2018-10-19 10:41:53.757 [main] BasicTypeRegistry - Adding type registration byte -> org.hibernate.type.ByteType@5276d6ee
[DEBUG] 2018-10-19 10:41:53.757 [main] BasicTypeRegistry - Adding type registration java.lang.Byte -> org.hibernate.type.ByteType@5276d6ee
[DEBUG] 2018-10-19 10:41:53.758 [main] BasicTypeRegistry - Adding type registration character -> org.hibernate.type.CharacterType@4dc27487
[DEBUG] 2018-10-19 10:41:53.758 [main] BasicTypeRegistry - Adding type registration char -> org.hibernate.type.CharacterType@4dc27487
[DEBUG] 2018-10-19 10:41:53.758 [main] BasicTypeRegistry - Adding type registration java.lang.Character -> org.hibernate.type.CharacterType@4dc27487
[DEBUG] 2018-10-19 10:41:53.760 [main] BasicTypeRegistry - Adding type registration short -> org.hibernate.type.ShortType@7dfb0c0f
[DEBUG] 2018-10-19 10:41:53.760 [main] BasicTypeRegistry - Adding type registration short -> org.hibernate.type.ShortType@7dfb0c0f
[DEBUG] 2018-10-19 10:41:53.761 [main] BasicTypeRegistry - Adding type registration java.lang.Short -> org.hibernate.type.ShortType@7dfb0c0f
[DEBUG] 2018-10-19 10:41:53.761 [main] BasicTypeRegistry - Adding type registration integer -> org.hibernate.type.IntegerType@d23e042
[DEBUG] 2018-10-19 10:41:53.761 [main] BasicTypeRegistry - Adding type registration int -> org.hibernate.type.IntegerType@d23e042
[DEBUG] 2018-10-19 10:41:53.761 [main] BasicTypeRegistry - Adding type registration java.lang.Integer -> org.hibernate.type.IntegerType@d23e042
[DEBUG] 2018-10-19 10:41:53.764 [main] BasicTypeRegistry - Adding type registration long -> org.hibernate.type.LongType@2254127a
[DEBUG] 2018-10-19 10:41:53.764 [main] BasicTypeRegistry - Adding type registration long -> org.hibernate.type.LongType@2254127a
[DEBUG] 2018-10-19 10:41:53.764 [main] BasicTypeRegistry - Adding type registration java.lang.Long -> org.hibernate.type.LongType@2254127a
[DEBUG] 2018-10-19 10:41:53.765 [main] BasicTypeRegistry - Adding type registration float -> org.hibernate.type.FloatType@41330d4f
[DEBUG] 2018-10-19 10:41:53.765 [main] BasicTypeRegistry - Adding type registration float -> org.hibernate.type.FloatType@41330d4f
[DEBUG] 2018-10-19 10:41:53.765 [main] BasicTypeRegistry - Adding type registration java.lang.Float -> org.hibernate.type.FloatType@41330d4f
[DEBUG] 2018-10-19 10:41:53.767 [main] BasicTypeRegistry - Adding type registration double -> org.hibernate.type.DoubleType@37313c65
[DEBUG] 2018-10-19 10:41:53.767 [main] BasicTypeRegistry - Adding type registration double -> org.hibernate.type.DoubleType@37313c65
[DEBUG] 2018-10-19 10:41:53.767 [main] BasicTypeRegistry - Adding type registration java.lang.Double -> org.hibernate.type.DoubleType@37313c65
[DEBUG] 2018-10-19 10:41:53.771 [main] BasicTypeRegistry - Adding type registration big_decimal -> org.hibernate.type.BigDecimalType@1f9f6368
[DEBUG] 2018-10-19 10:41:53.771 [main] BasicTypeRegistry - Adding type registration java.math.BigDecimal -> org.hibernate.type.BigDecimalType@1f9f6368
[DEBUG] 2018-10-19 10:41:53.776 [main] BasicTypeRegistry - Adding type registration big_integer -> org.hibernate.type.BigIntegerType@69ee81fc
[DEBUG] 2018-10-19 10:41:53.776 [main] BasicTypeRegistry - Adding type registration java.math.BigInteger -> org.hibernate.type.BigIntegerType@69ee81fc
[DEBUG] 2018-10-19 10:41:53.777 [main] BasicTypeRegistry - Adding type registration string -> org.hibernate.type.StringType@29f7cefd
[DEBUG] 2018-10-19 10:41:53.777 [main] BasicTypeRegistry - Adding type registration java.lang.String -> org.hibernate.type.StringType@29f7cefd
[DEBUG] 2018-10-19 10:41:53.797 [main] BasicTypeRegistry - Adding type registration nstring -> org.hibernate.type.StringNVarcharType@13d73f29
[DEBUG] 2018-10-19 10:41:53.816 [main] BasicTypeRegistry - Adding type registration ncharacter -> org.hibernate.type.CharacterNCharType@2fb0623e
[DEBUG] 2018-10-19 10:41:53.817 [main] BasicTypeRegistry - Adding type registration url -> org.hibernate.type.UrlType@311bf055
[DEBUG] 2018-10-19 10:41:53.817 [main] BasicTypeRegistry - Adding type registration java.net.URL -> org.hibernate.type.UrlType@311bf055
[DEBUG] 2018-10-19 10:41:53.837 [main] BasicTypeRegistry - Adding type registration Duration -> org.hibernate.type.DurationType@78452606
[DEBUG] 2018-10-19 10:41:53.838 [main] BasicTypeRegistry - Adding type registration java.time.Duration -> org.hibernate.type.DurationType@78452606
[DEBUG] 2018-10-19 10:41:53.867 [main] BasicTypeRegistry - Adding type registration Instant -> org.hibernate.type.InstantType@5167f57d
[DEBUG] 2018-10-19 10:41:53.867 [main] BasicTypeRegistry - Adding type registration java.time.Instant -> org.hibernate.type.InstantType@5167f57d
[DEBUG] 2018-10-19 10:41:53.868 [main] BasicTypeRegistry - Adding type registration LocalDateTime -> org.hibernate.type.LocalDateTimeType@e3b3b2f
[DEBUG] 2018-10-19 10:41:53.868 [main] BasicTypeRegistry - Adding type registration java.time.LocalDateTime -> org.hibernate.type.LocalDateTimeType@e3b3b2f
[DEBUG] 2018-10-19 10:41:53.870 [main] BasicTypeRegistry - Adding type registration LocalDate -> org.hibernate.type.LocalDateType@32115b28
[DEBUG] 2018-10-19 10:41:53.870 [main] BasicTypeRegistry - Adding type registration java.time.LocalDate -> org.hibernate.type.LocalDateType@32115b28
[DEBUG] 2018-10-19 10:41:53.871 [main] BasicTypeRegistry - Adding type registration LocalTime -> org.hibernate.type.LocalTimeType@3214ee6
[DEBUG] 2018-10-19 10:41:53.871 [main] BasicTypeRegistry - Adding type registration java.time.LocalTime -> org.hibernate.type.LocalTimeType@3214ee6
[DEBUG] 2018-10-19 10:41:53.875 [main] BasicTypeRegistry - Adding type registration OffsetDateTime -> org.hibernate.type.OffsetDateTimeType@2bdd8394
[DEBUG] 2018-10-19 10:41:53.875 [main] BasicTypeRegistry - Adding type registration java.time.OffsetDateTime -> org.hibernate.type.OffsetDateTimeType@2bdd8394
[DEBUG] 2018-10-19 10:41:53.876 [main] BasicTypeRegistry - Adding type registration OffsetTime -> org.hibernate.type.OffsetTimeType@41488b16
[DEBUG] 2018-10-19 10:41:53.877 [main] BasicTypeRegistry - Adding type registration java.time.OffsetTime -> org.hibernate.type.OffsetTimeType@41488b16
[DEBUG] 2018-10-19 10:41:53.879 [main] BasicTypeRegistry - Adding type registration ZonedDateTime -> org.hibernate.type.ZonedDateTimeType@76b07f29
[DEBUG] 2018-10-19 10:41:53.879 [main] BasicTypeRegistry - Adding type registration java.time.ZonedDateTime -> org.hibernate.type.ZonedDateTimeType@76b07f29
[DEBUG] 2018-10-19 10:41:53.883 [main] BasicTypeRegistry - Adding type registration date -> org.hibernate.type.DateType@7d61eb55
[DEBUG] 2018-10-19 10:41:53.884 [main] BasicTypeRegistry - Adding type registration java.sql.Date -> org.hibernate.type.DateType@7d61eb55
[DEBUG] 2018-10-19 10:41:53.885 [main] BasicTypeRegistry - Adding type registration time -> org.hibernate.type.TimeType@4ef74c30
[DEBUG] 2018-10-19 10:41:53.885 [main] BasicTypeRegistry - Adding type registration java.sql.Time -> org.hibernate.type.TimeType@4ef74c30
[DEBUG] 2018-10-19 10:41:53.885 [main] BasicTypeRegistry - Adding type registration timestamp -> org.hibernate.type.TimestampType@536dbea0
[DEBUG] 2018-10-19 10:41:53.885 [main] BasicTypeRegistry - Adding type registration java.sql.Timestamp -> org.hibernate.type.TimestampType@536dbea0
[DEBUG] 2018-10-19 10:41:53.885 [main] BasicTypeRegistry - Adding type registration java.util.Date -> org.hibernate.type.TimestampType@536dbea0
[DEBUG] 2018-10-19 10:41:53.896 [main] BasicTypeRegistry - Adding type registration dbtimestamp -> org.hibernate.type.DbTimestampType@21d03963
[DEBUG] 2018-10-19 10:41:53.897 [main] BasicTypeRegistry - Adding type registration calendar -> org.hibernate.type.CalendarType@33f676f6
[DEBUG] 2018-10-19 10:41:53.897 [main] BasicTypeRegistry - Adding type registration java.util.Calendar -> org.hibernate.type.CalendarType@33f676f6
[DEBUG] 2018-10-19 10:41:53.897 [main] BasicTypeRegistry - Adding type registration java.util.GregorianCalendar -> org.hibernate.type.CalendarType@33f676f6
[DEBUG] 2018-10-19 10:41:53.898 [main] BasicTypeRegistry - Adding type registration calendar_date -> org.hibernate.type.CalendarDateType@3576ddc2
[DEBUG] 2018-10-19 10:41:53.898 [main] BasicTypeRegistry - Adding type registration locale -> org.hibernate.type.LocaleType@747f281
[DEBUG] 2018-10-19 10:41:53.898 [main] BasicTypeRegistry - Adding type registration java.util.Locale -> org.hibernate.type.LocaleType@747f281
[DEBUG] 2018-10-19 10:41:53.899 [main] BasicTypeRegistry - Adding type registration currency -> org.hibernate.type.CurrencyType@2ca923bb
[DEBUG] 2018-10-19 10:41:53.899 [main] BasicTypeRegistry - Adding type registration java.util.Currency -> org.hibernate.type.CurrencyType@2ca923bb
[DEBUG] 2018-10-19 10:41:53.900 [main] BasicTypeRegistry - Adding type registration timezone -> org.hibernate.type.TimeZoneType@7de62196
[DEBUG] 2018-10-19 10:41:53.900 [main] BasicTypeRegistry - Adding type registration java.util.TimeZone -> org.hibernate.type.TimeZoneType@7de62196
[DEBUG] 2018-10-19 10:41:53.900 [main] BasicTypeRegistry - Adding type registration class -> org.hibernate.type.ClassType@389b0789
[DEBUG] 2018-10-19 10:41:53.900 [main] BasicTypeRegistry - Adding type registration java.lang.Class -> org.hibernate.type.ClassType@389b0789
[DEBUG] 2018-10-19 10:41:53.901 [main] BasicTypeRegistry - Adding type registration uuid-binary -> org.hibernate.type.UUIDBinaryType@19b843ba
[DEBUG] 2018-10-19 10:41:53.901 [main] BasicTypeRegistry - Adding type registration java.util.UUID -> org.hibernate.type.UUIDBinaryType@19b843ba
[DEBUG] 2018-10-19 10:41:53.902 [main] BasicTypeRegistry - Adding type registration uuid-char -> org.hibernate.type.UUIDCharType@456d6c1e
[DEBUG] 2018-10-19 10:41:53.902 [main] BasicTypeRegistry - Adding type registration binary -> org.hibernate.type.BinaryType@6f8e8894
[DEBUG] 2018-10-19 10:41:53.903 [main] BasicTypeRegistry - Adding type registration byte[] -> org.hibernate.type.BinaryType@6f8e8894
[DEBUG] 2018-10-19 10:41:53.903 [main] BasicTypeRegistry - Adding type registration [B -> org.hibernate.type.BinaryType@6f8e8894
[DEBUG] 2018-10-19 10:41:53.903 [main] BasicTypeRegistry - Adding type registration wrapper-binary -> org.hibernate.type.WrapperBinaryType@471a9022
[DEBUG] 2018-10-19 10:41:53.903 [main] BasicTypeRegistry - Adding type registration Byte[] -> org.hibernate.type.WrapperBinaryType@471a9022
[DEBUG] 2018-10-19 10:41:53.904 [main] BasicTypeRegistry - Adding type registration [Ljava.lang.Byte; -> org.hibernate.type.WrapperBinaryType@471a9022
[DEBUG] 2018-10-19 10:41:53.904 [main] BasicTypeRegistry - Adding type registration row_version -> org.hibernate.type.RowVersionType@4b2c5e02
[DEBUG] 2018-10-19 10:41:53.905 [main] BasicTypeRegistry - Adding type registration image -> org.hibernate.type.ImageType@6531a794
[DEBUG] 2018-10-19 10:41:53.905 [main] BasicTypeRegistry - Adding type registration characters -> org.hibernate.type.CharArrayType@102cec62
[DEBUG] 2018-10-19 10:41:53.906 [main] BasicTypeRegistry - Adding type registration char[] -> org.hibernate.type.CharArrayType@102cec62
[DEBUG] 2018-10-19 10:41:53.906 [main] BasicTypeRegistry - Adding type registration [C -> org.hibernate.type.CharArrayType@102cec62
[DEBUG] 2018-10-19 10:41:53.906 [main] BasicTypeRegistry - Adding type registration wrapper-characters -> org.hibernate.type.CharacterArrayType@19b89d4
[DEBUG] 2018-10-19 10:41:53.906 [main] BasicTypeRegistry - Adding type registration [Ljava.lang.Character; -> org.hibernate.type.CharacterArrayType@19b89d4
[DEBUG] 2018-10-19 10:41:53.906 [main] BasicTypeRegistry - Adding type registration Character[] -> org.hibernate.type.CharacterArrayType@19b89d4
[DEBUG] 2018-10-19 10:41:53.914 [main] BasicTypeRegistry - Adding type registration text -> org.hibernate.type.TextType@14f232c4
[DEBUG] 2018-10-19 10:41:53.915 [main] BasicTypeRegistry - Adding type registration ntext -> org.hibernate.type.NTextType@7ba8c737
[DEBUG] 2018-10-19 10:41:53.926 [main] BasicTypeRegistry - Adding type registration blob -> org.hibernate.type.BlobType@239105a8
[DEBUG] 2018-10-19 10:41:53.926 [main] BasicTypeRegistry - Adding type registration java.sql.Blob -> org.hibernate.type.BlobType@239105a8
[DEBUG] 2018-10-19 10:41:53.926 [main] BasicTypeRegistry - Adding type registration materialized_blob -> org.hibernate.type.MaterializedBlobType@7d94beb9
[DEBUG] 2018-10-19 10:41:53.937 [main] BasicTypeRegistry - Adding type registration clob -> org.hibernate.type.ClobType@3224a577
[DEBUG] 2018-10-19 10:41:53.937 [main] BasicTypeRegistry - Adding type registration java.sql.Clob -> org.hibernate.type.ClobType@3224a577
[DEBUG] 2018-10-19 10:41:53.940 [main] BasicTypeRegistry - Adding type registration nclob -> org.hibernate.type.NClobType@6736fa8d
[DEBUG] 2018-10-19 10:41:53.940 [main] BasicTypeRegistry - Adding type registration java.sql.NClob -> org.hibernate.type.NClobType@6736fa8d
[DEBUG] 2018-10-19 10:41:53.941 [main] BasicTypeRegistry - Adding type registration materialized_clob -> org.hibernate.type.MaterializedClobType@1cb346ea
[DEBUG] 2018-10-19 10:41:53.941 [main] BasicTypeRegistry - Adding type registration materialized_nclob -> org.hibernate.type.MaterializedNClobType@4d518b32
[DEBUG] 2018-10-19 10:41:53.943 [main] BasicTypeRegistry - Adding type registration serializable -> org.hibernate.type.SerializableType@11d8ae8b
[DEBUG] 2018-10-19 10:41:53.945 [main] BasicTypeRegistry - Adding type registration object -> org.hibernate.type.ObjectType@266374ef
[DEBUG] 2018-10-19 10:41:53.945 [main] BasicTypeRegistry - Adding type registration java.lang.Object -> org.hibernate.type.ObjectType@266374ef
[DEBUG] 2018-10-19 10:41:53.946 [main] BasicTypeRegistry - Adding type registration imm_date -> org.hibernate.type.AdaptedImmutableType@37fb0bed
[DEBUG] 2018-10-19 10:41:53.946 [main] BasicTypeRegistry - Adding type registration imm_time -> org.hibernate.type.AdaptedImmutableType@a82c5f1
[DEBUG] 2018-10-19 10:41:53.946 [main] BasicTypeRegistry - Adding type registration imm_timestamp -> org.hibernate.type.AdaptedImmutableType@7b7fdc8
[DEBUG] 2018-10-19 10:41:53.946 [main] BasicTypeRegistry - Adding type registration imm_dbtimestamp -> org.hibernate.type.AdaptedImmutableType@51c693d
[DEBUG] 2018-10-19 10:41:53.946 [main] BasicTypeRegistry - Adding type registration imm_calendar -> org.hibernate.type.AdaptedImmutableType@6a57ae10
[DEBUG] 2018-10-19 10:41:53.946 [main] BasicTypeRegistry - Adding type registration imm_calendar_date -> org.hibernate.type.AdaptedImmutableType@766653e6
[DEBUG] 2018-10-19 10:41:53.946 [main] BasicTypeRegistry - Adding type registration imm_binary -> org.hibernate.type.AdaptedImmutableType@4e07b95f
[DEBUG] 2018-10-19 10:41:53.946 [main] BasicTypeRegistry - Adding type registration imm_serializable -> org.hibernate.type.AdaptedImmutableType@28b46423
[INFO ] 2018-10-19 10:41:54.000 [main] C3P0ConnectionProvider - HHH010002: C3P0 using driver: com.mysql.jdbc.Driver at URL: jdbc:mysql://localhost:3306/HikerWebsiteDB
[INFO ] 2018-10-19 10:41:54.000 [main] C3P0ConnectionProvider - HHH10001001: Connection properties: {user=root, password=****}
[INFO ] 2018-10-19 10:41:54.000 [main] C3P0ConnectionProvider - HHH10001003: Autocommit mode: false
[INFO ] 2018-10-19 10:41:54.250 [main] C3P0ConnectionProvider - HHH10001007: JDBC isolation level: <unknown>
[DEBUG] 2018-10-19 10:41:54.766 [main] JdbcEnvironmentInitiator - Database ->
       name : MySQL
    version : 5.7.23-0ubuntu0.16.04.1
      major : 5
      minor : 7
[DEBUG] 2018-10-19 10:41:54.767 [main] JdbcEnvironmentInitiator - Driver ->
       name : MySQL Connector Java
    version : mysql-connector-java-5.1.39 ( Revision: 3289a357af6d09ecc1a10fd3c26e95183e5790ad )
      major : 5
      minor : 1
[DEBUG] 2018-10-19 10:41:54.767 [main] JdbcEnvironmentInitiator - JDBC version : 4.0
[INFO ] 2018-10-19 10:41:54.786 [main] Dialect - HHH000400: Using dialect: org.hibernate.dialect.MySQL5Dialect
[DEBUG] 2018-10-19 10:41:54.901 [main] IdentifierHelperBuilder - JDBC driver metadata reported database stores quoted identifiers in more than one case
[DEBUG] 2018-10-19 10:41:54.912 [main] IdentifierHelperBuilder - IdentifierCaseStrategy for both quoted and unquoted identifiers was set to the same strategy [MIXED]; that will likely lead to problems in schema update and validation if using quoted identifiers
[DEBUG] 2018-10-19 10:41:55.195 [main] DefaultIdentifierGeneratorFactory - Registering IdentifierGenerator strategy [uuid2] -> [org.hibernate.id.UUIDGenerator]
[DEBUG] 2018-10-19 10:41:55.211 [main] DefaultIdentifierGeneratorFactory - Registering IdentifierGenerator strategy [guid] -> [org.hibernate.id.GUIDGenerator]
[DEBUG] 2018-10-19 10:41:55.307 [main] DefaultIdentifierGeneratorFactory - Registering IdentifierGenerator strategy [uuid] -> [org.hibernate.id.UUIDHexGenerator]
[DEBUG] 2018-10-19 10:41:55.312 [main] DefaultIdentifierGeneratorFactory - Registering IdentifierGenerator strategy [uuid.hex] -> [org.hibernate.id.UUIDHexGenerator]
[DEBUG] 2018-10-19 10:41:55.399 [main] DefaultIdentifierGeneratorFactory - Registering IdentifierGenerator strategy [assigned] -> [org.hibernate.id.Assigned]
[DEBUG] 2018-10-19 10:41:55.418 [main] DefaultIdentifierGeneratorFactory - Registering IdentifierGenerator strategy [identity] -> [org.hibernate.id.IdentityGenerator]
[DEBUG] 2018-10-19 10:41:55.418 [main] DefaultIdentifierGeneratorFactory - Registering IdentifierGenerator strategy [select] -> [org.hibernate.id.SelectGenerator]
[DEBUG] 2018-10-19 10:41:55.420 [main] DefaultIdentifierGeneratorFactory - Registering IdentifierGenerator strategy [sequence] -> [org.hibernate.id.enhanced.SequenceStyleGenerator]
[DEBUG] 2018-10-19 10:41:55.422 [main] DefaultIdentifierGeneratorFactory - Registering IdentifierGenerator strategy [seqhilo] -> [org.hibernate.id.SequenceHiLoGenerator]
[DEBUG] 2018-10-19 10:41:55.422 [main] DefaultIdentifierGeneratorFactory - Registering IdentifierGenerator strategy [increment] -> [org.hibernate.id.IncrementGenerator]
[DEBUG] 2018-10-19 10:41:55.422 [main] DefaultIdentifierGeneratorFactory - Registering IdentifierGenerator strategy [foreign] -> [org.hibernate.id.ForeignGenerator]
[DEBUG] 2018-10-19 10:41:55.423 [main] DefaultIdentifierGeneratorFactory - Registering IdentifierGenerator strategy [sequence-identity] -> [org.hibernate.id.SequenceIdentityGenerator]
[DEBUG] 2018-10-19 10:41:55.423 [main] DefaultIdentifierGeneratorFactory - Registering IdentifierGenerator strategy [enhanced-sequence] -> [org.hibernate.id.enhanced.SequenceStyleGenerator]
[DEBUG] 2018-10-19 10:41:55.426 [main] DefaultIdentifierGeneratorFactory - Registering IdentifierGenerator strategy [enhanced-table] -> [org.hibernate.id.enhanced.TableGenerator]
[DEBUG] 2018-10-19 10:41:55.801 [main] Namespace - Created database namespace [logicalName=Name{catalog=null, schema=null}, physicalName=Name{catalog=null, schema=null}]
[DEBUG] 2018-10-19 10:41:57.113 [main] AnnotationBinder - Binding entity from annotated class: edu.matc.entity.HikerAccount
[DEBUG] 2018-10-19 10:41:57.672 [main] Ejb3Column - Binding column: Ejb3DiscriminatorColumn{logicalColumnName'DTYPE', discriminatorTypeName='string'}
[DEBUG] 2018-10-19 10:41:57.703 [main] EntityBinder - Import with entity name HikerAccount
[DEBUG] 2018-10-19 10:41:57.709 [main] EntityBinder - Bind entity edu.matc.entity.HikerAccount on table Hiker_Account
[DEBUG] 2018-10-19 10:41:58.891 [main] Ejb3Column - Binding column: Ejb3Column{table=org.hibernate.mapping.Table(Hiker_Account), mappingColumn=id, insertable=true, updatable=true, unique=false}
[DEBUG] 2018-10-19 10:41:59.154 [main] PropertyBinder - MetadataSourceProcessor property id with lazy=false
[DEBUG] 2018-10-19 10:41:59.199 [main] AbstractPropertyHolder - Attempting to locate auto-apply AttributeConverter for property [edu.matc.entity.HikerAccount:id]
[DEBUG] 2018-10-19 10:41:59.233 [main] SimpleValueBinder - building SimpleValue for id
[DEBUG] 2018-10-19 10:41:59.264 [main] PropertyBinder - Building property id
[DEBUG] 2018-10-19 10:41:59.306 [main] Ejb3Column - Binding column: Ejb3Column{table=org.hibernate.mapping.Table(Hiker_Account), mappingColumn=city, insertable=true, updatable=true, unique=false}
[DEBUG] 2018-10-19 10:41:59.310 [main] PropertyBinder - MetadataSourceProcessor property city with lazy=false
[DEBUG] 2018-10-19 10:41:59.310 [main] AbstractPropertyHolder - Attempting to locate auto-apply AttributeConverter for property [edu.matc.entity.HikerAccount:city]
[DEBUG] 2018-10-19 10:41:59.310 [main] SimpleValueBinder - building SimpleValue for city
[DEBUG] 2018-10-19 10:41:59.310 [main] PropertyBinder - Building property city
[DEBUG] 2018-10-19 10:41:59.314 [main] Ejb3Column - Binding column: Ejb3Column{table=org.hibernate.mapping.Table(Hiker_Account), mappingColumn=email_address, insertable=true, updatable=true, unique=false}
[DEBUG] 2018-10-19 10:41:59.315 [main] PropertyBinder - MetadataSourceProcessor property emailAddress with lazy=false
[DEBUG] 2018-10-19 10:41:59.315 [main] AbstractPropertyHolder - Attempting to locate auto-apply AttributeConverter for property [edu.matc.entity.HikerAccount:emailAddress]
[DEBUG] 2018-10-19 10:41:59.315 [main] SimpleValueBinder - building SimpleValue for emailAddress
[DEBUG] 2018-10-19 10:41:59.315 [main] PropertyBinder - Building property emailAddress
[DEBUG] 2018-10-19 10:41:59.315 [main] Ejb3Column - Binding column: Ejb3Column{table=org.hibernate.mapping.Table(Hiker_Account), mappingColumn=first_name, insertable=true, updatable=true, unique=false}
[DEBUG] 2018-10-19 10:41:59.318 [main] PropertyBinder - MetadataSourceProcessor property firstName with lazy=false
[DEBUG] 2018-10-19 10:41:59.319 [main] AbstractPropertyHolder - Attempting to locate auto-apply AttributeConverter for property [edu.matc.entity.HikerAccount:firstName]
[DEBUG] 2018-10-19 10:41:59.319 [main] SimpleValueBinder - building SimpleValue for firstName
[DEBUG] 2018-10-19 10:41:59.320 [main] PropertyBinder - Building property firstName
[DEBUG] 2018-10-19 10:41:59.327 [main] Ejb3Column - Binding column: Ejb3JoinColumn{logicalColumnName='null', referencedColumn='null', mappedBy='hikerAccount'}
[DEBUG] 2018-10-19 10:41:59.327 [main] Ejb3Column - Binding column: Ejb3Column{table=org.hibernate.mapping.Table(Hiker_Account), mappingColumn=hikingTrails, insertable=true, updatable=true, unique=false}
[DEBUG] 2018-10-19 10:41:59.370 [main] Ejb3Column - Binding column: Ejb3Column{table=org.hibernate.mapping.Table(Hiker_Account), mappingColumn=null, insertable=true, updatable=true, unique=false}
[DEBUG] 2018-10-19 10:41:59.553 [main] Ejb3Column - Binding column: Ejb3Column{table=org.hibernate.mapping.Table(Hiker_Account), mappingColumn=element, insertable=true, updatable=true, unique=false}
[DEBUG] 2018-10-19 10:41:59.565 [main] Ejb3Column - Binding column: Ejb3Column{table=org.hibernate.mapping.Table(Hiker_Account), mappingColumn=hikingTrails_KEY, insertable=true, updatable=true, unique=false}
[DEBUG] 2018-10-19 10:41:59.586 [main] Ejb3Column - Binding column: Ejb3JoinColumn{logicalColumnName='hikingTrails_KEY', referencedColumn='null', mappedBy='null'}
[DEBUG] 2018-10-19 10:41:59.594 [main] Ejb3Column - Binding column: Ejb3JoinColumn{logicalColumnName='null', referencedColumn='null', mappedBy='hikerAccount'}
[DEBUG] 2018-10-19 10:41:59.594 [main] Ejb3Column - Binding column: Ejb3JoinColumn{logicalColumnName='null', referencedColumn='null', mappedBy='hikerAccount'}
[DEBUG] 2018-10-19 10:41:59.601 [main] CollectionBinder - Collection role: edu.matc.entity.HikerAccount.hikingTrails
[DEBUG] 2018-10-19 10:41:59.665 [main] PropertyBinder - Building property hikingTrails
[DEBUG] 2018-10-19 10:41:59.767 [main] Ejb3Column - Binding column: Ejb3Column{table=org.hibernate.mapping.Table(Hiker_Account), mappingColumn=last_name, insertable=true, updatable=true, unique=false}
[DEBUG] 2018-10-19 10:41:59.769 [main] PropertyBinder - MetadataSourceProcessor property lastName with lazy=false
[DEBUG] 2018-10-19 10:41:59.769 [main] AbstractPropertyHolder - Attempting to locate auto-apply AttributeConverter for property [edu.matc.entity.HikerAccount:lastName]
[DEBUG] 2018-10-19 10:41:59.769 [main] SimpleValueBinder - building SimpleValue for lastName
[DEBUG] 2018-10-19 10:41:59.769 [main] PropertyBinder - Building property lastName
[DEBUG] 2018-10-19 10:41:59.771 [main] Ejb3Column - Binding column: Ejb3Column{table=org.hibernate.mapping.Table(Hiker_Account), mappingColumn=state, insertable=true, updatable=true, unique=false}
[DEBUG] 2018-10-19 10:41:59.771 [main] PropertyBinder - MetadataSourceProcessor property state with lazy=false
[DEBUG] 2018-10-19 10:41:59.771 [main] AbstractPropertyHolder - Attempting to locate auto-apply AttributeConverter for property [edu.matc.entity.HikerAccount:state]
[DEBUG] 2018-10-19 10:41:59.772 [main] SimpleValueBinder - building SimpleValue for state
[DEBUG] 2018-10-19 10:41:59.772 [main] PropertyBinder - Building property state
[DEBUG] 2018-10-19 10:41:59.804 [main] AnnotationBinder - Binding entity from annotated class: edu.matc.entity.HikingTrails
[DEBUG] 2018-10-19 10:41:59.804 [main] Ejb3Column - Binding column: Ejb3DiscriminatorColumn{logicalColumnName'DTYPE', discriminatorTypeName='string'}
[DEBUG] 2018-10-19 10:41:59.805 [main] EntityBinder - Import with entity name HikingTrails
[DEBUG] 2018-10-19 10:41:59.806 [main] EntityBinder - Bind entity edu.matc.entity.HikingTrails on table Hiking_Trails
[DEBUG] 2018-10-19 10:41:59.881 [main] Ejb3Column - Binding column: Ejb3Column{table=org.hibernate.mapping.Table(Hiking_Trails), mappingColumn=id, insertable=true, updatable=true, unique=false}
[DEBUG] 2018-10-19 10:41:59.883 [main] PropertyBinder - MetadataSourceProcessor property id with lazy=false
[DEBUG] 2018-10-19 10:41:59.884 [main] AbstractPropertyHolder - Attempting to locate auto-apply AttributeConverter for property [edu.matc.entity.HikingTrails:id]
[DEBUG] 2018-10-19 10:41:59.884 [main] SimpleValueBinder - building SimpleValue for id
[DEBUG] 2018-10-19 10:41:59.884 [main] PropertyBinder - Building property id
[DEBUG] 2018-10-19 10:41:59.884 [main] Ejb3Column - Binding column: Ejb3JoinColumn{logicalColumnName='hiker_account_id', referencedColumn='', mappedBy=''}
[DEBUG] 2018-10-19 10:41:59.884 [main] Ejb3Column - Binding column: Ejb3Column{table=org.hibernate.mapping.Table(Hiking_Trails), mappingColumn=hikerAccount, insertable=true, updatable=true, unique=false}
[DEBUG] 2018-10-19 10:41:59.896 [main] PropertyBinder - Building property hikerAccount
[DEBUG] 2018-10-19 10:41:59.896 [main] Ejb3Column - Binding column: Ejb3Column{table=org.hibernate.mapping.Table(Hiking_Trails), mappingColumn=trail_description, insertable=true, updatable=true, unique=false}
[DEBUG] 2018-10-19 10:41:59.896 [main] PropertyBinder - MetadataSourceProcessor property trailDescription with lazy=false
[DEBUG] 2018-10-19 10:41:59.896 [main] AbstractPropertyHolder - Attempting to locate auto-apply AttributeConverter for property [edu.matc.entity.HikingTrails:trailDescription]
[DEBUG] 2018-10-19 10:41:59.896 [main] SimpleValueBinder - building SimpleValue for trailDescription
[DEBUG] 2018-10-19 10:41:59.896 [main] PropertyBinder - Building property trailDescription
[DEBUG] 2018-10-19 10:41:59.906 [main] Ejb3Column - Binding column: Ejb3Column{table=org.hibernate.mapping.Table(Hiking_Trails), mappingColumn=trail_details, insertable=true, updatable=true, unique=false}
[DEBUG] 2018-10-19 10:41:59.906 [main] PropertyBinder - MetadataSourceProcessor property trailDetails with lazy=false
[DEBUG] 2018-10-19 10:41:59.906 [main] AbstractPropertyHolder - Attempting to locate auto-apply AttributeConverter for property [edu.matc.entity.HikingTrails:trailDetails]
[DEBUG] 2018-10-19 10:41:59.906 [main] SimpleValueBinder - building SimpleValue for trailDetails
[DEBUG] 2018-10-19 10:41:59.908 [main] PropertyBinder - Building property trailDetails
[DEBUG] 2018-10-19 10:41:59.910 [main] Ejb3Column - Binding column: Ejb3Column{table=org.hibernate.mapping.Table(Hiking_Trails), mappingColumn=trail_difficulty, insertable=true, updatable=true, unique=false}
[DEBUG] 2018-10-19 10:41:59.912 [main] PropertyBinder - MetadataSourceProcessor property trailDifficulty with lazy=false
[DEBUG] 2018-10-19 10:41:59.912 [main] AbstractPropertyHolder - Attempting to locate auto-apply AttributeConverter for property [edu.matc.entity.HikingTrails:trailDifficulty]
[DEBUG] 2018-10-19 10:41:59.912 [main] SimpleValueBinder - building SimpleValue for trailDifficulty
[DEBUG] 2018-10-19 10:41:59.912 [main] PropertyBinder - Building property trailDifficulty
[DEBUG] 2018-10-19 10:41:59.913 [main] Ejb3Column - Binding column: Ejb3Column{table=org.hibernate.mapping.Table(Hiking_Trails), mappingColumn=trail_features, insertable=true, updatable=true, unique=false}
[DEBUG] 2018-10-19 10:41:59.914 [main] PropertyBinder - MetadataSourceProcessor property trailFreatures with lazy=false
[DEBUG] 2018-10-19 10:41:59.914 [main] AbstractPropertyHolder - Attempting to locate auto-apply AttributeConverter for property [edu.matc.entity.HikingTrails:trailFreatures]
[DEBUG] 2018-10-19 10:41:59.914 [main] SimpleValueBinder - building SimpleValue for trailFreatures
[DEBUG] 2018-10-19 10:41:59.914 [main] PropertyBinder - Building property trailFreatures
[DEBUG] 2018-10-19 10:41:59.914 [main] Ejb3Column - Binding column: Ejb3Column{table=org.hibernate.mapping.Table(Hiking_Trails), mappingColumn=trail_head_name, insertable=true, updatable=true, unique=false}
[DEBUG] 2018-10-19 10:41:59.914 [main] PropertyBinder - MetadataSourceProcessor property trailHeadName with lazy=false
[DEBUG] 2018-10-19 10:41:59.914 [main] AbstractPropertyHolder - Attempting to locate auto-apply AttributeConverter for property [edu.matc.entity.HikingTrails:trailHeadName]
[DEBUG] 2018-10-19 10:41:59.914 [main] SimpleValueBinder - building SimpleValue for trailHeadName
[DEBUG] 2018-10-19 10:41:59.915 [main] PropertyBinder - Building property trailHeadName
[DEBUG] 2018-10-19 10:41:59.915 [main] Ejb3Column - Binding column: Ejb3Column{table=org.hibernate.mapping.Table(Hiking_Trails), mappingColumn=trail_length, insertable=true, updatable=true, unique=false}
[DEBUG] 2018-10-19 10:41:59.915 [main] PropertyBinder - MetadataSourceProcessor property trailLength with lazy=false
[DEBUG] 2018-10-19 10:41:59.915 [main] AbstractPropertyHolder - Attempting to locate auto-apply AttributeConverter for property [edu.matc.entity.HikingTrails:trailLength]
[DEBUG] 2018-10-19 10:41:59.915 [main] SimpleValueBinder - building SimpleValue for trailLength
[DEBUG] 2018-10-19 10:41:59.916 [main] PropertyBinder - Building property trailLength
[DEBUG] 2018-10-19 10:41:59.916 [main] Ejb3Column - Binding column: Ejb3Column{table=org.hibernate.mapping.Table(Hiking_Trails), mappingColumn=trail_rating, insertable=true, updatable=true, unique=false}
[DEBUG] 2018-10-19 10:41:59.916 [main] PropertyBinder - MetadataSourceProcessor property trailRating with lazy=false
[DEBUG] 2018-10-19 10:41:59.916 [main] AbstractPropertyHolder - Attempting to locate auto-apply AttributeConverter for property [edu.matc.entity.HikingTrails:trailRating]
[DEBUG] 2018-10-19 10:41:59.916 [main] SimpleValueBinder - building SimpleValue for trailRating
[DEBUG] 2018-10-19 10:41:59.916 [main] PropertyBinder - Building property trailRating
[DEBUG] 2018-10-19 10:41:59.928 [main] SimpleValueBinder - Starting fillSimpleValue for id
[DEBUG] 2018-10-19 10:41:59.932 [main] SimpleValueBinder - Starting fillSimpleValue for city
[DEBUG] 2018-10-19 10:41:59.932 [main] SimpleValueBinder - Starting fillSimpleValue for emailAddress
[DEBUG] 2018-10-19 10:41:59.932 [main] SimpleValueBinder - Starting fillSimpleValue for firstName
[DEBUG] 2018-10-19 10:41:59.932 [main] SimpleValueBinder - Starting fillSimpleValue for lastName
[DEBUG] 2018-10-19 10:41:59.932 [main] SimpleValueBinder - Starting fillSimpleValue for state
[DEBUG] 2018-10-19 10:41:59.932 [main] SimpleValueBinder - Starting fillSimpleValue for id
[DEBUG] 2018-10-19 10:41:59.933 [main] SimpleValueBinder - Starting fillSimpleValue for trailDescription
[DEBUG] 2018-10-19 10:41:59.933 [main] SimpleValueBinder - Starting fillSimpleValue for trailDetails
[DEBUG] 2018-10-19 10:41:59.933 [main] SimpleValueBinder - Starting fillSimpleValue for trailDifficulty
[DEBUG] 2018-10-19 10:41:59.933 [main] SimpleValueBinder - Starting fillSimpleValue for trailFreatures
[DEBUG] 2018-10-19 10:41:59.933 [main] SimpleValueBinder - Starting fillSimpleValue for trailHeadName
[DEBUG] 2018-10-19 10:41:59.934 [main] SimpleValueBinder - Starting fillSimpleValue for trailLength
[DEBUG] 2018-10-19 10:41:59.935 [main] SimpleValueBinder - Starting fillSimpleValue for trailRating
[DEBUG] 2018-10-19 10:41:59.978 [main] PrimaryKey - Forcing column [id] to be non-null as it is part of the primary key for table [hiker_account]
[DEBUG] 2018-10-19 10:41:59.989 [main] PrimaryKey - Forcing column [id] to be non-null as it is part of the primary key for table [hiking_trails]
[DEBUG] 2018-10-19 10:41:59.991 [main] CollectionSecondPass - Second pass for collection: edu.matc.entity.HikerAccount.hikingTrails
[DEBUG] 2018-10-19 10:42:00.026 [main] CollectionBinder - Binding a OneToMany: edu.matc.entity.HikerAccount.hikingTrails through a foreign key
[DEBUG] 2018-10-19 10:42:00.030 [main] CollectionBinder - Mapping collection: edu.matc.entity.HikerAccount.hikingTrails -> Hiking_Trails
[DEBUG] 2018-10-19 10:42:00.047 [main] TableBinder - Retrieving property edu.matc.entity.HikingTrails.hikerAccount
[DEBUG] 2018-10-19 10:42:00.048 [main] CollectionSecondPass - Mapped collection key: hiker_account_id, one-to-many: edu.matc.entity.HikingTrails
[DEBUG] 2018-10-19 10:42:00.048 [main] InFlightMetadataCollectorImpl - Resolving reference to class: edu.matc.entity.HikerAccount
[DEBUG] 2018-10-19 10:42:00.063 [main] InFlightMetadataCollectorImpl - Resolving reference to class: edu.matc.entity.HikerAccount
[DEBUG] 2018-10-19 10:42:00.290 [main] SessionFactoryImpl - Building session factory
[DEBUG] 2018-10-19 10:42:00.298 [main] Settings - SessionFactory name : null
[DEBUG] 2018-10-19 10:42:00.302 [main] Settings - Automatic flush during beforeCompletion(): enabled
[DEBUG] 2018-10-19 10:42:00.302 [main] Settings - Automatic session close at end of transaction: disabled
[DEBUG] 2018-10-19 10:42:00.302 [main] Settings - Statistics: disabled
[DEBUG] 2018-10-19 10:42:00.302 [main] Settings - Deleted entity synthetic identifier rollback: disabled
[DEBUG] 2018-10-19 10:42:00.302 [main] Settings - Default entity-mode: pojo
[DEBUG] 2018-10-19 10:42:00.302 [main] Settings - Check Nullability in Core (should be disabled when Bean Validation is on): enabled
[DEBUG] 2018-10-19 10:42:00.302 [main] Settings - Allow initialization of lazy state outside session : disabled
[DEBUG] 2018-10-19 10:42:00.302 [main] Settings - Using BatchFetchStyle : LEGACY
[DEBUG] 2018-10-19 10:42:00.302 [main] Settings - Default batch fetch size: -1
[DEBUG] 2018-10-19 10:42:00.302 [main] Settings - Maximum outer join fetch depth: 2
[DEBUG] 2018-10-19 10:42:00.302 [main] Settings - Default null ordering: NONE
[DEBUG] 2018-10-19 10:42:00.302 [main] Settings - Order SQL updates by primary key: disabled
[DEBUG] 2018-10-19 10:42:00.302 [main] Settings - Order SQL inserts for batching: disabled
[DEBUG] 2018-10-19 10:42:00.302 [main] Settings - multi-tenancy strategy : NONE
[DEBUG] 2018-10-19 10:42:00.302 [main] Settings - JTA Track by Thread: enabled
[DEBUG] 2018-10-19 10:42:00.313 [main] Settings - Query language substitutions: {}
[DEBUG] 2018-10-19 10:42:00.313 [main] Settings - JPA query language strict compliance: disabled
[DEBUG] 2018-10-19 10:42:00.313 [main] Settings - Named query checking : enabled
[DEBUG] 2018-10-19 10:42:00.313 [main] Settings - Second-level cache: enabled
[DEBUG] 2018-10-19 10:42:00.313 [main] Settings - Second-level query cache: disabled
[DEBUG] 2018-10-19 10:42:00.313 [main] Settings - Second-level query cache factory: org.hibernate.cache.internal.StandardQueryCacheFactory@3e2822
[DEBUG] 2018-10-19 10:42:00.318 [main] Settings - Second-level cache region prefix: null
[DEBUG] 2018-10-19 10:42:00.318 [main] Settings - Optimize second-level cache for minimal puts: disabled
[DEBUG] 2018-10-19 10:42:00.318 [main] Settings - Structured second-level cache entries: disabled
[DEBUG] 2018-10-19 10:42:00.318 [main] Settings - Second-level cache direct-reference entries: disabled
[DEBUG] 2018-10-19 10:42:00.318 [main] Settings - Automatic eviction of collection cache: disabled
[DEBUG] 2018-10-19 10:42:00.318 [main] Settings - JDBC batch size: 15
[DEBUG] 2018-10-19 10:42:00.318 [main] Settings - JDBC batch updates for versioned data: enabled
[DEBUG] 2018-10-19 10:42:00.318 [main] Settings - Scrollable result sets: enabled
[DEBUG] 2018-10-19 10:42:00.318 [main] Settings - Wrap result sets: disabled
[DEBUG] 2018-10-19 10:42:00.318 [main] Settings - JDBC3 getGeneratedKeys(): enabled
[DEBUG] 2018-10-19 10:42:00.319 [main] Settings - JDBC result set fetch size: null
[DEBUG] 2018-10-19 10:42:00.319 [main] Settings - Connection release mode: AFTER_TRANSACTION
[DEBUG] 2018-10-19 10:42:00.319 [main] Settings - Generate SQL with comments: disabled
[DEBUG] 2018-10-19 10:42:01.527 [main] SessionFactoryImpl - Session factory constructed with filter configurations : {}
[DEBUG] 2018-10-19 10:42:01.529 [main] SessionFactoryImpl - Instantiating session factory with properties: {sun.desktop=gnome, awt.toolkit=sun.awt.X11.XToolkit, file.encoding.pkg=sun.io, java.specification.version=1.8, hibernate.c3p0.idle_test_period=3000, sun.cpu.isalist=, sun.jnu.encoding=UTF-8, hibernate.c3p0.min_size=5, java.class.path=/home/student/intellij/lib/idea_rt.jar:/home/student/intellij/plugins/junit/lib/junit-rt.jar:/home/student/intellij/plugins/junit/lib/junit5-rt.jar:/usr/lib/jvm/java-8-oracle/jre/lib/charsets.jar:/usr/lib/jvm/java-8-oracle/jre/lib/deploy.jar:/usr/lib/jvm/java-8-oracle/jre/lib/ext/cldrdata.jar:/usr/lib/jvm/java-8-oracle/jre/lib/ext/dnsns.jar:/usr/lib/jvm/java-8-oracle/jre/lib/ext/jaccess.jar:/usr/lib/jvm/java-8-oracle/jre/lib/ext/jfxrt.jar:/usr/lib/jvm/java-8-oracle/jre/lib/ext/localedata.jar:/usr/lib/jvm/java-8-oracle/jre/lib/ext/nashorn.jar:/usr/lib/jvm/java-8-oracle/jre/lib/ext/sunec.jar:/usr/lib/jvm/java-8-oracle/jre/lib/ext/sunjce_provider.jar:/usr/lib/jvm/java-8-oracle/jre/lib/ext/sunpkcs11.jar:/usr/lib/jvm/java-8-oracle/jre/lib/ext/zipfs.jar:/usr/lib/jvm/java-8-oracle/jre/lib/javaws.jar:/usr/lib/jvm/java-8-oracle/jre/lib/jce.jar:/usr/lib/jvm/java-8-oracle/jre/lib/jfr.jar:/usr/lib/jvm/java-8-oracle/jre/lib/jfxswt.jar:/usr/lib/jvm/java-8-oracle/jre/lib/jsse.jar:/usr/lib/jvm/java-8-oracle/jre/lib/management-agent.jar:/usr/lib/jvm/java-8-oracle/jre/lib/plugin.jar:/usr/lib/jvm/java-8-oracle/jre/lib/resources.jar:/usr/lib/jvm/java-8-oracle/jre/lib/rt.jar:/home/student/IdeaProjects/HikerWebsiteIndieProject/target/test-classes:/home/student/IdeaProjects/HikerWebsiteIndieProject/target/classes:/home/student/.m2/repository/org/junit/jupiter/junit-jupiter-engine/5.0.0/junit-jupiter-engine-5.0.0.jar:/home/student/.m2/repository/org/apiguardian/apiguardian-api/1.0.0/apiguardian-api-1.0.0.jar:/home/student/.m2/repository/org/junit/platform/junit-platform-engine/1.0.0/junit-platform-engine-1.0.0.jar:/home/student/.m2/repository/org/opentest4j/opentest4j/1.0.0/opentest4j-1.0.0.jar:/home/student/.m2/repository/org/junit/jupiter/junit-jupiter-api/5.0.0/junit-jupiter-api-5.0.0.jar:/home/student/.m2/repository/junit/junit/4.12/junit-4.12.jar:/home/student/.m2/repository/org/hamcrest/hamcrest-core/1.3/hamcrest-core-1.3.jar:/home/student/.m2/repository/org/junit/platform/junit-platform-runner/1.0.0/junit-platform-runner-1.0.0.jar:/home/student/.m2/repository/org/junit/platform/junit-platform-launcher/1.0.0/junit-platform-launcher-1.0.0.jar:/home/student/.m2/repository/org/junit/platform/junit-platform-suite-api/1.0.0/junit-platform-suite-api-1.0.0.jar:/home/student/.m2/repository/org/junit/vintage/junit-vintage-engine/4.12.0/junit-vintage-engine-4.12.0.jar:/home/student/.m2/repository/javax/javaee-web-api/7.0/javaee-web-api-7.0.jar:/home/student/.m2/repository/org/apache/logging/log4j/log4j-api/2.10.0/log4j-api-2.10.0.jar:/home/student/.m2/repository/org/apache/logging/log4j/log4j-core/2.10.0/log4j-core-2.10.0.jar:/home/student/.m2/repository/org/hibernate/hibernate-core/5.2.12.Final/hibernate-core-5.2.12.Final.jar:/home/student/.m2/repository/org/jboss/logging/jboss-logging/3.3.0.Final/jboss-logging-3.3.0.Final.jar:/home/student/.m2/repository/org/hibernate/javax/persistence/hibernate-jpa-2.1-api/1.0.0.Final/hibernate-jpa-2.1-api-1.0.0.Final.jar:/home/student/.m2/repository/org/javassist/javassist/3.20.0-GA/javassist-3.20.0-GA.jar:/home/student/.m2/repository/antlr/antlr/2.7.7/antlr-2.7.7.jar:/home/student/.m2/repository/org/jboss/spec/javax/transaction/jboss-transaction-api_1.2_spec/1.0.1.Final/jboss-transaction-api_1.2_spec-1.0.1.Final.jar:/home/student/.m2/repository/org/jboss/jandex/2.0.3.Final/jandex-2.0.3.Final.jar:/home/student/.m2/repository/com/fasterxml/classmate/1.3.0/classmate-1.3.0.jar:/home/student/.m2/repository/dom4j/dom4j/1.6.1/dom4j-1.6.1.jar:/home/student/.m2/repository/org/hibernate/common/hibernate-commons-annotations/5.0.1.Final/hibernate-commons-annotations-5.0.1.Final.jar:/home/student/.m2/repository/org/hibernate/hibernate-c3p0/5.2.12.Final/hibernate-c3p0-5.2.12.Final.jar:/home/student/.m2/repository/com/mchange/c3p0/0.9.5.2/c3p0-0.9.5.2.jar:/home/student/.m2/repository/com/mchange/mchange-commons-java/0.2.11/mchange-commons-java-0.2.11.jar:/home/student/.m2/repository/mysql/mysql-connector-java/5.1.39/mysql-connector-java-5.1.39.jar:/home/student/.m2/repository/jstl/jstl/1.2/jstl-1.2.jar:/home/student/.m2/repository/org/junit/platform/junit-platform-commons/1.3.1/junit-platform-commons-1.3.1.jar:/home/student/intellij/lib/idea_rt.jar, java.vm.vendor=Oracle Corporation, sun.arch.data.model=64, idea.test.cyclic.buffer.size=1048576, java.vendor.url=http://java.oracle.com/, user.timezone=America/Chicago, os.name=Linux, java.vm.specification.version=1.8, user.country=US, sun.java.launcher=SUN_STANDARD, sun.boot.library.path=/usr/lib/jvm/java-8-oracle/jre/lib/amd64, sun.java.command=com.intellij.rt.execution.junit.JUnitStarter -ideVersion5 -junit5 edu.matc.persistence.HikingTrailsDaoTest,getByIdSuccess, sun.cpu.endian=little, hibernate.c3p0.max_statements=50, user.home=/home/student, user.language=en, java.specification.vendor=Oracle Corporation, java.home=/usr/lib/jvm/java-8-oracle/jre, file.separator=/, line.separator=
, hibernate.c3p0.timeout=300, java.vm.specification.vendor=Oracle Corporation, java.specification.name=Java Platform API Specification, java.awt.graphicsenv=sun.awt.X11GraphicsEnvironment, sun.boot.class.path=/usr/lib/jvm/java-8-oracle/jre/lib/resources.jar:/usr/lib/jvm/java-8-oracle/jre/lib/rt.jar:/usr/lib/jvm/java-8-oracle/jre/lib/sunrsasign.jar:/usr/lib/jvm/java-8-oracle/jre/lib/jsse.jar:/usr/lib/jvm/java-8-oracle/jre/lib/jce.jar:/usr/lib/jvm/java-8-oracle/jre/lib/charsets.jar:/usr/lib/jvm/java-8-oracle/jre/lib/jfr.jar:/usr/lib/jvm/java-8-oracle/jre/classes, connection.password=student, sun.management.compiler=HotSpot 64-Bit Tiered Compilers, hibernate.c3p0.max_size=20, java.runtime.version=1.8.0_144-b01, user.name=student, path.separator=:, hibernate.connection.username=root, os.version=4.4.0-57-generic, java.endorsed.dirs=/usr/lib/jvm/java-8-oracle/jre/lib/endorsed, java.runtime.name=Java(TM) SE Runtime Environment, hibernate.connection.url=jdbc:mysql://localhost:3306/HikerWebsiteDB, file.encoding=UTF-8, java.vm.name=Java HotSpot(TM) 64-Bit Server VM, hibernate.show_sql=true, show_sql=true, hibernate.connection.driver_class=com.mysql.jdbc.Driver, java.vendor.url.bug=http://bugreport.sun.com/bugreport/, java.io.tmpdir=/tmp, java.version=1.8.0_144, user.dir=/home/student/IdeaProjects/HikerWebsiteIndieProject, os.arch=amd64, connection.username=root, java.vm.specification.name=Java Virtual Machine Specification, hibernate.connection.password=****, java.awt.printerjob=sun.print.PSPrinterJob, sun.os.patch.level=unknown, connection.driver_class=com.mysql.jdbc.Driver, hibernate.boot.CfgXmlAccessService.key=org.hibernate.boot.cfgxml.spi.LoadedConfig@67ef029, java.library.path=/usr/java/packages/lib/amd64:/usr/lib64:/lib64:/lib:/usr/lib, java.vm.info=mixed mode, java.vendor=Oracle Corporation, java.vm.version=25.144-b01, hibernate.bytecode.use_reflection_optimizer=false, java.ext.dirs=/usr/lib/jvm/java-8-oracle/jre/lib/ext:/usr/java/packages/lib/ext, sun.io.unicode.encoding=UnicodeLittle, connection.url=jdbc:mysql://localhost:3306/HikerWebsiteDB, java.class.version=52.0}
[DEBUG] 2018-10-19 10:42:02.896 [main] TypeSafeActivator - Unable to acquire Bean Validation ValidatorFactory, skipping activation
[DEBUG] 2018-10-19 10:42:02.898 [main] JaccIntegrator - Skipping JACC integration as it was not enabled
[DEBUG] 2018-10-19 10:42:03.097 [main] SessionFactoryImpl - Instantiated session factory
[DEBUG] 2018-10-19 10:42:04.990 [main] ClassLoaderAccessImpl - Not known whether passed class name [edu.matc.entity.HikerAccount] is safe
[DEBUG] 2018-10-19 10:42:04.990 [main] ClassLoaderAccessImpl - No temp ClassLoader provided; using live ClassLoader for loading potentially unsafe class : edu.matc.entity.HikerAccount
[DEBUG] 2018-10-19 10:42:07.102 [main] ClassLoaderAccessImpl - Not known whether passed class name [edu.matc.entity.HikerAccount] is safe
[DEBUG] 2018-10-19 10:42:07.105 [main] ClassLoaderAccessImpl - No temp ClassLoader provided; using live ClassLoader for loading potentially unsafe class : edu.matc.entity.HikerAccount
[DEBUG] 2018-10-19 10:43:25.320 [main] ClassLoaderAccessImpl - Not known whether passed class name [edu.matc.entity.HikingTrails] is safe
[DEBUG] 2018-10-19 10:43:25.327 [main] ClassLoaderAccessImpl - No temp ClassLoader provided; using live ClassLoader for loading potentially unsafe class : edu.matc.entity.HikingTrails
[DEBUG] 2018-10-19 10:43:25.329 [main] ClassLoaderAccessImpl - Not known whether passed class name [edu.matc.entity.HikingTrails] is safe
[DEBUG] 2018-10-19 10:43:25.329 [main] ClassLoaderAccessImpl - No temp ClassLoader provided; using live ClassLoader for loading potentially unsafe class : edu.matc.entity.HikingTrails
