[DEBUG] 2018-10-31 20:25:03.833 [main] HikerAccountDao - Searching for {}c
[DEBUG] 2018-10-31 20:25:04.259 [main] HikingTrailDao - Searching for HikingTrail with trailHeadName = TrailHead2
[DEBUG] 2018-10-31 20:25:04.337 [main] HikingTrailDao - Searching for HikingTrail with trailDescription = t
[DEBUG] 2018-10-31 20:30:37.910 [main] HikerAccountDao - Searching for {}c
[DEBUG] 2018-10-31 20:30:38.471 [main] HikingTrailDao - Searching for HikingTrail with trailHeadName = TrailHead2
[DEBUG] 2018-10-31 20:30:38.539 [main] HikingTrailDao - Searching for HikingTrail with trailDescription = t
[DEBUG] 2018-10-31 20:42:27.877 [main] HikerAccountDao - Searching for {}c
[DEBUG] 2018-10-31 20:42:28.292 [main] HikingTrailDao - Searching for HikingTrail with trailHeadName = TrailHead2
[DEBUG] 2018-10-31 20:42:28.311 [main] HikingTrailDao - Searching for HikingTrail with trailDescription = t
[DEBUG] 2018-10-31 20:49:33.793 [main] HikerAccountDao - Searching for {}c
[DEBUG] 2018-10-31 20:49:34.335 [main] HikingTrailDao - Searching for HikingTrail with trailHeadName = TrailHead2
[DEBUG] 2018-10-31 20:49:34.382 [main] HikingTrailDao - Searching for HikingTrail with trailDescription = t
[DEBUG] 2018-10-31 20:55:47.678 [main] HikerAccountDao - Searching for {}c
[DEBUG] 2018-10-31 20:55:48.210 [main] HikingTrailDao - Searching for HikingTrail with trailHeadName = TrailHead2
[DEBUG] 2018-10-31 20:55:48.291 [main] HikingTrailDao - Searching for HikingTrail with trailDescription = t
[DEBUG] 2018-10-31 20:56:59.092 [main] HikerAccountDao - Searching for {}c
[DEBUG] 2018-10-31 20:56:59.658 [main] HikingTrailDao - Searching for HikingTrail with trailHeadName = TrailHead2
[DEBUG] 2018-10-31 20:56:59.710 [main] HikingTrailDao - Searching for HikingTrail with trailDescription = t
[DEBUG] 2018-10-31 21:09:04.253 [main] GenericDao - Searching for order with trailHeadName = TrailHead2
[DEBUG] 2018-10-31 21:09:20.894 [main] GenericDao - Searching for HikingTrail with trailDescription = t
[DEBUG] 2018-10-31 21:17:59.323 [main] GenericDao - Searching for HikingTrail with lastName = c
[DEBUG] 2018-10-31 21:18:17.449 [main] GenericDao - Searching for HikingTrail with lastName = c
[DEBUG] 2018-11-03 21:45:26.030 [main] GenericDao - Searching for HikingTrail with lastName = c
[DEBUG] 2018-11-03 21:47:09.798 [main] GenericDao - Searching for HikingTrail with lastName = c
[DEBUG] 2018-11-03 21:47:12.277 [main] GenericDao - Searching for order with trailHeadName = TrailHead2
[DEBUG] 2018-11-03 21:47:12.437 [main] GenericDao - Searching for HikingTrail with trailDescription = t
[DEBUG] 2018-11-03 22:18:17.879 [main] GenericDao - Searching for HikingTrail with lastName = c
[DEBUG] 2018-11-03 22:18:20.123 [main] GenericDao - Searching for order with trailHeadName = TrailHead2
[DEBUG] 2018-11-03 22:18:20.327 [main] GenericDao - Searching for HikingTrail with trailDescription = t
[DEBUG] 2018-11-03 22:24:43.246 [main] GenericDao - Searching for HikingTrail with lastName = c
[DEBUG] 2018-11-03 22:24:45.711 [main] GenericDao - Searching for order with trailHeadName = TrailHead2
[DEBUG] 2018-11-03 22:24:45.928 [main] GenericDao - Searching for HikingTrail with trailDescription = t
[DEBUG] 2018-11-03 22:27:58.660 [main] GenericDao - Searching for HikingTrail with lastName = c
[DEBUG] 2018-11-03 22:28:00.459 [main] GenericDao - Searching for order with trailHeadName = TrailHead2
[DEBUG] 2018-11-03 22:28:00.681 [main] GenericDao - Searching for HikingTrail with trailDescription = t
[DEBUG] 2018-11-03 22:30:42.179 [main] GenericDao - Searching for HikingTrail with lastName = c
[DEBUG] 2018-11-03 22:30:44.599 [main] GenericDao - Searching for order with trailHeadName = TrailHead2
[DEBUG] 2018-11-03 22:30:44.807 [main] GenericDao - Searching for HikingTrail with trailDescription = t
[DEBUG] 2018-11-03 22:33:57.733 [main] GenericDao - Searching for HikingTrail with lastName = c
[DEBUG] 2018-11-03 22:34:00.719 [main] GenericDao - Searching for order with trailHeadName = TrailHead2
[DEBUG] 2018-11-03 22:34:00.988 [main] GenericDao - Searching for HikingTrail with trailDescription = t
[DEBUG] 2018-11-04 13:42:04.347 [main] GenericDao - Searching for HikingTrail with lastName = c
[DEBUG] 2018-11-04 13:42:07.999 [main] GenericDao - Searching for order with trailHeadName = TrailHead2
[DEBUG] 2018-11-04 13:42:08.018 [main] GenericDao - Searching for HikingTrail with trailDescription = t
[DEBUG] 2018-11-04 13:47:51.010 [main] GenericDao - Searching for HikingTrail with lastName = c
[DEBUG] 2018-11-04 13:47:51.494 [main] GenericDao - Searching for order with trailHeadName = TrailHead2
[DEBUG] 2018-11-04 13:47:51.583 [main] GenericDao - Searching for HikingTrail with trailDescription = t
[DEBUG] 2018-11-04 14:02:41.076 [main] GenericDao - Searching for HikingTrail with lastName = c
[DEBUG] 2018-11-04 14:02:41.483 [main] GenericDao - Searching for order with trailHeadName = TrailHead2
[DEBUG] 2018-11-04 14:02:41.498 [main] GenericDao - Searching for HikingTrail with trailDescription = t
[DEBUG] 2018-11-04 14:05:44.228 [main] GenericDao - Searching for HikingTrail with lastName = c
[DEBUG] 2018-11-04 14:05:44.565 [main] GenericDao - Searching for order with trailHeadName = TrailHead2
[DEBUG] 2018-11-04 14:05:44.582 [main] GenericDao - Searching for HikingTrail with trailDescription = t
[DEBUG] 2018-11-04 14:06:49.399 [main] GenericDao - Searching for HikingTrail with lastName = c
[DEBUG] 2018-11-04 14:06:49.784 [main] GenericDao - Searching for order with trailHeadName = TrailHead2
[DEBUG] 2018-11-04 14:06:49.800 [main] GenericDao - Searching for HikingTrail with trailDescription = t
[DEBUG] 2018-11-04 14:08:34.766 [main] GenericDao - Searching for HikingTrail with lastName = c
[DEBUG] 2018-11-04 14:08:35.185 [main] GenericDao - Searching for order with trailHeadName = TrailHead2
[DEBUG] 2018-11-04 14:08:35.232 [main] GenericDao - Searching for HikingTrail with trailDescription = t
[DEBUG] 2018-11-04 14:11:52.800 [main] GenericDao - Searching for HikingTrail with lastName = c
[DEBUG] 2018-11-04 14:11:53.218 [main] GenericDao - Searching for order with trailHeadName = TrailHead2
[DEBUG] 2018-11-04 14:11:53.269 [main] GenericDao - Searching for HikingTrail with trailDescription = t
[DEBUG] 2018-11-04 14:20:49.782 [main] GenericDao - Searching for HikingTrail with lastName = c
[DEBUG] 2018-11-04 14:20:50.244 [main] GenericDao - Searching for order with trailHeadName = TrailHead2
[DEBUG] 2018-11-04 14:20:50.266 [main] GenericDao - Searching for HikingTrail with trailDescription = t
[DEBUG] 2018-11-04 14:22:22.269 [main] GenericDao - Searching for HikingTrail with lastName = c
[DEBUG] 2018-11-04 14:22:22.623 [main] GenericDao - Searching for order with trailHeadName = TrailHead2
[DEBUG] 2018-11-04 14:22:22.643 [main] GenericDao - Searching for HikingTrail with trailDescription = t
[DEBUG] 2018-11-04 14:25:03.743 [main] GenericDao - Searching for HikingTrail with lastName = c
[DEBUG] 2018-11-04 14:25:04.200 [main] GenericDao - Searching for order with trailHeadName = TrailHead2
[DEBUG] 2018-11-04 14:25:04.243 [main] GenericDao - Searching for HikingTrail with trailDescription = t
[DEBUG] 2018-11-04 14:27:04.286 [main] GenericDao - Searching for HikingTrail with lastName = c
[DEBUG] 2018-11-04 14:27:04.649 [main] GenericDao - Searching for order with trailHeadName = TrailHead2
[DEBUG] 2018-11-04 14:27:04.664 [main] GenericDao - Searching for HikingTrail with trailDescription = t
[DEBUG] 2018-11-04 14:30:29.543 [main] GenericDao - Searching for HikingTrail with lastName = c
[DEBUG] 2018-11-04 14:30:29.905 [main] GenericDao - Searching for order with trailHeadName = TrailHead2
[DEBUG] 2018-11-04 14:30:29.981 [main] GenericDao - Searching for HikingTrail with trailDescription = t
[DEBUG] 2018-11-04 14:31:45.419 [main] GenericDao - Searching for HikingTrail with lastName = c
[DEBUG] 2018-11-04 14:31:45.801 [main] GenericDao - Searching for order with trailHeadName = TrailHead2
[DEBUG] 2018-11-04 14:31:45.817 [main] GenericDao - Searching for HikingTrail with trailDescription = t
[DEBUG] 2018-11-04 14:36:22.379 [main] GenericDao - Searching for HikingTrail with lastName = c
[DEBUG] 2018-11-04 14:36:22.763 [main] GenericDao - Searching for order with trailHeadName = TrailHead2
[DEBUG] 2018-11-04 14:36:22.815 [main] GenericDao - Searching for HikingTrail with trailDescription = t
[DEBUG] 2018-11-04 14:37:54.017 [main] GenericDao - Searching for HikingTrail with lastName = c
[DEBUG] 2018-11-04 14:37:54.417 [main] GenericDao - Searching for order with trailHeadName = TrailHead2
[DEBUG] 2018-11-04 14:37:54.453 [main] GenericDao - Searching for HikingTrail with trailDescription = t
[DEBUG] 2018-11-04 14:39:09.173 [main] GenericDao - Searching for HikingTrail with lastName = c
[DEBUG] 2018-11-04 14:39:09.511 [main] GenericDao - Searching for order with trailHeadName = TrailHead2
[DEBUG] 2018-11-04 14:39:09.527 [main] GenericDao - Searching for HikingTrail with trailDescription = t
[DEBUG] 2018-11-04 14:44:19.230 [main] GenericDao - Searching for HikingTrail with lastName = c
[DEBUG] 2018-11-04 14:44:19.638 [main] GenericDao - Searching for order with trailHeadName = TrailHead2
[DEBUG] 2018-11-04 14:44:19.672 [main] GenericDao - Searching for HikingTrail with trailDescription = t
[DEBUG] 2018-11-04 14:45:03.344 [main] GenericDao - Searching for HikingTrail with lastName = c
[DEBUG] 2018-11-04 14:45:03.814 [main] GenericDao - Searching for order with trailHeadName = TrailHead2
[DEBUG] 2018-11-04 14:45:03.837 [main] GenericDao - Searching for HikingTrail with trailDescription = t
[DEBUG] 2018-11-04 14:47:18.211 [main] GenericDao - Searching for HikingTrail with lastName = c
[DEBUG] 2018-11-04 14:47:18.594 [main] GenericDao - Searching for order with trailHeadName = TrailHead2
[DEBUG] 2018-11-04 14:47:18.621 [main] GenericDao - Searching for HikingTrail with trailDescription = t
[DEBUG] 2018-11-04 14:54:19.602 [main] GenericDao - Searching for HikingTrail with lastName = c
[DEBUG] 2018-11-04 14:54:19.997 [main] GenericDao - Searching for order with trailHeadName = TrailHead2
[DEBUG] 2018-11-04 14:54:20.052 [main] GenericDao - Searching for HikingTrail with trailDescription = t
[DEBUG] 2018-11-04 14:56:14.373 [main] GenericDao - Searching for HikingTrail with lastName = c
[DEBUG] 2018-11-04 14:56:14.820 [main] GenericDao - Searching for order with trailHeadName = TrailHead2
[DEBUG] 2018-11-04 14:56:14.903 [main] GenericDao - Searching for HikingTrail with trailDescription = t
[DEBUG] 2018-11-04 14:57:51.248 [main] GenericDao - Searching for HikingTrail with lastName = c
[DEBUG] 2018-11-04 14:57:51.563 [main] GenericDao - Searching for order with trailHeadName = TrailHead2
[DEBUG] 2018-11-04 14:57:51.580 [main] GenericDao - Searching for HikingTrail with trailDescription = t
[DEBUG] 2018-11-04 14:59:41.570 [main] GenericDao - Searching for HikingTrail with lastName = c
[DEBUG] 2018-11-04 14:59:41.904 [main] GenericDao - Searching for order with trailHeadName = TrailHead2
[DEBUG] 2018-11-04 14:59:41.931 [main] GenericDao - Searching for HikingTrail with trailDescription = t
[DEBUG] 2018-11-04 15:11:51.558 [main] GenericDao - Searching for HikingTrail with lastName = c
[DEBUG] 2018-11-04 15:11:51.966 [main] GenericDao - Searching for order with trailHeadName = TrailHead2
[DEBUG] 2018-11-04 15:11:52.022 [main] GenericDao - Searching for HikingTrail with trailDescription = t
[DEBUG] 2018-11-04 20:27:22.436 [main] GenericDao - Searching for HikingTrail with lastName = c
[DEBUG] 2018-11-04 20:27:25.915 [main] GenericDao - Searching for order with trailHeadName = TrailHead2
[DEBUG] 2018-11-04 20:27:26.183 [main] GenericDao - Searching for HikingTrail with trailDescription = t
[DEBUG] 2018-11-04 20:33:09.607 [main] GenericDao - Searching for HikingTrail with lastName = c
[DEBUG] 2018-11-04 20:33:12.305 [main] GenericDao - Searching for order with trailHeadName = TrailHead2
[DEBUG] 2018-11-04 20:33:12.695 [main] GenericDao - Searching for HikingTrail with trailDescription = t
[DEBUG] 2018-11-04 21:08:43.204 [main] GenericDao - Searching for HikingTrail with lastName = c
[DEBUG] 2018-11-04 21:08:45.106 [main] GenericDao - Searching for order with trailHeadName = TrailHead2
[DEBUG] 2018-11-04 21:08:45.301 [main] GenericDao - Searching for HikingTrail with trailDescription = t
[DEBUG] 2018-11-04 21:11:25.104 [main] GenericDao - Searching for HikingTrail with lastName = c
[DEBUG] 2018-11-04 21:11:27.730 [main] GenericDao - Searching for order with trailHeadName = TrailHead2
[DEBUG] 2018-11-04 21:11:27.913 [main] GenericDao - Searching for HikingTrail with trailDescription = t
[DEBUG] 2018-11-04 21:31:24.956 [main] GenericDao - Searching for HikingTrail with lastName = c
[DEBUG] 2018-11-04 21:31:28.259 [main] GenericDao - Searching for order with trailHeadName = TrailHead2
[DEBUG] 2018-11-04 21:31:28.487 [main] GenericDao - Searching for HikingTrail with trailDescription = t
[DEBUG] 2018-11-04 21:35:27.754 [main] GenericDao - Searching for HikingTrail with lastName = c
[DEBUG] 2018-11-04 21:35:30.525 [main] GenericDao - Searching for order with trailHeadName = TrailHead2
[DEBUG] 2018-11-04 21:35:30.800 [main] GenericDao - Searching for HikingTrail with trailDescription = t
[DEBUG] 2018-11-04 22:50:58.960 [main] GenericDao - Searching for HikingTrail with lastName = c
[DEBUG] 2018-11-04 22:51:01.913 [main] GenericDao - Searching for order with trailHeadName = TrailHead2
[DEBUG] 2018-11-04 22:51:02.199 [main] GenericDao - Searching for HikingTrail with trailDescription = t
[DEBUG] 2018-11-04 23:04:13.684 [main] GenericDao - Searching for HikingTrail with lastName = c
[DEBUG] 2018-11-04 23:04:16.222 [main] GenericDao - Searching for order with trailHeadName = TrailHead2
[DEBUG] 2018-11-04 23:04:16.487 [main] GenericDao - Searching for HikingTrail with trailDescription = t
[DEBUG] 2018-11-04 23:09:13.871 [main] GenericDao - Searching for HikingTrail with lastName = c
[DEBUG] 2018-11-04 23:09:16.057 [main] GenericDao - Searching for order with trailHeadName = TrailHead2
[DEBUG] 2018-11-04 23:09:16.212 [main] GenericDao - Searching for HikingTrail with trailDescription = t
[DEBUG] 2018-11-04 23:14:49.927 [main] GenericDao - Searching for HikingTrail with lastName = c
[DEBUG] 2018-11-04 23:14:52.238 [main] GenericDao - Searching for order with trailHeadName = TrailHead2
[DEBUG] 2018-11-04 23:14:52.378 [main] GenericDao - Searching for HikingTrail with trailDescription = t
[DEBUG] 2018-11-04 23:20:39.630 [main] GenericDao - Searching for HikingTrail with lastName = c
[DEBUG] 2018-11-04 23:20:42.408 [main] GenericDao - Searching for order with trailHeadName = TrailHead2
[DEBUG] 2018-11-04 23:20:42.662 [main] GenericDao - Searching for HikingTrail with trailDescription = t
[DEBUG] 2018-11-04 23:25:07.694 [main] GenericDao - Searching for HikingTrail with lastName = c
[DEBUG] 2018-11-04 23:25:10.589 [main] GenericDao - Searching for order with trailHeadName = TrailHead2
[DEBUG] 2018-11-04 23:25:10.781 [main] GenericDao - Searching for HikingTrail with trailDescription = t
[DEBUG] 2018-11-04 23:28:04.319 [main] GenericDao - Searching for HikingTrail with lastName = c
[DEBUG] 2018-11-04 23:28:06.599 [main] GenericDao - Searching for order with trailHeadName = TrailHead2
[DEBUG] 2018-11-04 23:28:06.675 [main] GenericDao - Searching for HikingTrail with trailDescription = t
[DEBUG] 2018-11-05 20:13:50.438 [main] GenericDao - Searching for HikingTrail with lastName = c
[DEBUG] 2018-11-05 20:13:54.831 [main] GenericDao - Searching for order with trailHeadName = TrailHead2
[DEBUG] 2018-11-05 20:13:55.224 [main] GenericDao - Searching for HikingTrail with trailDescription = t
[DEBUG] 2018-11-05 22:21:02.244 [main] GenericDao - Searching for HikingTrail with lastName = c
[DEBUG] 2018-11-05 22:21:06.654 [main] GenericDao - Searching for order with trailHeadName = TrailHead2
[DEBUG] 2018-11-05 22:21:06.997 [main] GenericDao - Searching for HikingTrail with trailDescription = t
[DEBUG] 2018-11-05 23:24:41.793 [main] GenericDao - Searching for HikingTrail with lastName = c
[DEBUG] 2018-11-05 23:24:46.713 [main] GenericDao - Searching for order with trailHeadName = TrailHead2
[DEBUG] 2018-11-05 23:24:46.943 [main] GenericDao - Searching for HikingTrail with trailDescription = t
[DEBUG] 2018-11-05 23:55:10.255 [main] GenericDao - Searching for HikingTrail with lastName = c
[DEBUG] 2018-11-05 23:55:15.545 [main] GenericDao - Searching for order with trailHeadName = TrailHead2
[DEBUG] 2018-11-05 23:55:15.879 [main] GenericDao - Searching for HikingTrail with trailDescription = t
[DEBUG] 2018-11-06 00:19:23.020 [main] GenericDao - Searching for HikingTrail with lastName = c
[DEBUG] 2018-11-06 00:19:25.631 [main] GenericDao - Searching for order with trailHeadName = TrailHead2
[DEBUG] 2018-11-06 00:19:25.828 [main] GenericDao - Searching for HikingTrail with trailDescription = t
